#
# There is insufficient memory for the Java Runtime Environment to continue.
# Native memory allocation (malloc) failed to allocate 866896 bytes. Error detail: Chunk::new
# Possible reasons:
#   The system is out of physical RAM or swap space
#   This process is running with CompressedOops enabled, and the Java Heap may be blocking the growth of the native heap
# Possible solutions:
#   Reduce memory load on the system
#   Increase physical memory or swap space
#   Check if swap backing store is full
#   Decrease Java heap size (-Xmx/-Xms)
#   Decrease number of Java threads
#   Decrease Java thread stack sizes (-Xss)
#   Set larger code cache with -XX:ReservedCodeCacheSize=
#   JVM is running with Unscaled Compressed Oops mode in which the Java heap is
#     placed in the first 4GB address space. The Java Heap base address is the
#     maximum limit for the native heap growth. Please use -XX:HeapBaseMinAddress
#     to set the Java Heap base and to place the Java Heap above 4GB virtual address.
# This output file may be truncated or incomplete.
#
#  Out of Memory Error (arena.cpp:168), pid=12020, tid=14964
#
# JRE version: OpenJDK Runtime Environment Temurin-21.0.6+7 (21.0.6+7) (build 21.0.6+7-LTS)
# Java VM: OpenJDK 64-Bit Server VM Temurin-21.0.6+7 (21.0.6+7-LTS, mixed mode, sharing, tiered, compressed oops, compressed class ptrs, parallel gc, windows-amd64)
# No core dump will be written. Minidumps are not enabled by default on client versions of Windows
#

---------------  S U M M A R Y ------------

Command Line: --add-modules=ALL-SYSTEM --add-opens=java.base/java.util=ALL-UNNAMED --add-opens=java.base/java.lang=ALL-UNNAMED --add-opens=java.base/sun.nio.fs=ALL-UNNAMED -Declipse.application=org.eclipse.jdt.ls.core.id1 -Dosgi.bundles.defaultStartLevel=4 -Declipse.product=org.eclipse.jdt.ls.core.product -Djava.import.generatesMetadataFilesAtProjectRoot=false -DDetectVMInstallationsJob.disabled=true -Dfile.encoding=utf8 -XX:+UseParallelGC -XX:GCTimeRatio=4 -XX:AdaptiveSizePolicyWeight=90 -Dsun.zip.disableMemoryMapping=true -Xmx1G -Xms100m -Xlog:disable -javaagent:c:\Users\Hansana Mihiran\.vscode\extensions\redhat.java-1.41.1-win32-x64\lombok\lombok-1.18.36.jar -XX:+HeapDumpOnOutOfMemoryError -XX:HeapDumpPath=c:\Users\Hansana Mihiran\AppData\Roaming\Code\User\workspaceStorage\903c224f59da275f132b5a150b1eac4c\redhat.java -Daether.dependencyCollector.impl=bf c:\Users\Hansana Mihiran\.vscode\extensions\redhat.java-1.41.1-win32-x64\server\plugins\org.eclipse.equinox.launcher_1.7.0.v20250331-1702.jar -configuration c:\Users\Hansana Mihiran\AppData\Roaming\Code\User\globalStorage\redhat.java\1.41.1\config_win -data c:\Users\Hansana Mihiran\AppData\Roaming\Code\User\workspaceStorage\903c224f59da275f132b5a150b1eac4c\redhat.java\jdt_ws --pipe=\\.\pipe\lsp-3d7082f60be4a9951b9a4ca4f9ddd3a5-sock

Host: 11th Gen Intel(R) Core(TM) i3-1115G4 @ 3.00GHz, 4 cores, 3G,  Windows 11 , 64 bit Build 22621 (10.0.22621.4974)
Time: Fri Apr 25 22:21:34 2025 Sri Lanka Standard Time elapsed time: 155.269788 seconds (0d 0h 2m 35s)

---------------  T H R E A D  ---------------

Current thread (0x000002145c31e170):  JavaThread "C2 CompilerThread0" daemon [_thread_in_native, id=14964, stack(0x000000bb19200000,0x000000bb19300000) (1024K)]


Current CompileTask:
C2:155270 8750       4       org.eclipse.jdt.internal.compiler.lookup.BinaryTypeBinding::createMethod (1720 bytes)

Stack: [0x000000bb19200000,0x000000bb19300000]
Native frames: (J=compiled Java code, j=interpreted, Vv=VM code, C=native code)
V  [jvm.dll+0x6cdee9]
V  [jvm.dll+0x8a83d1]
V  [jvm.dll+0x8aa8fe]
V  [jvm.dll+0x8aafe3]
V  [jvm.dll+0x27f706]
V  [jvm.dll+0xc500d]
V  [jvm.dll+0xc5543]
V  [jvm.dll+0x3b6752]
V  [jvm.dll+0x382935]
V  [jvm.dll+0x381d9a]
V  [jvm.dll+0x2479f0]
V  [jvm.dll+0x246fcf]
V  [jvm.dll+0x1c75ee]
V  [jvm.dll+0x25685a]
V  [jvm.dll+0x254dfa]
V  [jvm.dll+0x3f0256]
V  [jvm.dll+0x851f8b]
V  [jvm.dll+0x6cc5ed]
C  [ucrtbase.dll+0x29333]
C  [KERNEL32.DLL+0x1259d]
C  [ntdll.dll+0x5af38]


---------------  P R O C E S S  ---------------

Threads class SMR info:
_java_thread_list=0x000002146376bcb0, length=45, elements={
0x0000021447fdc770, 0x000002145c30bbc0, 0x000002145c30d9d0, 0x000002145c310360,
0x000002145c314190, 0x000002145c31a890, 0x000002145c31b8f0, 0x000002145c31e170,
0x000002145c31ecb0, 0x000002145d0dc910, 0x000002145d354a60, 0x000002145c3c76c0,
0x000002145c3554e0, 0x000002145d44b830, 0x000002145d1c1660, 0x000002145d89f0e0,
0x00000214624d5a10, 0x000002145db05570, 0x000002145db06920, 0x000002145db034a0,
0x000002145db05c00, 0x000002145db06290, 0x000002145db03b30, 0x000002145db041c0,
0x000002145db04ee0, 0x000002145db04850, 0x00000214635073f0, 0x00000214635094c0,
0x0000021463508e30, 0x0000021463509b50, 0x0000021463507a80, 0x0000021463508110,
0x000002146350a1e0, 0x00000214635087a0, 0x000002146d9162e0, 0x000002146d914f30,
0x000002146d9134f0, 0x000002146d911420, 0x000002146d912e60, 0x000002146d913b80,
0x000002146d9127d0, 0x000002146d916970, 0x000002146d917000, 0x000002146d910070,
0x000002146d914210
}

Java Threads: ( => current thread )
  0x0000021447fdc770 JavaThread "main"                              [_thread_blocked, id=8076, stack(0x000000bb18800000,0x000000bb18900000) (1024K)]
  0x000002145c30bbc0 JavaThread "Reference Handler"          daemon [_thread_blocked, id=8712, stack(0x000000bb18c00000,0x000000bb18d00000) (1024K)]
  0x000002145c30d9d0 JavaThread "Finalizer"                  daemon [_thread_blocked, id=7940, stack(0x000000bb18d00000,0x000000bb18e00000) (1024K)]
  0x000002145c310360 JavaThread "Signal Dispatcher"          daemon [_thread_blocked, id=8056, stack(0x000000bb18e00000,0x000000bb18f00000) (1024K)]
  0x000002145c314190 JavaThread "Attach Listener"            daemon [_thread_blocked, id=5952, stack(0x000000bb18f00000,0x000000bb19000000) (1024K)]
  0x000002145c31a890 JavaThread "Service Thread"             daemon [_thread_blocked, id=14988, stack(0x000000bb19000000,0x000000bb19100000) (1024K)]
  0x000002145c31b8f0 JavaThread "Monitor Deflation Thread"   daemon [_thread_blocked, id=14504, stack(0x000000bb19100000,0x000000bb19200000) (1024K)]
=>0x000002145c31e170 JavaThread "C2 CompilerThread0"         daemon [_thread_in_native, id=14964, stack(0x000000bb19200000,0x000000bb19300000) (1024K)]
  0x000002145c31ecb0 JavaThread "C1 CompilerThread0"         daemon [_thread_blocked, id=15244, stack(0x000000bb19300000,0x000000bb19400000) (1024K)]
  0x000002145d0dc910 JavaThread "Common-Cleaner"             daemon [_thread_blocked, id=3744, stack(0x000000bb19400000,0x000000bb19500000) (1024K)]
  0x000002145d354a60 JavaThread "Notification Thread"        daemon [_thread_blocked, id=9860, stack(0x000000bb19500000,0x000000bb19600000) (1024K)]
  0x000002145c3c76c0 JavaThread "Active Thread: Equinox Container: 8877a6b9-19ca-46a0-8ad2-199d40ee46d8"        [_thread_blocked, id=10920, stack(0x000000bb19900000,0x000000bb19a00000) (1024K)]
  0x000002145c3554e0 JavaThread "Refresh Thread: Equinox Container: 8877a6b9-19ca-46a0-8ad2-199d40ee46d8" daemon [_thread_blocked, id=12152, stack(0x000000bb19a00000,0x000000bb19b00000) (1024K)]
  0x000002145d44b830 JavaThread "Framework Event Dispatcher: Equinox Container: 8877a6b9-19ca-46a0-8ad2-199d40ee46d8" daemon [_thread_blocked, id=4312, stack(0x000000bb19b00000,0x000000bb19c00000) (1024K)]
  0x000002145d1c1660 JavaThread "Start Level: Equinox Container: 8877a6b9-19ca-46a0-8ad2-199d40ee46d8" daemon [_thread_blocked, id=14408, stack(0x000000bb19c00000,0x000000bb19d00000) (1024K)]
  0x000002145d89f0e0 JavaThread "Bundle File Closer"         daemon [_thread_blocked, id=10216, stack(0x000000bb19d00000,0x000000bb19e00000) (1024K)]
  0x00000214624d5a10 JavaThread "SCR Component Actor"        daemon [_thread_blocked, id=13628, stack(0x000000bb18500000,0x000000bb18600000) (1024K)]
  0x000002145db05570 JavaThread "Worker-JM"                         [_thread_blocked, id=7104, stack(0x000000bb18700000,0x000000bb18800000) (1024K)]
  0x000002145db06920 JavaThread "JNA Cleaner"                daemon [_thread_blocked, id=16316, stack(0x000000bb19f00000,0x000000bb1a000000) (1024K)]
  0x000002145db034a0 JavaThread "Worker-0: Building"                [_thread_blocked, id=15452, stack(0x000000bb1a000000,0x000000bb1a100000) (1024K)]
  0x000002145db05c00 JavaThread "Worker-1"                          [_thread_blocked, id=14936, stack(0x000000bb1a100000,0x000000bb1a200000) (1024K)]
  0x000002145db06290 JavaThread "Worker-2"                          [_thread_blocked, id=2400, stack(0x000000bb1a200000,0x000000bb1a300000) (1024K)]
  0x000002145db03b30 JavaThread "Java indexing"              daemon [_thread_blocked, id=14844, stack(0x000000bb1a300000,0x000000bb1a400000) (1024K)]
  0x000002145db041c0 JavaThread "Worker-3"                          [_thread_blocked, id=11384, stack(0x000000bb1a400000,0x000000bb1a500000) (1024K)]
  0x000002145db04ee0 JavaThread "Worker-4"                          [_thread_blocked, id=10152, stack(0x000000bb1a500000,0x000000bb1a600000) (1024K)]
  0x000002145db04850 JavaThread "Thread-2"                   daemon [_thread_in_native, id=280, stack(0x000000bb1a600000,0x000000bb1a700000) (1024K)]
  0x00000214635073f0 JavaThread "Thread-3"                   daemon [_thread_in_native, id=10464, stack(0x000000bb1a700000,0x000000bb1a800000) (1024K)]
  0x00000214635094c0 JavaThread "Thread-4"                   daemon [_thread_in_native, id=15456, stack(0x000000bb1a800000,0x000000bb1a900000) (1024K)]
  0x0000021463508e30 JavaThread "Thread-5"                   daemon [_thread_in_native, id=11872, stack(0x000000bb1a900000,0x000000bb1aa00000) (1024K)]
  0x0000021463509b50 JavaThread "Thread-6"                   daemon [_thread_in_native, id=14248, stack(0x000000bb1aa00000,0x000000bb1ab00000) (1024K)]
  0x0000021463507a80 JavaThread "pool-2-thread-1"                   [_thread_blocked, id=5104, stack(0x000000bb1ab00000,0x000000bb1ac00000) (1024K)]
  0x0000021463508110 JavaThread "WorkspaceEventsHandler"            [_thread_blocked, id=13200, stack(0x000000bb1ac00000,0x000000bb1ad00000) (1024K)]
  0x000002146350a1e0 JavaThread "pool-1-thread-1"                   [_thread_blocked, id=13780, stack(0x000000bb1ad00000,0x000000bb1ae00000) (1024K)]
  0x00000214635087a0 JavaThread "Worker-5"                          [_thread_blocked, id=8636, stack(0x000000bb1ae00000,0x000000bb1af00000) (1024K)]
  0x000002146d9162e0 JavaThread "pool-3-thread-1"                   [_thread_blocked, id=10796, stack(0x000000bb18600000,0x000000bb18700000) (1024K)]
  0x000002146d914f30 JavaThread "Framework stop - Equinox Container: 8877a6b9-19ca-46a0-8ad2-199d40ee46d8"        [_thread_blocked, id=2444, stack(0x000000bb1b100000,0x000000bb1b200000) (1024K)]
  0x000002146d9134f0 JavaThread "LocalFile Deleter"          daemon [_thread_blocked, id=10540, stack(0x000000bb1b300000,0x000000bb1b400000) (1024K)]
  0x000002146d911420 JavaThread "LocalFile Deleter"          daemon [_thread_blocked, id=15764, stack(0x000000bb1b400000,0x000000bb1b500000) (1024K)]
  0x000002146d912e60 JavaThread "LocalFile Deleter"          daemon [_thread_blocked, id=14412, stack(0x000000bb1b500000,0x000000bb1b600000) (1024K)]
  0x000002146d913b80 JavaThread "LocalFile Deleter"          daemon [_thread_blocked, id=9048, stack(0x000000bb1b600000,0x000000bb1b700000) (1024K)]
  0x000002146d9127d0 JavaThread "Compiler Source File Reader" daemon [_thread_blocked, id=13580, stack(0x000000bb1b700000,0x000000bb1b800000) (1024K)]
  0x000002146d916970 JavaThread "Compiler Source File Reader" daemon [_thread_blocked, id=10388, stack(0x000000bb1b800000,0x000000bb1b900000) (1024K)]
  0x000002146d917000 JavaThread "Compiler Processing Task"   daemon [_thread_blocked, id=14520, stack(0x000000bb19e00000,0x000000bb19f00000) (1024K)]
  0x000002146d910070 JavaThread "Compiler Class File Writer" daemon [_thread_blocked, id=16308, stack(0x000000bb1b200000,0x000000bb1b300000) (1024K)]
  0x000002146d914210 JavaThread "Compiler Class File Writer" daemon [_thread_blocked, id=6756, stack(0x000000bb1b900000,0x000000bb1ba00000) (1024K)]
Total: 45

Other Threads:
  0x000002144809d480 VMThread "VM Thread"                           [id=1932, stack(0x000000bb18b00000,0x000000bb18c00000) (1024K)]
  0x000002144804afc0 WatcherThread "VM Periodic Task Thread"        [id=12524, stack(0x000000bb18a00000,0x000000bb18b00000) (1024K)]
  0x0000021447ffcec0 WorkerThread "GC Thread#0"                     [id=4884, stack(0x000000bb18900000,0x000000bb18a00000) (1024K)]
  0x000002145d5be060 WorkerThread "GC Thread#1"                     [id=2208, stack(0x000000bb19600000,0x000000bb19700000) (1024K)]
  0x000002145d6c0560 WorkerThread "GC Thread#2"                     [id=3084, stack(0x000000bb19700000,0x000000bb19800000) (1024K)]
  0x000002145d6c0900 WorkerThread "GC Thread#3"                     [id=10912, stack(0x000000bb19800000,0x000000bb19900000) (1024K)]
Total: 6

Threads with active compile tasks:
C2 CompilerThread0  155401 8750       4       org.eclipse.jdt.internal.compiler.lookup.BinaryTypeBinding::createMethod (1720 bytes)
C1 CompilerThread0  155401 8785       3       org.eclipse.jdt.internal.core.builder.NameSet::add (81 bytes)
Total: 2

VM state: at safepoint (normal execution)

VM Mutex/Monitor currently owned by a thread:  ([mutex/lock_event])
[0x00007ff8ed98e380] Threads_lock - owner thread: 0x000002144809d480
[0x00007ff8ed98e480] Heap_lock - owner thread: 0x000002146d917000

Heap address: 0x00000000c0000000, size: 1024 MB, Compressed Oops mode: 32-bit

CDS archive(s) mapped at: [0x0000021400000000-0x0000021400ba0000-0x0000021400ba0000), size 12189696, SharedBaseAddress: 0x0000021400000000, ArchiveRelocationMode: 1.
Compressed class space mapped at: 0x0000021401000000-0x0000021441000000, reserved size: 1073741824
Narrow klass base: 0x0000021400000000, Narrow klass shift: 0, Narrow klass range: 0x100000000

GC Precious Log:
 CardTable entry size: 512
 CPUs: 4 total, 4 available
 Memory: 3790M
 Large Page Support: Disabled
 NUMA Support: Disabled
 Compressed Oops: Enabled (32-bit)
 Alignments: Space 512K, Generation 512K, Heap 2M
 Heap Min Capacity: 100M
 Heap Initial Capacity: 100M
 Heap Max Capacity: 1G
 Pre-touch: Disabled
 Parallel Workers: 4

Heap:
 PSYoungGen      total 3072K, used 3042K [0x00000000eab00000, 0x00000000eaf80000, 0x0000000100000000)
  eden space 2560K, 100% used [0x00000000eab00000,0x00000000ead80000,0x00000000ead80000)
  from space 512K, 94% used [0x00000000eae00000,0x00000000eae78970,0x00000000eae80000)
  to   space 1024K, 43% used [0x00000000eae80000,0x00000000eaef0000,0x00000000eaf80000)
 ParOldGen       total 286208K, used 285879K [0x00000000c0000000, 0x00000000d1780000, 0x00000000eab00000)
  object space 286208K, 99% used [0x00000000c0000000,0x00000000d172ddb8,0x00000000d1780000)
 Metaspace       used 54815K, committed 56128K, reserved 1114112K
  class space    used 5728K, committed 6336K, reserved 1048576K

Card table byte_map: [0x0000021447980000,0x0000021447b90000] _byte_map_base: 0x0000021447380000

Marking Bits: (ParMarkBitMap*) 0x00007ff8ed993260
 Begin Bits: [0x000002145a1d0000, 0x000002145b1d0000)
 End Bits:   [0x000002145b1d0000, 0x000002145c1d0000)

Polling page: 0x0000021445d80000

Metaspace:

Usage:
  Non-class:     47.94 MB used.
      Class:      5.59 MB used.
       Both:     53.53 MB used.

Virtual space:
  Non-class space:       64.00 MB reserved,      48.62 MB ( 76%) committed,  1 nodes.
      Class space:        1.00 GB reserved,       6.19 MB ( <1%) committed,  1 nodes.
             Both:        1.06 GB reserved,      54.81 MB (  5%) committed. 

Chunk freelists:
   Non-Class:  14.78 MB
       Class:  9.86 MB
        Both:  24.64 MB

MaxMetaspaceSize: unlimited
CompressedClassSpaceSize: 1.00 GB
Initial GC threshold: 21.00 MB
Current GC threshold: 58.38 MB
CDS: on
 - commit_granule_bytes: 65536.
 - commit_granule_words: 8192.
 - virtual_space_node_default_size: 8388608.
 - enlarge_chunks_in_place: 1.
 - use_allocation_guard: 0.


Internal statistics:

num_allocs_failed_limit: 6.
num_arena_births: 1090.
num_arena_deaths: 14.
num_vsnodes_births: 2.
num_vsnodes_deaths: 0.
num_space_committed: 877.
num_space_uncommitted: 0.
num_chunks_returned_to_freelist: 20.
num_chunks_taken_from_freelist: 3635.
num_chunk_merges: 12.
num_chunk_splits: 2251.
num_chunks_enlarged: 1268.
num_inconsistent_stats: 0.

CodeHeap 'non-profiled nmethods': size=120000Kb used=5895Kb max_used=5895Kb free=114104Kb
 bounds [0x0000021452ca0000, 0x0000021453270000, 0x000002145a1d0000]
CodeHeap 'profiled nmethods': size=120000Kb used=17865Kb max_used=17865Kb free=102134Kb
 bounds [0x000002144b1d0000, 0x000002144c350000, 0x0000021452700000]
CodeHeap 'non-nmethods': size=5760Kb used=1419Kb max_used=1449Kb free=4340Kb
 bounds [0x0000021452700000, 0x0000021452970000, 0x0000021452ca0000]
 total_blobs=8826 nmethods=8106 adapters=626
 compilation: enabled
              stopped_count=0, restarted_count=0
 full_count=0

Compilation events (20 events):
Event: 154.680 Thread 0x000002145c31ecb0 8758   !   3       lombok.eclipse.EclipseAST::$SWITCH_TABLE$lombok$core$AST$Kind (157 bytes)
Event: 154.681 Thread 0x000002145c31ecb0 nmethod 8758 0x000002144c330c90 code [0x000002144c330ea0, 0x000002144c331540]
Event: 154.681 Thread 0x000002145c31ecb0 8760       3       org.eclipse.jdt.internal.compiler.lookup.SplitPackageBinding::getPackage0 (109 bytes)
Event: 154.682 Thread 0x000002145c31ecb0 nmethod 8760 0x000002144c331810 code [0x000002144c331b20, 0x000002144c332e90]
Event: 154.682 Thread 0x000002145c31ecb0 8759       3       lombok.core.TypeLibrary::toQualifieds (81 bytes)
Event: 154.682 Thread 0x000002145c31ecb0 nmethod 8759 0x000002144c333590 code [0x000002144c333860, 0x000002144c334808]
Event: 154.683 Thread 0x000002145c31ecb0 8761   !   3       org.eclipse.jdt.internal.core.builder.ClasspathJar::findClass (122 bytes)
Event: 154.683 Thread 0x000002145c31ecb0 nmethod 8761 0x000002144c334c90 code [0x000002144c334ec0, 0x000002144c3356a0]
Event: 154.683 Thread 0x000002145c31ecb0 8762       3       org.eclipse.jdt.internal.compiler.classfmt.ClassFileReader::read (7 bytes)
Event: 154.683 Thread 0x000002145c31ecb0 nmethod 8762 0x000002144c335a90 code [0x000002144c335c40, 0x000002144c335d60]
Event: 154.686 Thread 0x000002145c31ecb0 8764       3       org.eclipse.jdt.internal.compiler.lookup.BinaryTypeBinding::createTypeVariables (359 bytes)
Event: 154.687 Thread 0x000002145c31ecb0 nmethod 8764 0x000002144c335e10 code [0x000002144c336140, 0x000002144c337778]
Event: 154.705 Thread 0x000002145c31ecb0 8765       3       org.eclipse.jdt.internal.compiler.lookup.Scope::environment (8 bytes)
Event: 154.706 Thread 0x000002145c31ecb0 nmethod 8765 0x000002144c338010 code [0x000002144c3381a0, 0x000002144c3382b8]
Event: 154.706 Thread 0x000002145c31ecb0 8766       3       org.eclipse.jdt.internal.compiler.ast.ImportReference::isStatic (14 bytes)
Event: 154.706 Thread 0x000002145c31ecb0 nmethod 8766 0x000002144c338390 code [0x000002144c338540, 0x000002144c3386b8]
Event: 154.723 Thread 0x000002145c31ecb0 8767       1       org.eclipse.jdt.internal.compiler.lookup.ModuleBinding::nameForLookup (5 bytes)
Event: 154.723 Thread 0x000002145c31ecb0 nmethod 8767 0x0000021453261090 code [0x0000021453261220, 0x00000214532612e8]
Event: 154.733 Thread 0x000002145c31ecb0 8768       1       com.sun.jna.internal.Cleaner$CleanerRef::getPrevious (5 bytes)
Event: 154.733 Thread 0x000002145c31ecb0 nmethod 8768 0x0000021453261390 code [0x0000021453261520, 0x00000214532615e8]

GC Heap History (20 events):
Event: 147.872 GC heap before
{Heap before GC invocations=218 (full 2):
 PSYoungGen      total 3584K, used 3411K [0x00000000eab00000, 0x00000000eaf80000, 0x0000000100000000)
  eden space 2560K, 99% used [0x00000000eab00000,0x00000000ead7fc08,0x00000000ead80000)
  from space 1024K, 83% used [0x00000000ead80000,0x00000000eae550c8,0x00000000eae80000)
  to   space 1024K, 0% used [0x00000000eae80000,0x00000000eae80000,0x00000000eaf80000)
 ParOldGen       total 282624K, used 282232K [0x00000000c0000000, 0x00000000d1400000, 0x00000000eab00000)
  object space 282624K, 99% used [0x00000000c0000000,0x00000000d139e008,0x00000000d1400000)
 Metaspace       used 52474K, committed 53760K, reserved 1114112K
  class space    used 5503K, committed 6080K, reserved 1048576K
}
Event: 147.873 GC heap after
{Heap after GC invocations=218 (full 2):
 PSYoungGen      total 3584K, used 917K [0x00000000eab00000, 0x00000000eaf80000, 0x0000000100000000)
  eden space 2560K, 0% used [0x00000000eab00000,0x00000000eab00000,0x00000000ead80000)
  from space 1024K, 89% used [0x00000000eae80000,0x00000000eaf655e8,0x00000000eaf80000)
  to   space 1024K, 0% used [0x00000000ead80000,0x00000000ead80000,0x00000000eae80000)
 ParOldGen       total 283136K, used 283047K [0x00000000c0000000, 0x00000000d1480000, 0x00000000eab00000)
  object space 283136K, 99% used [0x00000000c0000000,0x00000000d1469cd0,0x00000000d1480000)
 Metaspace       used 52474K, committed 53760K, reserved 1114112K
  class space    used 5503K, committed 6080K, reserved 1048576K
}
Event: 149.045 GC heap before
{Heap before GC invocations=219 (full 2):
 PSYoungGen      total 3584K, used 3477K [0x00000000eab00000, 0x00000000eaf80000, 0x0000000100000000)
  eden space 2560K, 100% used [0x00000000eab00000,0x00000000ead80000,0x00000000ead80000)
  from space 1024K, 89% used [0x00000000eae80000,0x00000000eaf655e8,0x00000000eaf80000)
  to   space 1024K, 0% used [0x00000000ead80000,0x00000000ead80000,0x00000000eae80000)
 ParOldGen       total 283136K, used 283047K [0x00000000c0000000, 0x00000000d1480000, 0x00000000eab00000)
  object space 283136K, 99% used [0x00000000c0000000,0x00000000d1469cd0,0x00000000d1480000)
 Metaspace       used 53027K, committed 54272K, reserved 1114112K
  class space    used 5528K, committed 6080K, reserved 1048576K
}
Event: 149.243 GC heap after
{Heap after GC invocations=219 (full 2):
 PSYoungGen      total 3584K, used 605K [0x00000000eab00000, 0x00000000eaf80000, 0x0000000100000000)
  eden space 2560K, 0% used [0x00000000eab00000,0x00000000eab00000,0x00000000ead80000)
  from space 1024K, 59% used [0x00000000ead80000,0x00000000eae17698,0x00000000eae80000)
  to   space 1024K, 0% used [0x00000000eae80000,0x00000000eae80000,0x00000000eaf80000)
 ParOldGen       total 284160K, used 283890K [0x00000000c0000000, 0x00000000d1580000, 0x00000000eab00000)
  object space 284160K, 99% used [0x00000000c0000000,0x00000000d153cb20,0x00000000d1580000)
 Metaspace       used 53027K, committed 54272K, reserved 1114112K
  class space    used 5528K, committed 6080K, reserved 1048576K
}
Event: 149.655 GC heap before
{Heap before GC invocations=220 (full 2):
 PSYoungGen      total 3584K, used 3165K [0x00000000eab00000, 0x00000000eaf80000, 0x0000000100000000)
  eden space 2560K, 100% used [0x00000000eab00000,0x00000000ead80000,0x00000000ead80000)
  from space 1024K, 59% used [0x00000000ead80000,0x00000000eae17698,0x00000000eae80000)
  to   space 1024K, 0% used [0x00000000eae80000,0x00000000eae80000,0x00000000eaf80000)
 ParOldGen       total 284160K, used 283890K [0x00000000c0000000, 0x00000000d1580000, 0x00000000eab00000)
  object space 284160K, 99% used [0x00000000c0000000,0x00000000d153cb20,0x00000000d1580000)
 Metaspace       used 53203K, committed 54528K, reserved 1114112K
  class space    used 5547K, committed 6144K, reserved 1048576K
}
Event: 149.662 GC heap after
{Heap after GC invocations=220 (full 2):
 PSYoungGen      total 3072K, used 160K [0x00000000eab00000, 0x00000000eaf00000, 0x0000000100000000)
  eden space 2560K, 0% used [0x00000000eab00000,0x00000000eab00000,0x00000000ead80000)
  from space 512K, 31% used [0x00000000eae80000,0x00000000eaea8000,0x00000000eaf00000)
  to   space 512K, 0% used [0x00000000eae00000,0x00000000eae00000,0x00000000eae80000)
 ParOldGen       total 284672K, used 284427K [0x00000000c0000000, 0x00000000d1600000, 0x00000000eab00000)
  object space 284672K, 99% used [0x00000000c0000000,0x00000000d15c2d68,0x00000000d1600000)
 Metaspace       used 53203K, committed 54528K, reserved 1114112K
  class space    used 5547K, committed 6144K, reserved 1048576K
}
Event: 150.159 GC heap before
{Heap before GC invocations=221 (full 2):
 PSYoungGen      total 3072K, used 2683K [0x00000000eab00000, 0x00000000eaf00000, 0x0000000100000000)
  eden space 2560K, 98% used [0x00000000eab00000,0x00000000ead76da0,0x00000000ead80000)
  from space 512K, 31% used [0x00000000eae80000,0x00000000eaea8000,0x00000000eaf00000)
  to   space 512K, 0% used [0x00000000eae00000,0x00000000eae00000,0x00000000eae80000)
 ParOldGen       total 284672K, used 284427K [0x00000000c0000000, 0x00000000d1600000, 0x00000000eab00000)
  object space 284672K, 99% used [0x00000000c0000000,0x00000000d15c2d68,0x00000000d1600000)
 Metaspace       used 53412K, committed 54656K, reserved 1114112K
  class space    used 5570K, committed 6144K, reserved 1048576K
}
Event: 150.162 GC heap after
{Heap after GC invocations=221 (full 2):
 PSYoungGen      total 3072K, used 237K [0x00000000eab00000, 0x00000000eaf00000, 0x0000000100000000)
  eden space 2560K, 0% used [0x00000000eab00000,0x00000000eab00000,0x00000000ead80000)
  from space 512K, 46% used [0x00000000eae00000,0x00000000eae3b400,0x00000000eae80000)
  to   space 512K, 0% used [0x00000000eae80000,0x00000000eae80000,0x00000000eaf00000)
 ParOldGen       total 284672K, used 284535K [0x00000000c0000000, 0x00000000d1600000, 0x00000000eab00000)
  object space 284672K, 99% used [0x00000000c0000000,0x00000000d15ddc40,0x00000000d1600000)
 Metaspace       used 53412K, committed 54656K, reserved 1114112K
  class space    used 5570K, committed 6144K, reserved 1048576K
}
Event: 150.427 GC heap before
{Heap before GC invocations=222 (full 2):
 PSYoungGen      total 3072K, used 2761K [0x00000000eab00000, 0x00000000eaf00000, 0x0000000100000000)
  eden space 2560K, 98% used [0x00000000eab00000,0x00000000ead771b0,0x00000000ead80000)
  from space 512K, 46% used [0x00000000eae00000,0x00000000eae3b400,0x00000000eae80000)
  to   space 512K, 0% used [0x00000000eae80000,0x00000000eae80000,0x00000000eaf00000)
 ParOldGen       total 284672K, used 284535K [0x00000000c0000000, 0x00000000d1600000, 0x00000000eab00000)
  object space 284672K, 99% used [0x00000000c0000000,0x00000000d15ddc40,0x00000000d1600000)
 Metaspace       used 53552K, committed 54784K, reserved 1114112K
  class space    used 5586K, committed 6144K, reserved 1048576K
}
Event: 150.515 GC heap after
{Heap after GC invocations=222 (full 2):
 PSYoungGen      total 3072K, used 224K [0x00000000eab00000, 0x00000000eaf00000, 0x0000000100000000)
  eden space 2560K, 0% used [0x00000000eab00000,0x00000000eab00000,0x00000000ead80000)
  from space 512K, 43% used [0x00000000eae80000,0x00000000eaeb8000,0x00000000eaf00000)
  to   space 512K, 0% used [0x00000000eae00000,0x00000000eae00000,0x00000000eae80000)
 ParOldGen       total 284672K, used 284637K [0x00000000c0000000, 0x00000000d1600000, 0x00000000eab00000)
  object space 284672K, 99% used [0x00000000c0000000,0x00000000d15f75a0,0x00000000d1600000)
 Metaspace       used 53552K, committed 54784K, reserved 1114112K
  class space    used 5586K, committed 6144K, reserved 1048576K
}
Event: 150.933 GC heap before
{Heap before GC invocations=223 (full 2):
 PSYoungGen      total 3072K, used 2784K [0x00000000eab00000, 0x00000000eaf00000, 0x0000000100000000)
  eden space 2560K, 100% used [0x00000000eab00000,0x00000000ead80000,0x00000000ead80000)
  from space 512K, 43% used [0x00000000eae80000,0x00000000eaeb8000,0x00000000eaf00000)
  to   space 512K, 0% used [0x00000000eae00000,0x00000000eae00000,0x00000000eae80000)
 ParOldGen       total 284672K, used 284637K [0x00000000c0000000, 0x00000000d1600000, 0x00000000eab00000)
  object space 284672K, 99% used [0x00000000c0000000,0x00000000d15f75a0,0x00000000d1600000)
 Metaspace       used 53803K, committed 55104K, reserved 1114112K
  class space    used 5610K, committed 6208K, reserved 1048576K
}
Event: 150.938 GC heap after
{Heap after GC invocations=223 (full 2):
 PSYoungGen      total 3072K, used 224K [0x00000000eab00000, 0x00000000eaf00000, 0x0000000100000000)
  eden space 2560K, 0% used [0x00000000eab00000,0x00000000eab00000,0x00000000ead80000)
  from space 512K, 43% used [0x00000000eae00000,0x00000000eae38000,0x00000000eae80000)
  to   space 512K, 0% used [0x00000000eae80000,0x00000000eae80000,0x00000000eaf00000)
 ParOldGen       total 285184K, used 284781K [0x00000000c0000000, 0x00000000d1680000, 0x00000000eab00000)
  object space 285184K, 99% used [0x00000000c0000000,0x00000000d161b5c0,0x00000000d1680000)
 Metaspace       used 53803K, committed 55104K, reserved 1114112K
  class space    used 5610K, committed 6208K, reserved 1048576K
}
Event: 151.966 GC heap before
{Heap before GC invocations=224 (full 2):
 PSYoungGen      total 3072K, used 2784K [0x00000000eab00000, 0x00000000eaf00000, 0x0000000100000000)
  eden space 2560K, 100% used [0x00000000eab00000,0x00000000ead80000,0x00000000ead80000)
  from space 512K, 43% used [0x00000000eae00000,0x00000000eae38000,0x00000000eae80000)
  to   space 512K, 0% used [0x00000000eae80000,0x00000000eae80000,0x00000000eaf00000)
 ParOldGen       total 285184K, used 284781K [0x00000000c0000000, 0x00000000d1680000, 0x00000000eab00000)
  object space 285184K, 99% used [0x00000000c0000000,0x00000000d161b5c0,0x00000000d1680000)
 Metaspace       used 53982K, committed 55232K, reserved 1114112K
  class space    used 5624K, committed 6208K, reserved 1048576K
}
Event: 151.970 GC heap after
{Heap after GC invocations=224 (full 2):
 PSYoungGen      total 3072K, used 352K [0x00000000eab00000, 0x00000000eaf00000, 0x0000000100000000)
  eden space 2560K, 0% used [0x00000000eab00000,0x00000000eab00000,0x00000000ead80000)
  from space 512K, 68% used [0x00000000eae80000,0x00000000eaed8000,0x00000000eaf00000)
  to   space 512K, 0% used [0x00000000eae00000,0x00000000eae00000,0x00000000eae80000)
 ParOldGen       total 285184K, used 284949K [0x00000000c0000000, 0x00000000d1680000, 0x00000000eab00000)
  object space 285184K, 99% used [0x00000000c0000000,0x00000000d16455c0,0x00000000d1680000)
 Metaspace       used 53982K, committed 55232K, reserved 1114112K
  class space    used 5624K, committed 6208K, reserved 1048576K
}
Event: 152.599 GC heap before
{Heap before GC invocations=225 (full 2):
 PSYoungGen      total 3072K, used 2909K [0x00000000eab00000, 0x00000000eaf00000, 0x0000000100000000)
  eden space 2560K, 99% used [0x00000000eab00000,0x00000000ead7f778,0x00000000ead80000)
  from space 512K, 68% used [0x00000000eae80000,0x00000000eaed8000,0x00000000eaf00000)
  to   space 512K, 0% used [0x00000000eae00000,0x00000000eae00000,0x00000000eae80000)
 ParOldGen       total 285184K, used 284949K [0x00000000c0000000, 0x00000000d1680000, 0x00000000eab00000)
  object space 285184K, 99% used [0x00000000c0000000,0x00000000d16455c0,0x00000000d1680000)
 Metaspace       used 54207K, committed 55488K, reserved 1114112K
  class space    used 5638K, committed 6208K, reserved 1048576K
}
Event: 152.815 GC heap after
{Heap after GC invocations=225 (full 2):
 PSYoungGen      total 3072K, used 416K [0x00000000eab00000, 0x00000000eaf00000, 0x0000000100000000)
  eden space 2560K, 0% used [0x00000000eab00000,0x00000000eab00000,0x00000000ead80000)
  from space 512K, 81% used [0x00000000eae00000,0x00000000eae68020,0x00000000eae80000)
  to   space 512K, 0% used [0x00000000eae80000,0x00000000eae80000,0x00000000eaf00000)
 ParOldGen       total 285696K, used 285197K [0x00000000c0000000, 0x00000000d1700000, 0x00000000eab00000)
  object space 285696K, 99% used [0x00000000c0000000,0x00000000d16835c0,0x00000000d1700000)
 Metaspace       used 54207K, committed 55488K, reserved 1114112K
  class space    used 5638K, committed 6208K, reserved 1048576K
}
Event: 154.133 GC heap before
{Heap before GC invocations=226 (full 2):
 PSYoungGen      total 3072K, used 2976K [0x00000000eab00000, 0x00000000eaf00000, 0x0000000100000000)
  eden space 2560K, 99% used [0x00000000eab00000,0x00000000ead7fff8,0x00000000ead80000)
  from space 512K, 81% used [0x00000000eae00000,0x00000000eae68020,0x00000000eae80000)
  to   space 512K, 0% used [0x00000000eae80000,0x00000000eae80000,0x00000000eaf00000)
 ParOldGen       total 285696K, used 285197K [0x00000000c0000000, 0x00000000d1700000, 0x00000000eab00000)
  object space 285696K, 99% used [0x00000000c0000000,0x00000000d16835c0,0x00000000d1700000)
 Metaspace       used 54555K, committed 55872K, reserved 1114112K
  class space    used 5676K, committed 6272K, reserved 1048576K
}
Event: 154.135 GC heap after
{Heap after GC invocations=226 (full 2):
 PSYoungGen      total 3072K, used 256K [0x00000000eab00000, 0x00000000eaf00000, 0x0000000100000000)
  eden space 2560K, 0% used [0x00000000eab00000,0x00000000eab00000,0x00000000ead80000)
  from space 512K, 50% used [0x00000000eae80000,0x00000000eaec0000,0x00000000eaf00000)
  to   space 512K, 0% used [0x00000000eae00000,0x00000000eae00000,0x00000000eae80000)
 ParOldGen       total 285696K, used 285535K [0x00000000c0000000, 0x00000000d1700000, 0x00000000eab00000)
  object space 285696K, 99% used [0x00000000c0000000,0x00000000d16d7db8,0x00000000d1700000)
 Metaspace       used 54555K, committed 55872K, reserved 1114112K
  class space    used 5676K, committed 6272K, reserved 1048576K
}
Event: 154.336 GC heap before
{Heap before GC invocations=227 (full 2):
 PSYoungGen      total 3072K, used 2815K [0x00000000eab00000, 0x00000000eaf00000, 0x0000000100000000)
  eden space 2560K, 99% used [0x00000000eab00000,0x00000000ead7ff38,0x00000000ead80000)
  from space 512K, 50% used [0x00000000eae80000,0x00000000eaec0000,0x00000000eaf00000)
  to   space 512K, 0% used [0x00000000eae00000,0x00000000eae00000,0x00000000eae80000)
 ParOldGen       total 285696K, used 285535K [0x00000000c0000000, 0x00000000d1700000, 0x00000000eab00000)
  object space 285696K, 99% used [0x00000000c0000000,0x00000000d16d7db8,0x00000000d1700000)
 Metaspace       used 54713K, committed 56064K, reserved 1114112K
  class space    used 5716K, committed 6336K, reserved 1048576K
}
Event: 154.549 GC heap after
{Heap after GC invocations=227 (full 2):
 PSYoungGen      total 3072K, used 482K [0x00000000eab00000, 0x00000000eaf80000, 0x0000000100000000)
  eden space 2560K, 0% used [0x00000000eab00000,0x00000000eab00000,0x00000000ead80000)
  from space 512K, 94% used [0x00000000eae00000,0x00000000eae78970,0x00000000eae80000)
  to   space 1024K, 0% used [0x00000000eae80000,0x00000000eae80000,0x00000000eaf80000)
 ParOldGen       total 285696K, used 285679K [0x00000000c0000000, 0x00000000d1700000, 0x00000000eab00000)
  object space 285696K, 99% used [0x00000000c0000000,0x00000000d16fbdb8,0x00000000d1700000)
 Metaspace       used 54713K, committed 56064K, reserved 1114112K
  class space    used 5716K, committed 6336K, reserved 1048576K
}

Dll operation events (10 events):
Event: 0.193 Loaded shared library c:\Users\Hansana Mihiran\.vscode\extensions\redhat.java-1.41.1-win32-x64\jre\21.0.6-win32-x86_64\bin\java.dll
Event: 1.516 Loaded shared library c:\Users\Hansana Mihiran\.vscode\extensions\redhat.java-1.41.1-win32-x64\jre\21.0.6-win32-x86_64\bin\zip.dll
Event: 1.563 Loaded shared library C:\Users\Hansana Mihiran\.vscode\extensions\redhat.java-1.41.1-win32-x64\jre\21.0.6-win32-x86_64\bin\instrument.dll
Event: 1.574 Loaded shared library C:\Users\Hansana Mihiran\.vscode\extensions\redhat.java-1.41.1-win32-x64\jre\21.0.6-win32-x86_64\bin\net.dll
Event: 1.576 Loaded shared library C:\Users\Hansana Mihiran\.vscode\extensions\redhat.java-1.41.1-win32-x64\jre\21.0.6-win32-x86_64\bin\nio.dll
Event: 1.583 Loaded shared library C:\Users\Hansana Mihiran\.vscode\extensions\redhat.java-1.41.1-win32-x64\jre\21.0.6-win32-x86_64\bin\zip.dll
Event: 1.702 Loaded shared library C:\Users\Hansana Mihiran\.vscode\extensions\redhat.java-1.41.1-win32-x64\jre\21.0.6-win32-x86_64\bin\jimage.dll
Event: 1.992 Loaded shared library c:\Users\Hansana Mihiran\.vscode\extensions\redhat.java-1.41.1-win32-x64\jre\21.0.6-win32-x86_64\bin\verify.dll
Event: 43.028 Loaded shared library C:\Users\Hansana Mihiran\AppData\Roaming\Code\User\globalStorage\redhat.java\1.41.1\config_win\org.eclipse.equinox.launcher\org.eclipse.equinox.launcher.win32.win32.x86_64_1.2.1300.v20250331-1702\eclipse_11911.dll
Event: 99.685 Loaded shared library C:\Users\Hansana Mihiran\AppData\Local\Temp\jna--92599912\jna3941033084362168885.dll

Deoptimization events (20 events):
Event: 154.582 Thread 0x000002146d917000 Uncommon trap: trap_request=0xffffffd6 fr.pc=0x000002145325d800 relative=0x0000000000000620
Event: 154.582 Thread 0x000002146d917000 Uncommon trap: reason=array_check action=maybe_recompile pc=0x000002145325d800 method=java.util.TimSort.binarySort([Ljava/lang/Object;IIILjava/util/Comparator;)V @ 183 c2
Event: 154.582 Thread 0x000002146d917000 DEOPT PACKING pc=0x000002145325d800 sp=0x000000bb19efdf70
Event: 154.582 Thread 0x000002146d917000 DEOPT UNPACKING pc=0x0000021452756da2 sp=0x000000bb19efdf08 mode 2
Event: 154.584 Thread 0x000002146d917000 Uncommon trap: trap_request=0xffffffd6 fr.pc=0x000002145325d6fc relative=0x000000000000051c
Event: 154.584 Thread 0x000002146d917000 Uncommon trap: reason=array_check action=maybe_recompile pc=0x000002145325d6fc method=java.util.TimSort.binarySort([Ljava/lang/Object;IIILjava/util/Comparator;)V @ 193 c2
Event: 154.584 Thread 0x000002146d917000 DEOPT PACKING pc=0x000002145325d6fc sp=0x000000bb19efdde0
Event: 154.584 Thread 0x000002146d917000 DEOPT UNPACKING pc=0x0000021452756da2 sp=0x000000bb19efdd78 mode 2
Event: 154.587 Thread 0x000002146d917000 Uncommon trap: trap_request=0xffffffd6 fr.pc=0x000002145325d6fc relative=0x000000000000051c
Event: 154.587 Thread 0x000002146d917000 Uncommon trap: reason=array_check action=maybe_recompile pc=0x000002145325d6fc method=java.util.TimSort.binarySort([Ljava/lang/Object;IIILjava/util/Comparator;)V @ 193 c2
Event: 154.587 Thread 0x000002146d917000 DEOPT PACKING pc=0x000002145325d6fc sp=0x000000bb19efdd20
Event: 154.587 Thread 0x000002146d917000 DEOPT UNPACKING pc=0x0000021452756da2 sp=0x000000bb19efdcb8 mode 2
Event: 154.609 Thread 0x000002146d917000 Uncommon trap: trap_request=0xffffff45 fr.pc=0x0000021452cedd74 relative=0x00000000000004f4
Event: 154.609 Thread 0x000002146d917000 Uncommon trap: reason=unstable_if action=reinterpret pc=0x0000021452cedd74 method=java.util.HashMap.getNode(Ljava/lang/Object;)Ljava/util/HashMap$Node; @ 131 c2
Event: 154.609 Thread 0x000002146d917000 DEOPT PACKING pc=0x0000021452cedd74 sp=0x000000bb19efe600
Event: 154.609 Thread 0x000002146d917000 DEOPT UNPACKING pc=0x0000021452756da2 sp=0x000000bb19efe4b0 mode 2
Event: 154.675 Thread 0x000002146d917000 Uncommon trap: trap_request=0xffffffd6 fr.pc=0x000002145325f634 relative=0x0000000000001134
Event: 154.675 Thread 0x000002146d917000 Uncommon trap: reason=array_check action=maybe_recompile pc=0x000002145325f634 method=java.util.TimSort.binarySort([Ljava/lang/Object;IIILjava/util/Comparator;)V @ 215 c2
Event: 154.675 Thread 0x000002146d917000 DEOPT PACKING pc=0x000002145325f634 sp=0x000000bb19efeaf0
Event: 154.675 Thread 0x000002146d917000 DEOPT UNPACKING pc=0x0000021452756da2 sp=0x000000bb19efe9f0 mode 2

Classes loaded (20 events):
Event: 139.463 Loading class sun/nio/ch/WindowsAsynchronousFileChannelImpl$WriteTask
Event: 139.465 Loading class sun/nio/ch/WindowsAsynchronousFileChannelImpl$WriteTask done
Event: 143.304 Loading class java/util/Vector$1
Event: 143.304 Loading class java/util/Vector$1 done
Event: 145.839 Loading class java/util/regex/Pattern$Caret
Event: 145.839 Loading class java/util/regex/Pattern$Caret done
Event: 146.260 Loading class java/util/regex/Pattern$LazyLoop
Event: 146.260 Loading class java/util/regex/Pattern$LazyLoop done
Event: 150.715 Loading class java/util/stream/ReduceOps$4
Event: 150.729 Loading class java/util/stream/ReduceOps$4 done
Event: 150.840 Loading class java/util/stream/ReduceOps$4ReducingSink
Event: 150.841 Loading class java/util/stream/ReduceOps$4ReducingSink done
Event: 150.854 Loading class java/nio/file/Files$2
Event: 150.860 Loading class java/nio/file/Files$2 done
Event: 152.183 Loading class java/util/concurrent/ArrayBlockingQueue
Event: 152.209 Loading class java/util/concurrent/ArrayBlockingQueue done
Event: 154.177 Loading class java/util/Hashtable$ValueCollection
Event: 154.178 Loading class java/util/Hashtable$ValueCollection done
Event: 154.199 Loading class java/util/concurrent/ConcurrentHashMap$KeySpliterator
Event: 154.200 Loading class java/util/concurrent/ConcurrentHashMap$KeySpliterator done

Classes unloaded (7 events):
Event: 101.611 Thread 0x000002144809d480 Unloading class 0x0000021401196c00 'java/lang/invoke/LambdaForm$MH+0x0000021401196c00'
Event: 101.611 Thread 0x000002144809d480 Unloading class 0x0000021401196800 'java/lang/invoke/LambdaForm$MH+0x0000021401196800'
Event: 101.611 Thread 0x000002144809d480 Unloading class 0x0000021401196400 'java/lang/invoke/LambdaForm$MH+0x0000021401196400'
Event: 101.611 Thread 0x000002144809d480 Unloading class 0x0000021401196000 'java/lang/invoke/LambdaForm$MH+0x0000021401196000'
Event: 101.611 Thread 0x000002144809d480 Unloading class 0x0000021401195c00 'java/lang/invoke/LambdaForm$BMH+0x0000021401195c00'
Event: 101.611 Thread 0x000002144809d480 Unloading class 0x0000021401195800 'java/lang/invoke/LambdaForm$DMH+0x0000021401195800'
Event: 101.611 Thread 0x000002144809d480 Unloading class 0x0000021401194400 'java/lang/invoke/LambdaForm$DMH+0x0000021401194400'

Classes redefined (0 events):
No events

Internal exceptions (20 events):
Event: 139.104 Thread 0x000002146d914f30 Exception <a 'sun/nio/fs/WindowsException'{0x00000000eae2da60}> (0x00000000eae2da60) 
thrown [s\src\hotspot\share\prims\jni.cpp, line 520]
Event: 139.116 Thread 0x000002146d914f30 Exception <a 'sun/nio/fs/WindowsException'{0x00000000eae57f18}> (0x00000000eae57f18) 
thrown [s\src\hotspot\share\prims\jni.cpp, line 520]
Event: 139.116 Thread 0x000002146d914f30 Exception <a 'sun/nio/fs/WindowsException'{0x00000000eae58768}> (0x00000000eae58768) 
thrown [s\src\hotspot\share\prims\jni.cpp, line 520]
Event: 139.141 Thread 0x000002146d914f30 Exception <a 'sun/nio/fs/WindowsException'{0x00000000eab2de98}> (0x00000000eab2de98) 
thrown [s\src\hotspot\share\prims\jni.cpp, line 520]
Event: 139.348 Thread 0x000002145db034a0 Exception <a 'java/lang/NullPointerException'{0x00000000eab8ba90}> (0x00000000eab8ba90) 
thrown [s\src\hotspot\share\interpreter\linkResolver.cpp, line 1372]
Event: 139.467 Thread 0x000002145db034a0 Exception <a 'java/io/IOException'{0x00000000eac44d00}> (0x00000000eac44d00) 
thrown [s\src\hotspot\share\prims\jni.cpp, line 520]
Event: 139.492 Thread 0x000002145db034a0 Exception <a 'java/io/IOException'{0x00000000eacde6e8}> (0x00000000eacde6e8) 
thrown [s\src\hotspot\share\prims\jni.cpp, line 520]
Event: 140.839 Thread 0x000002145db034a0 Exception <a 'sun/nio/fs/WindowsException'{0x00000000eab2b2a0}> (0x00000000eab2b2a0) 
thrown [s\src\hotspot\share\prims\jni.cpp, line 520]
Event: 140.860 Thread 0x000002146d9134f0 Exception <a 'sun/nio/fs/WindowsException'{0x00000000eab4e600}> (0x00000000eab4e600) 
thrown [s\src\hotspot\share\prims\jni.cpp, line 520]
Event: 140.861 Thread 0x000002146d9134f0 Exception <a 'sun/nio/fs/WindowsException'{0x00000000eab4fbc0}> (0x00000000eab4fbc0) 
thrown [s\src\hotspot\share\prims\jni.cpp, line 520]
Event: 140.862 Thread 0x000002146d9134f0 Exception <a 'sun/nio/fs/WindowsException'{0x00000000eab58cf0}> (0x00000000eab58cf0) 
thrown [s\src\hotspot\share\prims\jni.cpp, line 520]
Event: 140.865 Thread 0x000002146d911420 Exception <a 'sun/nio/fs/WindowsException'{0x00000000eab5ca88}> (0x00000000eab5ca88) 
thrown [s\src\hotspot\share\prims\jni.cpp, line 520]
Event: 140.870 Thread 0x000002146d913b80 Exception <a 'sun/nio/fs/WindowsException'{0x00000000eab644d8}> (0x00000000eab644d8) 
thrown [s\src\hotspot\share\prims\jni.cpp, line 520]
Event: 140.873 Thread 0x000002146d911420 Exception <a 'sun/nio/fs/WindowsException'{0x00000000eab5e6f0}> (0x00000000eab5e6f0) 
thrown [s\src\hotspot\share\prims\jni.cpp, line 520]
Event: 140.877 Thread 0x000002146d913b80 Exception <a 'sun/nio/fs/WindowsException'{0x00000000eab66050}> (0x00000000eab66050) 
thrown [s\src\hotspot\share\prims\jni.cpp, line 520]
Event: 150.181 Thread 0x000002145db034a0 Exception <a 'java/lang/NoSuchMethodError'{0x00000000eab49ad8}: 'java.lang.Object java.lang.invoke.DirectMethodHandle$Holder.invokeStatic(java.lang.Object, java.lang.Object, int, int)'> (0x00000000eab49ad8) 
thrown [s\src\hotspot\share\interpreter\linkResolver.cpp, line 773]
Event: 150.183 Thread 0x000002145db034a0 Exception <a 'java/lang/NoSuchMethodError'{0x00000000eab4dde8}: 'java.lang.Object java.lang.invoke.DirectMethodHandle$Holder.invokeSpecial(java.lang.Object, java.lang.Object, java.lang.Object, int, int)'> (0x00000000eab4dde8) 
thrown [s\src\hotspot\share\interpreter\linkResolver.cpp, line 773]
Event: 150.870 Thread 0x000002145db034a0 Exception <a 'java/lang/NoSuchMethodError'{0x00000000eacf5ff8}: 'int java.lang.invoke.DirectMethodHandle$Holder.invokeSpecialIFC(java.lang.Object, java.lang.Object, java.lang.Object)'> (0x00000000eacf5ff8) 
thrown [s\src\hotspot\share\interpreter\linkResolver.cpp, line 773]
Event: 153.901 Thread 0x000002146d917000 Exception <a 'java/lang/NoSuchMethodError'{0x00000000ead15d58}: 'void java.lang.invoke.DirectMethodHandle$Holder.invokeStatic(java.lang.Object, int, java.lang.Object)'> (0x00000000ead15d58) 
thrown [s\src\hotspot\share\interpreter\linkResolver.cpp, line 773]
Event: 154.206 Thread 0x000002145db034a0 Exception <a 'java/lang/NoSuchMethodError'{0x00000000eabdf978}: 'java.lang.Object java.lang.invoke.DirectMethodHandle$Holder.newInvokeSpecial(java.lang.Object, java.lang.Object, int, int, java.lang.Object)'> (0x00000000eabdf978) 
thrown [s\src\hotspot\share\interpreter\linkResolver.cpp, line 773]

ZGC Phase Switch (0 events):
No events

VM Operations (20 events):
Event: 150.134 Executing VM operation: ParallelGCFailedAllocation (Allocation Failure)
Event: 150.162 Executing VM operation: ParallelGCFailedAllocation (Allocation Failure) done
Event: 150.398 Executing VM operation: ParallelGCFailedAllocation (Allocation Failure)
Event: 150.515 Executing VM operation: ParallelGCFailedAllocation (Allocation Failure) done
Event: 150.732 Executing VM operation: HandshakeAllThreads (Deoptimize)
Event: 150.839 Executing VM operation: HandshakeAllThreads (Deoptimize) done
Event: 150.933 Executing VM operation: ParallelGCFailedAllocation (Allocation Failure)
Event: 150.938 Executing VM operation: ParallelGCFailedAllocation (Allocation Failure) done
Event: 151.940 Executing VM operation: ParallelGCFailedAllocation (Allocation Failure)
Event: 151.970 Executing VM operation: ParallelGCFailedAllocation (Allocation Failure) done
Event: 152.364 Executing VM operation: HandshakeAllThreads (Deoptimize)
Event: 152.562 Executing VM operation: HandshakeAllThreads (Deoptimize) done
Event: 152.563 Executing VM operation: ParallelGCFailedAllocation (Allocation Failure)
Event: 152.815 Executing VM operation: ParallelGCFailedAllocation (Allocation Failure) done
Event: 153.815 Executing VM operation: Cleanup
Event: 153.864 Executing VM operation: Cleanup done
Event: 154.003 Executing VM operation: ParallelGCFailedAllocation (Allocation Failure)
Event: 154.135 Executing VM operation: ParallelGCFailedAllocation (Allocation Failure) done
Event: 154.266 Executing VM operation: ParallelGCFailedAllocation (Allocation Failure)
Event: 154.549 Executing VM operation: ParallelGCFailedAllocation (Allocation Failure) done

Memory protections (0 events):
No events

Nmethod flushes (20 events):
Event: 104.028 Thread 0x000002144809d480 flushing  nmethod 0x000002144b8d3f90
Event: 104.028 Thread 0x000002144809d480 flushing  nmethod 0x000002144b8d4890
Event: 104.028 Thread 0x000002144809d480 flushing  nmethod 0x000002144b8d5a90
Event: 104.028 Thread 0x000002144809d480 flushing  nmethod 0x000002144b8d6790
Event: 104.028 Thread 0x000002144809d480 flushing  nmethod 0x000002144b8d8490
Event: 104.028 Thread 0x000002144809d480 flushing  nmethod 0x000002144b8d8990
Event: 104.028 Thread 0x000002144809d480 flushing  nmethod 0x000002144b8d9290
Event: 104.028 Thread 0x000002144809d480 flushing  nmethod 0x000002144b8d9b10
Event: 104.028 Thread 0x000002144809d480 flushing  nmethod 0x000002144b8db590
Event: 104.028 Thread 0x000002144809d480 flushing  nmethod 0x000002144b8e6910
Event: 104.028 Thread 0x000002144809d480 flushing  nmethod 0x000002144b92ad90
Event: 104.028 Thread 0x000002144809d480 flushing  nmethod 0x000002144b931290
Event: 104.028 Thread 0x000002144809d480 flushing  nmethod 0x000002144b937c90
Event: 104.028 Thread 0x000002144809d480 flushing  nmethod 0x000002144b980d90
Event: 104.028 Thread 0x000002144809d480 flushing  nmethod 0x000002144b9b3410
Event: 104.028 Thread 0x000002144809d480 flushing  nmethod 0x000002144b9d4190
Event: 104.028 Thread 0x000002144809d480 flushing  nmethod 0x000002144b9f9690
Event: 104.028 Thread 0x000002144809d480 flushing  nmethod 0x000002144ba0b910
Event: 104.028 Thread 0x000002144809d480 flushing  nmethod 0x000002144ba0bd90
Event: 104.028 Thread 0x000002144809d480 flushing  nmethod 0x000002144ba25910

Events (20 events):
Event: 104.786 Thread 0x0000021447fdc770 Thread added: 0x000002146350a1e0
Event: 105.491 Thread 0x000002145db034a0 Thread added: 0x00000214635087a0
Event: 106.850 Thread 0x0000021462659c60 Thread exited: 0x0000021462659c60
Event: 114.625 Thread 0x0000021463507a80 Thread added: 0x000002146d9162e0
Event: 137.481 Thread 0x000002145db04ee0 Thread added: 0x000002146d9148a0
Event: 137.525 Thread 0x000002146d9148a0 Thread exited: 0x000002146d9148a0
Event: 138.103 Thread 0x000002145db04ee0 Thread added: 0x000002146d9148a0
Event: 138.136 Thread 0x000002146d9148a0 Thread exited: 0x000002146d9148a0
Event: 138.466 Thread 0x0000021447fdc770 Thread added: 0x000002146d914f30
Event: 138.585 Thread 0x000002146d914f30 Thread added: 0x000002146d910070
Event: 140.857 Thread 0x000002145db034a0 Thread added: 0x000002146d9134f0
Event: 140.861 Thread 0x000002146d9134f0 Thread added: 0x000002146d911420
Event: 140.862 Thread 0x000002146d9134f0 Thread added: 0x000002146d912e60
Event: 140.864 Thread 0x000002146d911420 Thread added: 0x000002146d913b80
Event: 140.986 Thread 0x000002145db034a0 Thread added: 0x000002146d9127d0
Event: 140.986 Thread 0x000002145db034a0 Thread added: 0x000002146d916970
Event: 144.025 Thread 0x000002146d910070 Thread exited: 0x000002146d910070
Event: 152.214 Thread 0x000002145db034a0 Thread added: 0x000002146d917000
Event: 154.208 Thread 0x000002145db034a0 Thread added: 0x000002146d910070
Event: 154.681 Thread 0x000002145db034a0 Thread added: 0x000002146d914210


Dynamic libraries:
0x00007ff66af50000 - 0x00007ff66af5e000 	c:\Users\Hansana Mihiran\.vscode\extensions\redhat.java-1.41.1-win32-x64\jre\21.0.6-win32-x86_64\bin\java.exe
0x00007ff97c610000 - 0x00007ff97c827000 	C:\WINDOWS\SYSTEM32\ntdll.dll
0x00007ff97bd20000 - 0x00007ff97bde4000 	C:\WINDOWS\System32\KERNEL32.DLL
0x00007ff979a30000 - 0x00007ff979e01000 	C:\WINDOWS\System32\KERNELBASE.dll
0x00007ff979fd0000 - 0x00007ff97a0e1000 	C:\WINDOWS\System32\ucrtbase.dll
0x00007ff9634d0000 - 0x00007ff9634e8000 	c:\Users\Hansana Mihiran\.vscode\extensions\redhat.java-1.41.1-win32-x64\jre\21.0.6-win32-x86_64\bin\jli.dll
0x00007ff97b940000 - 0x00007ff97baf1000 	C:\WINDOWS\System32\USER32.dll
0x00007ff97a2b0000 - 0x00007ff97a2d6000 	C:\WINDOWS\System32\win32u.dll
0x00007ff97bdf0000 - 0x00007ff97be19000 	C:\WINDOWS\System32\GDI32.dll
0x00007ff97a190000 - 0x00007ff97a2ab000 	C:\WINDOWS\System32\gdi32full.dll
0x00007ff97a0f0000 - 0x00007ff97a18a000 	C:\WINDOWS\System32\msvcp_win.dll
0x00007ff955d00000 - 0x00007ff955d1e000 	c:\Users\Hansana Mihiran\.vscode\extensions\redhat.java-1.41.1-win32-x64\jre\21.0.6-win32-x86_64\bin\VCRUNTIME140.dll
0x00007ff961ec0000 - 0x00007ff962152000 	C:\WINDOWS\WinSxS\amd64_microsoft.windows.common-controls_6595b64144ccf1df_6.0.22621.4830_none_270fe7d773858e80\COMCTL32.dll
0x00007ff97b230000 - 0x00007ff97b2d7000 	C:\WINDOWS\System32\msvcrt.dll
0x00007ff97c180000 - 0x00007ff97c1b1000 	C:\WINDOWS\System32\IMM32.DLL
0x00007ff969390000 - 0x00007ff96939c000 	c:\Users\Hansana Mihiran\.vscode\extensions\redhat.java-1.41.1-win32-x64\jre\21.0.6-win32-x86_64\bin\vcruntime140_1.dll
0x00007ff9355e0000 - 0x00007ff93566d000 	c:\Users\Hansana Mihiran\.vscode\extensions\redhat.java-1.41.1-win32-x64\jre\21.0.6-win32-x86_64\bin\msvcp140.dll
0x00007ff8ecce0000 - 0x00007ff8eda70000 	c:\Users\Hansana Mihiran\.vscode\extensions\redhat.java-1.41.1-win32-x64\jre\21.0.6-win32-x86_64\bin\server\jvm.dll
0x00007ff97b880000 - 0x00007ff97b931000 	C:\WINDOWS\System32\ADVAPI32.dll
0x00007ff97b7d0000 - 0x00007ff97b877000 	C:\WINDOWS\System32\sechost.dll
0x00007ff979a00000 - 0x00007ff979a28000 	C:\WINDOWS\System32\bcrypt.dll
0x00007ff97a2f0000 - 0x00007ff97a404000 	C:\WINDOWS\System32\RPCRT4.dll
0x00007ff97c1c0000 - 0x00007ff97c231000 	C:\WINDOWS\System32\WS2_32.dll
0x00007ff9705d0000 - 0x00007ff970604000 	C:\WINDOWS\SYSTEM32\WINMM.dll
0x00007ff96f320000 - 0x00007ff96f32a000 	C:\WINDOWS\SYSTEM32\VERSION.dll
0x00007ff978fd0000 - 0x00007ff97901d000 	C:\WINDOWS\SYSTEM32\POWRPROF.dll
0x00007ff978fb0000 - 0x00007ff978fc3000 	C:\WINDOWS\SYSTEM32\UMPDC.dll
0x00007ff978760000 - 0x00007ff978778000 	C:\WINDOWS\SYSTEM32\kernel.appcore.dll
0x00007ff963400000 - 0x00007ff96340a000 	c:\Users\Hansana Mihiran\.vscode\extensions\redhat.java-1.41.1-win32-x64\jre\21.0.6-win32-x86_64\bin\jimage.dll
0x00007ff976a30000 - 0x00007ff976c62000 	C:\WINDOWS\SYSTEM32\DBGHELP.DLL
0x00007ff97c240000 - 0x00007ff97c5d0000 	C:\WINDOWS\System32\combase.dll
0x00007ff97c010000 - 0x00007ff97c0e7000 	C:\WINDOWS\System32\OLEAUT32.dll
0x00007ff95b3a0000 - 0x00007ff95b3d2000 	C:\WINDOWS\SYSTEM32\dbgcore.DLL
0x00007ff979f50000 - 0x00007ff979fcb000 	C:\WINDOWS\System32\bcryptPrimitives.dll
0x00007ff95e4e0000 - 0x00007ff95e4ef000 	c:\Users\Hansana Mihiran\.vscode\extensions\redhat.java-1.41.1-win32-x64\jre\21.0.6-win32-x86_64\bin\instrument.dll
0x00007ff94f750000 - 0x00007ff94f76f000 	c:\Users\Hansana Mihiran\.vscode\extensions\redhat.java-1.41.1-win32-x64\jre\21.0.6-win32-x86_64\bin\java.dll
0x00007ff97a670000 - 0x00007ff97aef8000 	C:\WINDOWS\System32\SHELL32.dll
0x00007ff979e10000 - 0x00007ff979f4f000 	C:\WINDOWS\System32\wintypes.dll
0x00007ff977660000 - 0x00007ff977f6d000 	C:\WINDOWS\SYSTEM32\windows.storage.dll
0x00007ff97bb00000 - 0x00007ff97bc0a000 	C:\WINDOWS\System32\SHCORE.dll
0x00007ff97b2e0000 - 0x00007ff97b33e000 	C:\WINDOWS\System32\shlwapi.dll
0x00007ff979680000 - 0x00007ff9796ab000 	C:\WINDOWS\SYSTEM32\profapi.dll
0x00007ff94bb40000 - 0x00007ff94bb58000 	c:\Users\Hansana Mihiran\.vscode\extensions\redhat.java-1.41.1-win32-x64\jre\21.0.6-win32-x86_64\bin\zip.dll
0x00007ff95a530000 - 0x00007ff95a540000 	C:\Users\Hansana Mihiran\.vscode\extensions\redhat.java-1.41.1-win32-x64\jre\21.0.6-win32-x86_64\bin\net.dll
0x00007ff973920000 - 0x00007ff973a4c000 	C:\WINDOWS\SYSTEM32\WINHTTP.dll
0x00007ff978bc0000 - 0x00007ff978c2a000 	C:\WINDOWS\system32\mswsock.dll
0x00007ff949370000 - 0x00007ff949386000 	C:\Users\Hansana Mihiran\.vscode\extensions\redhat.java-1.41.1-win32-x64\jre\21.0.6-win32-x86_64\bin\nio.dll
0x00007ff9582b0000 - 0x00007ff9582c0000 	c:\Users\Hansana Mihiran\.vscode\extensions\redhat.java-1.41.1-win32-x64\jre\21.0.6-win32-x86_64\bin\verify.dll
0x00007ff9341c0000 - 0x00007ff934205000 	C:\Users\Hansana Mihiran\AppData\Roaming\Code\User\globalStorage\redhat.java\1.41.1\config_win\org.eclipse.equinox.launcher\org.eclipse.equinox.launcher.win32.win32.x86_64_1.2.1300.v20250331-1702\eclipse_11911.dll
0x00007ff97a410000 - 0x00007ff97a5b1000 	C:\WINDOWS\System32\ole32.dll
0x00007ff978e60000 - 0x00007ff978e7b000 	C:\WINDOWS\SYSTEM32\CRYPTSP.dll
0x00007ff9786c0000 - 0x00007ff9786f7000 	C:\WINDOWS\system32\rsaenh.dll
0x00007ff978c60000 - 0x00007ff978c88000 	C:\WINDOWS\SYSTEM32\USERENV.dll
0x00007ff978dc0000 - 0x00007ff978dcc000 	C:\WINDOWS\SYSTEM32\CRYPTBASE.dll
0x00007ff9781c0000 - 0x00007ff9781ed000 	C:\WINDOWS\SYSTEM32\IPHLPAPI.DLL
0x00007ff97bfe0000 - 0x00007ff97bfe9000 	C:\WINDOWS\System32\NSI.dll
0x00007ff9637e0000 - 0x00007ff963829000 	C:\Users\Hansana Mihiran\AppData\Local\Temp\jna--92599912\jna3941033084362168885.dll
0x00007ff97b340000 - 0x00007ff97b348000 	C:\WINDOWS\System32\PSAPI.DLL
0x00007ff9705b0000 - 0x00007ff9705c9000 	C:\WINDOWS\SYSTEM32\dhcpcsvc6.DLL
0x00007ff970590000 - 0x00007ff9705af000 	C:\WINDOWS\SYSTEM32\dhcpcsvc.DLL

dbghelp: loaded successfully - version: 4.0.5 - missing functions: none
symbol engine: initialized successfully - sym options: 0x614 - pdb path: .;c:\Users\Hansana Mihiran\.vscode\extensions\redhat.java-1.41.1-win32-x64\jre\21.0.6-win32-x86_64\bin;C:\WINDOWS\SYSTEM32;C:\WINDOWS\WinSxS\amd64_microsoft.windows.common-controls_6595b64144ccf1df_6.0.22621.4830_none_270fe7d773858e80;c:\Users\Hansana Mihiran\.vscode\extensions\redhat.java-1.41.1-win32-x64\jre\21.0.6-win32-x86_64\bin\server;C:\Users\Hansana Mihiran\AppData\Roaming\Code\User\globalStorage\redhat.java\1.41.1\config_win\org.eclipse.equinox.launcher\org.eclipse.equinox.launcher.win32.win32.x86_64_1.2.1300.v20250331-1702;C:\Users\Hansana Mihiran\AppData\Local\Temp\jna--92599912

VM Arguments:
jvm_args: --add-modules=ALL-SYSTEM --add-opens=java.base/java.util=ALL-UNNAMED --add-opens=java.base/java.lang=ALL-UNNAMED --add-opens=java.base/sun.nio.fs=ALL-UNNAMED -Declipse.application=org.eclipse.jdt.ls.core.id1 -Dosgi.bundles.defaultStartLevel=4 -Declipse.product=org.eclipse.jdt.ls.core.product -Djava.import.generatesMetadataFilesAtProjectRoot=false -DDetectVMInstallationsJob.disabled=true -Dfile.encoding=utf8 -XX:+UseParallelGC -XX:GCTimeRatio=4 -XX:AdaptiveSizePolicyWeight=90 -Dsun.zip.disableMemoryMapping=true -Xmx1G -Xms100m -Xlog:disable -javaagent:c:\Users\Hansana Mihiran\.vscode\extensions\redhat.java-1.41.1-win32-x64\lombok\lombok-1.18.36.jar -XX:+HeapDumpOnOutOfMemoryError -XX:HeapDumpPath=c:\Users\Hansana Mihiran\AppData\Roaming\Code\User\workspaceStorage\903c224f59da275f132b5a150b1eac4c\redhat.java -Daether.dependencyCollector.impl=bf 
java_command: c:\Users\Hansana Mihiran\.vscode\extensions\redhat.java-1.41.1-win32-x64\server\plugins\org.eclipse.equinox.launcher_1.7.0.v20250331-1702.jar -configuration c:\Users\Hansana Mihiran\AppData\Roaming\Code\User\globalStorage\redhat.java\1.41.1\config_win -data c:\Users\Hansana Mihiran\AppData\Roaming\Code\User\workspaceStorage\903c224f59da275f132b5a150b1eac4c\redhat.java\jdt_ws --pipe=\\.\pipe\lsp-3d7082f60be4a9951b9a4ca4f9ddd3a5-sock
java_class_path (initial): c:\Users\Hansana Mihiran\.vscode\extensions\redhat.java-1.41.1-win32-x64\server\plugins\org.eclipse.equinox.launcher_1.7.0.v20250331-1702.jar
Launcher Type: SUN_STANDARD

[Global flags]
    uintx AdaptiveSizePolicyWeight                 = 90                                        {product} {command line}
     intx CICompilerCount                          = 3                                         {product} {ergonomic}
    uintx GCTimeRatio                              = 4                                         {product} {command line}
     bool HeapDumpOnOutOfMemoryError               = true                                   {manageable} {command line}
    ccstr HeapDumpPath                             = c:\Users\Hansana Mihiran\AppData\Roaming\Code\User\workspaceStorage\903c224f59da275f132b5a150b1eac4c\redhat.java         {manageable} {command line}
   size_t InitialHeapSize                          = 104857600                                 {product} {command line}
   size_t MaxHeapSize                              = 1073741824                                {product} {command line}
   size_t MaxNewSize                               = 357564416                                 {product} {ergonomic}
   size_t MinHeapDeltaBytes                        = 524288                                    {product} {ergonomic}
   size_t MinHeapSize                              = 104857600                                 {product} {command line}
   size_t NewSize                                  = 34603008                                  {product} {ergonomic}
    uintx NonNMethodCodeHeapSize                   = 5832780                                {pd product} {ergonomic}
    uintx NonProfiledCodeHeapSize                  = 122912730                              {pd product} {ergonomic}
   size_t OldSize                                  = 70254592                                  {product} {ergonomic}
    uintx ProfiledCodeHeapSize                     = 122912730                              {pd product} {ergonomic}
    uintx ReservedCodeCacheSize                    = 251658240                              {pd product} {ergonomic}
     bool SegmentedCodeCache                       = true                                      {product} {ergonomic}
   size_t SoftMaxHeapSize                          = 1073741824                             {manageable} {ergonomic}
     bool UseCompressedOops                        = true                           {product lp64_product} {ergonomic}
     bool UseLargePagesIndividualAllocation        = false                                  {pd product} {ergonomic}
     bool UseParallelGC                            = true                                      {product} {command line}

Logging:
Log output configuration:
 #0: stdout all=off uptime,level,tags foldmultilines=false
 #1: stderr all=off uptime,level,tags foldmultilines=false

Environment Variables:
PATH=C:\Program Files\Common Files\Oracle\Java\javapath;C:\Program Files\nodejs;C:\Program Files\nodejs\;C:\WINDOWS\system32;C:\WINDOWS;C:\WINDOWS\System32\Wbem;C:\WINDOWS\System32\WindowsPowerShell\v1.0\;C:\WINDOWS\System32\OpenSSH\;C:\Program Files (x86)\Microsoft SQL Server\160\Tools\Binn\;C:\Program Files\Microsoft SQL Server\160\Tools\Binn\;C:\Program Files\Microsoft SQL Server\Client SDK\ODBC\170\Tools\Binn\;C:\Program Files\Microsoft SQL Server\160\DTS\Binn\;C:\Program Files (x86)\Microsoft SQL Server\160\DTS\Binn\;C:\Program Files\Microsoft SQL Server\150\Tools\Binn\;C:\Program Files\Microsoft SQL Server\130\DTS\Binn\;C:\Program Files\Microsoft SQL Server\140\DTS\Binn\;C:\Program Files\Microsoft SQL Server\150\DTS\Binn\;C:\Program Files\Git\cmd;C:\Users\Hansana Mihiran\AppData\Local\Programs\Eclipse Adoptium\jdk-21.0.7.6-hotspot\bin;C:\Program Files\MySQL\MySQL Shell 8.0\bin\;C:\Users\Hansana Mihiran\AppData\Local\Microsoft\WindowsApps;C:\Users\Hansana Mihiran\AppData\Local\Programs\Microsoft VS Code\bin;C:\Program Files\JetBrains\IntelliJ IDEA 2025.1\bin;;C:\Users\Hansana Mihiran\AppData\Roaming\npm
USERNAME=Hansana Mihiran
OS=Windows_NT
PROCESSOR_IDENTIFIER=Intel64 Family 6 Model 140 Stepping 1, GenuineIntel
TMP=C:\Users\HANSAN~1\AppData\Local\Temp
TEMP=C:\Users\HANSAN~1\AppData\Local\Temp




Periodic native trim disabled

---------------  S Y S T E M  ---------------

OS:
 Windows 11 , 64 bit Build 22621 (10.0.22621.4974)
OS uptime: 1 days 0:45 hours
Hyper-V role detected

CPU: total 4 (initial active 4) (2 cores per cpu, 2 threads per core) family 6 model 140 stepping 1 microcode 0xa6, cx8, cmov, fxsr, ht, mmx, 3dnowpref, sse, sse2, sse3, ssse3, sse4.1, sse4.2, popcnt, lzcnt, tsc, tscinvbit, avx, avx2, aes, erms, clmul, bmi1, bmi2, adx, avx512f, avx512dq, avx512cd, avx512bw, avx512vl, sha, fma, vzeroupper, avx512_vpopcntdq, avx512_vpclmulqdq, avx512_vaes, avx512_vnni, clflush, clflushopt, clwb, avx512_vbmi2, avx512_vbmi, hv, rdtscp, rdpid, fsrm, gfni, avx512_bitalg, f16c, cet_ibt, cet_ss, avx512_ifma
Processor Information for the first 4 processors :
  Max Mhz: 2995, Current Mhz: 2995, Mhz Limit: 2995

Memory: 4k page, system-wide physical 3790M (51M free)
TotalPageFile size 15566M (AvailPageFile size 0M)
current process WorkingSet (physical memory assigned to process): 161M, peak: 246M
current process commit charge ("private bytes"): 480M, peak: 884M

vm_info: OpenJDK 64-Bit Server VM (21.0.6+7-LTS) for windows-amd64 JRE (21.0.6+7-LTS), built on 2025-01-21T00:00:00Z by "admin" with MS VC++ 17.7 (VS2022)

END.
