#
# There is insufficient memory for the Java Runtime Environment to continue.
# Native memory allocation (mmap) failed to map 65536 bytes. Error detail: Failed to commit metaspace.
# Possible reasons:
#   The system is out of physical RAM or swap space
#   This process is running with CompressedOops enabled, and the Java Heap may be blocking the growth of the native heap
# Possible solutions:
#   Reduce memory load on the system
#   Increase physical memory or swap space
#   Check if swap backing store is full
#   Decrease Java heap size (-Xmx/-Xms)
#   Decrease number of Java threads
#   Decrease Java thread stack sizes (-Xss)
#   Set larger code cache with -XX:ReservedCodeCacheSize=
# This output file may be truncated or incomplete.
#
#  Out of Memory Error (virtualSpaceNode.cpp:113), pid=14788, tid=9620
#
# JRE version: OpenJDK Runtime Environment Temurin-21.0.6+7 (21.0.6+7) (build 21.0.6+7-LTS)
# Java VM: OpenJDK 64-Bit Server VM Temurin-21.0.6+7 (21.0.6+7-LTS, mixed mode, sharing, tiered, compressed oops, compressed class ptrs, parallel gc, windows-amd64)
# No core dump will be written. Minidumps are not enabled by default on client versions of Windows
#

---------------  S U M M A R Y ------------

Command Line: --add-modules=ALL-SYSTEM --add-opens=java.base/java.util=ALL-UNNAMED --add-opens=java.base/java.lang=ALL-UNNAMED --add-opens=java.base/sun.nio.fs=ALL-UNNAMED -Declipse.application=org.eclipse.jdt.ls.core.id1 -Dosgi.bundles.defaultStartLevel=4 -Declipse.product=org.eclipse.jdt.ls.core.product -Djava.import.generatesMetadataFilesAtProjectRoot=false -DDetectVMInstallationsJob.disabled=true -Dfile.encoding=utf8 -XX:+UseParallelGC -XX:GCTimeRatio=4 -XX:AdaptiveSizePolicyWeight=90 -Dsun.zip.disableMemoryMapping=true -Xmx1G -Xms100m -Xlog:disable -javaagent:c:\Users\Hansana Mihiran\.vscode\extensions\redhat.java-1.41.1-win32-x64\lombok\lombok-1.18.36.jar c:\Users\Hansana Mihiran\.vscode\extensions\redhat.java-1.41.1-win32-x64\server\plugins\org.eclipse.equinox.launcher_1.7.0.v20250331-1702.jar -configuration c:\Users\Hansana Mihiran\AppData\Roaming\Code\User\globalStorage\redhat.java\1.41.1\config_ss_win -data c:\Users\Hansana Mihiran\AppData\Roaming\Code\User\workspaceStorage\903c224f59da275f132b5a150b1eac4c\redhat.java\ss_ws --pipe=\\.\pipe\lsp-141a6fa87bf86d75d950f2a7bffd216e-sock

Host: 11th Gen Intel(R) Core(TM) i3-1115G4 @ 3.00GHz, 4 cores, 3G,  Windows 11 , 64 bit Build 22621 (10.0.22621.4974)
Time: Fri Apr 25 22:22:08 2025 Sri Lanka Standard Time elapsed time: 5.832995 seconds (0d 0h 0m 5s)

---------------  T H R E A D  ---------------

Current thread (0x000001a22f7fbf60):  JavaThread "main"             [_thread_in_vm, id=9620, stack(0x0000007a72d00000,0x0000007a72e00000) (1024K)]

Stack: [0x0000007a72d00000,0x0000007a72e00000]
Native frames: (J=compiled Java code, j=interpreted, Vv=VM code, C=native code)
V  [jvm.dll+0x6cdee9]
V  [jvm.dll+0x8a83d1]
V  [jvm.dll+0x8aa8fe]
V  [jvm.dll+0x8aafe3]
V  [jvm.dll+0x27f706]
V  [jvm.dll+0x8a411e]
V  [jvm.dll+0x670385]
V  [jvm.dll+0x1e472c]
V  [jvm.dll+0x1e44fe]
V  [jvm.dll+0x672c82]
V  [jvm.dll+0x672aa2]
V  [jvm.dll+0x670d5e]
V  [jvm.dll+0x26a730]
V  [jvm.dll+0x216107]
V  [jvm.dll+0x20bb8e]
V  [jvm.dll+0x5ae3ec]
V  [jvm.dll+0x821736]
V  [jvm.dll+0x471736]
V  [jvm.dll+0x477608]
C  [java.dll+0x17ec]

Java frames: (J=compiled Java code, j=interpreted, Vv=VM code)
J 1055  java.lang.ClassLoader.defineClass1(Ljava/lang/ClassLoader;Ljava/lang/String;[BIILjava/security/ProtectionDomain;Ljava/lang/String;)Ljava/lang/Class; java.base@21.0.6 (0 bytes) @ 0x000001a23a529c91 [0x000001a23a529bc0+0x00000000000000d1]
j  java.lang.ClassLoader.defineClass(Ljava/lang/String;[BIILjava/security/ProtectionDomain;)Ljava/lang/Class;+27 java.base@21.0.6
j  java.security.SecureClassLoader.defineClass(Ljava/lang/String;[BIILjava/security/CodeSource;)Ljava/lang/Class;+12 java.base@21.0.6
j  java.net.URLClassLoader.defineClass(Ljava/lang/String;Ljdk/internal/loader/Resource;)Ljava/lang/Class;+220 java.base@21.0.6
j  java.net.URLClassLoader$1.run()Ljava/lang/Class;+43 java.base@21.0.6
j  java.net.URLClassLoader$1.run()Ljava/lang/Object;+1 java.base@21.0.6
J 1096 c1 java.security.AccessController.executePrivileged(Ljava/security/PrivilegedExceptionAction;Ljava/security/AccessControlContext;Ljava/lang/Class;)Ljava/lang/Object; java.base@21.0.6 (65 bytes) @ 0x000001a232bb5ec4 [0x000001a232bb5d60+0x0000000000000164]
j  java.security.AccessController.doPrivileged(Ljava/security/PrivilegedExceptionAction;Ljava/security/AccessControlContext;)Ljava/lang/Object;+13 java.base@21.0.6
j  java.net.URLClassLoader.findClass(Ljava/lang/String;)Ljava/lang/Class;+13 java.base@21.0.6
J 1114 c1 java.lang.ClassLoader.loadClass(Ljava/lang/String;Z)Ljava/lang/Class; java.base@21.0.6 (121 bytes) @ 0x000001a232bbb024 [0x000001a232bbaa60+0x00000000000005c4]
J 978 c1 java.lang.ClassLoader.loadClass(Ljava/lang/String;)Ljava/lang/Class; java.base@21.0.6 (7 bytes) @ 0x000001a232b803d4 [0x000001a232b802c0+0x0000000000000114]
v  ~StubRoutines::call_stub 0x000001a239f210e7
j  org.eclipse.osgi.storage.Storage.<init>(Lorg/eclipse/osgi/internal/framework/EquinoxContainer;[Ljava/lang/String;)V+642
j  org.eclipse.osgi.storage.Storage.createStorage(Lorg/eclipse/osgi/internal/framework/EquinoxContainer;)Lorg/eclipse/osgi/storage/Storage;+11
j  org.eclipse.osgi.internal.framework.EquinoxContainer.<init>(Ljava/util/Map;Lorg/osgi/framework/connect/ModuleConnector;)V+146
j  org.eclipse.osgi.launch.Equinox.<init>(Ljava/util/Map;Lorg/osgi/framework/connect/ModuleConnector;)V+10
j  org.eclipse.osgi.launch.Equinox.<init>(Ljava/util/Map;)V+3
j  org.eclipse.core.runtime.adaptor.EclipseStarter.startup([Ljava/lang/String;Ljava/lang/Runnable;)Lorg/osgi/framework/BundleContext;+28
j  org.eclipse.core.runtime.adaptor.EclipseStarter.run([Ljava/lang/String;Ljava/lang/Runnable;)Ljava/lang/Object;+21
j  java.lang.invoke.DirectMethodHandle$Holder.invokeStatic(Ljava/lang/Object;Ljava/lang/Object;Ljava/lang/Object;)Ljava/lang/Object;+11 java.base@21.0.6
j  java.lang.invoke.LambdaForm$MH+0x000001a245080800.invoke(Ljava/lang/Object;Ljava/lang/Object;Ljava/lang/Object;Ljava/lang/Object;)Ljava/lang/Object;+54 java.base@21.0.6
j  java.lang.invoke.LambdaForm$MH+0x000001a245002c00.invokeExact_MT(Ljava/lang/Object;Ljava/lang/Object;Ljava/lang/Object;Ljava/lang/Object;Ljava/lang/Object;)Ljava/lang/Object;+22 java.base@21.0.6
j  jdk.internal.reflect.DirectMethodHandleAccessor.invokeImpl(Ljava/lang/Object;[Ljava/lang/Object;)Ljava/lang/Object;+72 java.base@21.0.6
j  jdk.internal.reflect.DirectMethodHandleAccessor.invoke(Ljava/lang/Object;[Ljava/lang/Object;)Ljava/lang/Object;+23 java.base@21.0.6
j  java.lang.reflect.Method.invoke(Ljava/lang/Object;[Ljava/lang/Object;)Ljava/lang/Object;+102 java.base@21.0.6
j  org.eclipse.equinox.launcher.Main.invokeFramework([Ljava/lang/String;[Ljava/net/URL;)V+155
j  org.eclipse.equinox.launcher.Main.basicRun([Ljava/lang/String;)V+159
j  org.eclipse.equinox.launcher.Main.run([Ljava/lang/String;)I+4
j  org.eclipse.equinox.launcher.Main.main([Ljava/lang/String;)V+10
v  ~StubRoutines::call_stub 0x000001a239f210e7

Compiled method (n/a) 6197 1055     n 0       java.lang.ClassLoader::defineClass1 (native)
 total in heap  [0x000001a23a529a10,0x000001a23a529e98] = 1160
 relocation     [0x000001a23a529b70,0x000001a23a529ba8] = 56
 main code      [0x000001a23a529bc0,0x000001a23a529e96] = 726
 stub code      [0x000001a23a529e96,0x000001a23a529e98] = 2

[Constant Pool (empty)]

[MachCode]
[Entry Point]
  # {method} {0x000001a244430ff0} 'defineClass1' '(Ljava/lang/ClassLoader;Ljava/lang/String;[BIILjava/security/ProtectionDomain;Ljava/lang/String;)Ljava/lang/Class;' in 'java/lang/ClassLoader'
  # parm0:    rdx:rdx   = 'java/lang/ClassLoader'
  # parm1:    r8:r8     = 'java/lang/String'
  # parm2:    r9:r9     = '[B'
  # parm3:    rdi       = int
  # parm4:    rsi       = int
  # parm5:    rcx:rcx   = 'java/security/ProtectionDomain'
  # parm6:    [sp+0xa0]   = 'java/lang/String'  (sp of caller)
  0x000001a23a529bc0: 448b 5208 | 49bb 0000 | 0044 a201 | 0000 4d03 | d349 3bc2 | 0f84 0600 

  0x000001a23a529bd8: ;   {runtime_call ic_miss_stub}
  0x000001a23a529bd8: 0000 e9a1 | 4aa4 ff90 
[Verified Entry Point]
  0x000001a23a529be0: 8984 2400 | 80ff ff55 | 488b ec48 | 81ec 9000 | 0000 6690 | 4181 7f20 | 0100 0000 

  0x000001a23a529bfc: ;   {runtime_call StubRoutines (final stubs)}
  0x000001a23a529bfc: 7405 e8fd | 3ba3 ff48 | 837d 1000 | 488d 4510 | 480f 4445 | 1048 8944 | 2440 4889 | 4c24 7048 
  0x000001a23a529c1c: 83f9 0048 | 8d44 2470 | 480f 4444 | 2470 4889 | 4424 3848 | 8974 2430 | 4889 7c24 | 284c 894c 
  0x000001a23a529c3c: 2458 4983 | f900 488d | 4424 5848 | 0f44 4424 | 5848 8944 | 2420 4c89 | 4424 5049 | 83f8 004c 
  0x000001a23a529c5c: 8d4c 2450 | 4c0f 444c | 2450 4889 | 5424 4848 | 83fa 004c | 8d44 2448 | 4c0f 4444 

  0x000001a23a529c78: ;   {oop(a 'java/lang/Class'{0x00000000c0000150} = 'java/lang/ClassLoader')}
  0x000001a23a529c78: 2448 49be | 5001 00c0 | 0000 0000 | 4c89 7424 | 784c 8d74 | 2478 498b | d6c5 f877 

  0x000001a23a529c94: ;   {internal_word}
  0x000001a23a529c94: 49ba 919c | 523a a201 | 0000 4d89 | 97a0 0300 | 0049 89a7 | 9803 0000 

  0x000001a23a529cac: ;   {external_word}
  0x000001a23a529cac: 49ba 355b | 97ed f87f | 0000 4180 | 3a00 0f84 | 4e00 0000 | 5241 5041 

  0x000001a23a529cc4: ;   {metadata({method} {0x000001a244430ff0} 'defineClass1' '(Ljava/lang/ClassLoader;Ljava/lang/String;[BIILjava/security/ProtectionDomain;Ljava/lang/String;)Ljava/lang/Class;' in 'java/lang/ClassLoader')}
  0x000001a23a529cc4: 5148 bae8 | 0f43 44a2 | 0100 0049 | 8bcf 4883 | ec20 40f6 | c40f 0f84 | 1900 0000 | 4883 ec08 
  0x000001a23a529ce4: ;   {runtime_call}
  0x000001a23a529ce4: 48b8 c04b | 41ed f87f | 0000 ffd0 | 4883 c408 | e90c 0000 

  0x000001a23a529cf8: ;   {runtime_call}
  0x000001a23a529cf8: 0048 b8c0 | 4b41 edf8 | 7f00 00ff | d048 83c4 | 2041 5941 | 585a 498d | 8fb8 0300 | 0041 c787 
  0x000001a23a529d18: 4404 0000 | 0400 0000 

  0x000001a23a529d20: ;   {runtime_call}
  0x000001a23a529d20: 48b8 ac16 | 7863 f97f | 0000 ffd0 | c5f8 7741 | c787 4404 | 0000 0500 | 0000 f083 | 4424 c000 
  0x000001a23a529d40: 493b af48 | 0400 000f | 870e 0000 | 0041 83bf | 4004 0000 | 000f 842b | 0000 00c5 | f877 4889 
  0x000001a23a529d60: 45f8 498b | cf4c 8be4 | 4883 ec20 | 4883 e4f0 

  0x000001a23a529d70: ;   {runtime_call}
  0x000001a23a529d70: 48b8 60cf | 0ced f87f | 0000 ffd0 | 498b e44d | 33e4 488b | 45f8 41c7 | 8744 0400 | 0008 0000 
  0x000001a23a529d90: 0041 83bf | c004 0000 | 020f 84ca 

  0x000001a23a529d9c: ;   {external_word}
  0x000001a23a529d9c: 0000 0049 | ba35 5b97 | edf8 7f00 | 0041 803a | 000f 844c | 0000 0048 

  0x000001a23a529db4: ;   {metadata({method} {0x000001a244430ff0} 'defineClass1' '(Ljava/lang/ClassLoader;Ljava/lang/String;[BIILjava/security/ProtectionDomain;Ljava/lang/String;)Ljava/lang/Class;' in 'java/lang/ClassLoader')}
  0x000001a23a529db4: 8945 f848 | bae8 0f43 | 44a2 0100 | 0049 8bcf | 4883 ec20 | 40f6 c40f | 0f84 1900 | 0000 4883 
  0x000001a23a529dd4: ;   {runtime_call}
  0x000001a23a529dd4: ec08 48b8 | c04b 41ed | f87f 0000 | ffd0 4883 | c408 e90c 

  0x000001a23a529de8: ;   {runtime_call}
  0x000001a23a529de8: 0000 0048 | b8c0 4b41 | edf8 7f00 | 00ff d048 | 83c4 2048 | 8b45 f849 | c787 9803 | 0000 0000 
  0x000001a23a529e08: 0000 49c7 | 87a0 0300 | 0000 0000 | 00c5 f877 | 4885 c00f | 8425 0000 | 00a8 030f | 8508 0000 
  0x000001a23a529e28: 0048 8b00 | e915 0000 | 00a8 010f | 8509 0000 | 0048 8b40 | fee9 0400 | 0000 488b | 40ff 498b 
  0x000001a23a529e48: 8f28 0400 | 00c7 8100 | 0100 0000 | 0000 00c9 | 4983 7f08 | 000f 8501 | 0000 00c3 

  0x000001a23a529e64: ;   {runtime_call StubRoutines (initial stubs)}
  0x000001a23a529e64: e997 709f | ffc5 f877 | 4889 45f8 | 4c8b e448 | 83ec 2048 

  0x000001a23a529e78: ;   {runtime_call}
  0x000001a23a529e78: 83e4 f048 | b8a0 8341 | edf8 7f00 | 00ff d049 | 8be4 4d33 | e448 8b45 | f8e9 09ff | ffff f4f4 
[/MachCode]


Compiled method (c1) 6213 1096       3       java.security.AccessController::executePrivileged (65 bytes)
 total in heap  [0x000001a232bb5b90,0x000001a232bb6180] = 1520
 relocation     [0x000001a232bb5cf0,0x000001a232bb5d58] = 104
 main code      [0x000001a232bb5d60,0x000001a232bb6008] = 680
 stub code      [0x000001a232bb6008,0x000001a232bb6060] = 88
 metadata       [0x000001a232bb6060,0x000001a232bb6070] = 16
 scopes data    [0x000001a232bb6070,0x000001a232bb60e8] = 120
 scopes pcs     [0x000001a232bb60e8,0x000001a232bb6168] = 128
 dependencies   [0x000001a232bb6168,0x000001a232bb6170] = 8
 nul chk table  [0x000001a232bb6170,0x000001a232bb6180] = 16

[Constant Pool (empty)]

[MachCode]
[Verified Entry Point]
  # {method} {0x000001a24446cdb0} 'executePrivileged' '(Ljava/security/PrivilegedExceptionAction;Ljava/security/AccessControlContext;Ljava/lang/Class;)Ljava/lang/Object;' in 'java/security/AccessController'
  # parm0:    rdx:rdx   = 'java/security/PrivilegedExceptionAction'
  # parm1:    r8:r8     = 'java/security/AccessControlContext'
  # parm2:    r9:r9     = 'java/lang/Class'
  #           [sp+0x50]  (sp of caller)
  0x000001a232bb5d60: 8984 2400 | 80ff ff55 | 4883 ec40 | 4181 7f20 | 0100 0000 

  0x000001a232bb5d74: ;   {runtime_call StubRoutines (final stubs)}
  0x000001a232bb5d74: 7405 e885 | 7a3a 074c | 8944 2430 

  0x000001a232bb5d80: ;   {metadata(method data for {method} {0x000001a24446cdb0} 'executePrivileged' '(Ljava/security/PrivilegedExceptionAction;Ljava/security/AccessControlContext;Ljava/lang/Class;)Ljava/lang/Object;' in 'java/security/AccessController')}
  0x000001a232bb5d80: 48be c0aa | 2e86 a201 | 0000 8bbe | cc00 0000 | 83c7 0289 | becc 0000 | 0081 e7fe | 0700 0085 
  0x000001a232bb5da0: ff0f 84bf | 0100 004d 

  0x000001a232bb5da8: ;   {metadata(method data for {method} {0x000001a24446cdb0} 'executePrivileged' '(Ljava/security/PrivilegedExceptionAction;Ljava/security/AccessControlContext;Ljava/lang/Class;)Ljava/lang/Object;' in 'java/security/AccessController')}
  0x000001a232bb5da8: 85c0 48be | c0aa 2e86 | a201 0000 | 48c7 c710 | 0100 0074 | 0748 c7c7 | 2001 0000 | 488b 1c3e 
  0x000001a232bb5dc8: 488d 5b01 | 4889 1c3e | 4c89 4c24 | 2848 8954 | 2420 0f84 | 2400 0000 

  0x000001a232bb5de0: ;   {metadata(method data for {method} {0x000001a24446cdb0} 'executePrivileged' '(Ljava/security/PrivilegedExceptionAction;Ljava/security/AccessControlContext;Ljava/lang/Class;)Ljava/lang/Object;' in 'java/security/AccessController')}
  0x000001a232bb5de0: 48be c0aa | 2e86 a201 | 0000 4883 | 8630 0100 | 0001 498b 

  0x000001a232bb5df4: ;   {static_call}
  0x000001a232bb5df4: d066 90e8 

  0x000001a232bb5df8: ; ImmutableOopMap {[32]=Oop [40]=Oop [48]=Oop }
                      ;*invokestatic ensureMaterializedForStackWalk {reexecute=0 rethrow=0 return_oop=0}
                      ; - java.security.AccessController::executePrivileged@5
  0x000001a232bb5df8: e489 9707 

  0x000001a232bb5dfc: ;   {other}
  0x000001a232bb5dfc: 0f1f 8400 | 6c02 0000 

  0x000001a232bb5e04: ;   {metadata(method data for {method} {0x000001a24446cdb0} 'executePrivileged' '(Ljava/security/PrivilegedExceptionAction;Ljava/security/AccessControlContext;Ljava/lang/Class;)Ljava/lang/Object;' in 'java/security/AccessController')}
  0x000001a232bb5e04: 48ba c0aa | 2e86 a201 | 0000 ff82 | 4001 0000 | 488b 5424 | 2048 3b02 

  0x000001a232bb5e1c: ;   {metadata(method data for {method} {0x000001a24446cdb0} 'executePrivileged' '(Ljava/security/PrivilegedExceptionAction;Ljava/security/AccessControlContext;Ljava/lang/Class;)Ljava/lang/Object;' in 'java/security/AccessController')}
  0x000001a232bb5e1c: 488b f248 | bfc0 aa2e | 86a2 0100 | 008b 7608 | 49ba 0000 | 0044 a201 | 0000 4903 | f248 3bb7 
  0x000001a232bb5e3c: b001 0000 | 750d 4883 | 87b8 0100 | 0001 e960 | 0000 0048 | 3bb7 c001 | 0000 750d | 4883 87c8 
  0x000001a232bb5e5c: 0100 0001 | e94a 0000 | 0048 83bf | b001 0000 | 0075 1748 | 89b7 b001 | 0000 48c7 | 87b8 0100 
  0x000001a232bb5e7c: 0001 0000 | 00e9 2900 | 0000 4883 | bfc0 0100 | 0000 7517 | 4889 b7c0 | 0100 0048 | c787 c801 
  0x000001a232bb5e9c: 0000 0100 | 0000 e908 | 0000 0048 | 8387 a001 | 0000 0166 | 0f1f 4400 | 0048 b8ff | ffff ffff 
  0x000001a232bb5ebc: ;   {virtual_call}
  0x000001a232bb5ebc: ffff ffe8 

  0x000001a232bb5ec0: ; ImmutableOopMap {[40]=Oop [48]=Oop }
                      ;*invokeinterface run {reexecute=0 rethrow=0 return_oop=0}
                      ; - java.security.AccessController::executePrivileged@29
  0x000001a232bb5ec0: 5c58 3b07 

  0x000001a232bb5ec4: ;   {other}
  0x000001a232bb5ec4: 0f1f 8400 | 3403 0001 

  0x000001a232bb5ecc: ;   {metadata(method data for {method} {0x000001a24446cdb0} 'executePrivileged' '(Ljava/security/PrivilegedExceptionAction;Ljava/security/AccessControlContext;Ljava/lang/Class;)Ljava/lang/Object;' in 'java/security/AccessController')}
  0x000001a232bb5ecc: 48be c0aa | 2e86 a201 | 0000 ff86 | d801 0000 | 4c8b 4c24 

  0x000001a232bb5ee0: ;   {metadata(method data for {method} {0x000001a24446cdb0} 'executePrivileged' '(Ljava/security/PrivilegedExceptionAction;Ljava/security/AccessControlContext;Ljava/lang/Class;)Ljava/lang/Object;' in 'java/security/AccessController')}
  0x000001a232bb5ee0: 2848 bec0 | aa2e 86a2 | 0100 0048 | 8386 3802 

  0x000001a232bb5ef0: ;   {metadata(method data for {method} {0x000001a24403d050} 'reachabilityFence' '(Ljava/lang/Object;)V' in 'java/lang/ref/Reference')}
  0x000001a232bb5ef0: 0000 0148 | be70 3006 | 86a2 0100 | 008b becc | 0000 0083 | c702 89be | cc00 0000 | 81e7 feff 
  0x000001a232bb5f10: 1f00 85ff | 0f84 7200 

  0x000001a232bb5f18: ;   {metadata(method data for {method} {0x000001a24446cdb0} 'executePrivileged' '(Ljava/security/PrivilegedExceptionAction;Ljava/security/AccessControlContext;Ljava/lang/Class;)Ljava/lang/Object;' in 'java/security/AccessController')}
  0x000001a232bb5f18: 0000 48be | c0aa 2e86 | a201 0000 | 4883 8648 | 0200 0001 

  0x000001a232bb5f2c: ;   {metadata(method data for {method} {0x000001a24403d050} 'reachabilityFence' '(Ljava/lang/Object;)V' in 'java/lang/ref/Reference')}
  0x000001a232bb5f2c: 48be 7030 | 0686 a201 | 0000 8bbe | cc00 0000 | 83c7 0289 | becc 0000 | 0081 e7fe | ff1f 0085 
  0x000001a232bb5f4c: ff0f 845a | 0000 0048 | 83c4 405d 

  0x000001a232bb5f58: ;   {poll_return}
  0x000001a232bb5f58: 493b a748 | 0400 000f | 8766 0000 

  0x000001a232bb5f64: ;   {metadata({method} {0x000001a24446cdb0} 'executePrivileged' '(Ljava/security/PrivilegedExceptionAction;Ljava/security/AccessControlContext;Ljava/lang/Class;)Ljava/lang/Object;' in 'java/security/AccessController')}
  0x000001a232bb5f64: 00c3 49ba | a8cd 4644 | a201 0000 | 4c89 5424 | 0848 c704 | 24ff ffff 

  0x000001a232bb5f7c: ;   {runtime_call counter_overflow Runtime1 stub}
  0x000001a232bb5f7c: ffe8 fef8 

  0x000001a232bb5f80: ; ImmutableOopMap {rdx=Oop r8=Oop r9=Oop [48]=Oop }
                      ;*synchronization entry
                      ; - java.security.AccessController::executePrivileged@-1
  0x000001a232bb5f80: 4607 e920 

  0x000001a232bb5f84: ;   {runtime_call throw_null_pointer_exception Runtime1 stub}
  0x000001a232bb5f84: feff ffe8 

  0x000001a232bb5f88: ; ImmutableOopMap {rdx=Oop [40]=Oop [48]=Oop }
                      ;*invokeinterface run {reexecute=0 rethrow=0 return_oop=0}
                      ; - java.security.AccessController::executePrivileged@29
  0x000001a232bb5f88: 948d 4607 

  0x000001a232bb5f8c: ;   {metadata({method} {0x000001a24403d050} 'reachabilityFence' '(Ljava/lang/Object;)V' in 'java/lang/ref/Reference')}
  0x000001a232bb5f8c: 49ba 48d0 | 0344 a201 | 0000 4c89 | 5424 0848 | c704 24ff 

  0x000001a232bb5fa0: ;   {runtime_call counter_overflow Runtime1 stub}
  0x000001a232bb5fa0: ffff ffe8 

  0x000001a232bb5fa4: ; ImmutableOopMap {rax=Oop r9=Oop }
                      ;*synchronization entry
                      ; - java.lang.ref.Reference::reachabilityFence@-1
                      ; - java.security.AccessController::executePrivileged@56
  0x000001a232bb5fa4: d8f8 4607 | e96d ffff 

  0x000001a232bb5fac: ;   {metadata({method} {0x000001a24403d050} 'reachabilityFence' '(Ljava/lang/Object;)V' in 'java/lang/ref/Reference')}
  0x000001a232bb5fac: ff49 ba48 | d003 44a2 | 0100 004c | 8954 2408 | 48c7 0424 | ffff ffff 

  0x000001a232bb5fc4: ;   {runtime_call counter_overflow Runtime1 stub}
  0x000001a232bb5fc4: e8b7 f846 

  0x000001a232bb5fc8: ; ImmutableOopMap {rax=Oop }
                      ;*synchronization entry
                      ; - java.lang.ref.Reference::reachabilityFence@-1
                      ; - java.security.AccessController::executePrivileged@60
                      ;   {internal_word}
  0x000001a232bb5fc8: 07eb 8849 | ba58 5fbb | 32a2 0100 | 004d 8997 | 6004 0000 

  0x000001a232bb5fdc: ;   {runtime_call SafepointBlob}
  0x000001a232bb5fdc: e99f fb3b | 0749 8b87 | f804 0000 | 49c7 87f8 | 0400 0000 | 0000 0049 | c787 0005 | 0000 0000 
  0x000001a232bb5ffc: 0000 4883 

  0x000001a232bb6000: ;   {runtime_call unwind_exception Runtime1 stub}
  0x000001a232bb6000: c440 5de9 | f87d 4607 
[Stub Code]
  0x000001a232bb6008: ;   {no_reloc}
  0x000001a232bb6008: 0f1f 4400 

  0x000001a232bb600c: ;   {static_stub}
  0x000001a232bb600c: 0048 bb00 | 0000 0000 

  0x000001a232bb6014: ;   {runtime_call nmethod}
  0x000001a232bb6014: 0000 00e9 | fbff ffff 

  0x000001a232bb601c: ;   {static_stub}
  0x000001a232bb601c: 48bb 28cc | 4644 a201 

  0x000001a232bb6024: ;   {runtime_call I2C/C2I adapters}
  0x000001a232bb6024: 0000 e9b8 

  0x000001a232bb6028: ;   {runtime_call handle_exception_from_callee Runtime1 stub}
  0x000001a232bb6028: 7b3b 07e8 | d0b2 4607 

  0x000001a232bb6030: ;   {external_word}
  0x000001a232bb6030: 48b9 907f | 6ded f87f | 0000 4883 

  0x000001a232bb603c: ;   {runtime_call}
  0x000001a232bb603c: e4f0 48b8 | f042 30ed | f87f 0000 

  0x000001a232bb6048: ;   {section_word}
  0x000001a232bb6048: ffd0 f449 | ba4b 60bb | 32a2 0100 

  0x000001a232bb6054: ;   {runtime_call DeoptimizationBlob}
  0x000001a232bb6054: 0041 52e9 | c40f 3c07 | f4f4 f4f4 
[/MachCode]


Compiled method (c1) 6221 1114   !   3       java.lang.ClassLoader::loadClass (121 bytes)
 total in heap  [0x000001a232bba790,0x000001a232bbbd70] = 5600
 relocation     [0x000001a232bba8f0,0x000001a232bbaa58] = 360
 main code      [0x000001a232bbaa60,0x000001a232bbb648] = 3048
 stub code      [0x000001a232bbb648,0x000001a232bbb720] = 216
 oops           [0x000001a232bbb720,0x000001a232bbb730] = 16
 metadata       [0x000001a232bbb730,0x000001a232bbb798] = 104
 scopes data    [0x000001a232bbb798,0x000001a232bbb9f8] = 608
 scopes pcs     [0x000001a232bbb9f8,0x000001a232bbbbb8] = 448
 dependencies   [0x000001a232bbbbb8,0x000001a232bbbbd8] = 32
 handler table  [0x000001a232bbbbd8,0x000001a232bbbd58] = 384
 nul chk table  [0x000001a232bbbd58,0x000001a232bbbd70] = 24

[Constant Pool (empty)]

[MachCode]
[Entry Point]
  # {method} {0x000001a244014090} 'loadClass' '(Ljava/lang/String;Z)Ljava/lang/Class;' in 'java/lang/ClassLoader'
  # this:     rdx:rdx   = 'java/lang/ClassLoader'
  # parm0:    r8:r8     = 'java/lang/String'
  # parm1:    r9        = boolean
  #           [sp+0xd0]  (sp of caller)
  0x000001a232bbaa60: 448b 5208 | 49bb 0000 | 0044 a201 | 0000 4d03 | d34c 3bd0 

  0x000001a232bbaa74: ;   {runtime_call ic_miss_stub}
  0x000001a232bbaa74: 0f85 063c | 3b07 660f | 1f44 0000 
[Verified Entry Point]
  0x000001a232bbaa80: 8984 2400 | 80ff ff55 | 4881 ecc0 | 0000 0090 | 4181 7f20 | 0100 0000 

  0x000001a232bbaa98: ;   {runtime_call StubRoutines (final stubs)}
  0x000001a232bbaa98: 7405 e861 | 2d3a 0748 | 8954 2450 | 4c89 4424 

  0x000001a232bbaaa8: ;   {metadata(method data for {method} {0x000001a244014090} 'loadClass' '(Ljava/lang/String;Z)Ljava/lang/Class;' in 'java/lang/ClassLoader')}
  0x000001a232bbaaa8: 5848 bee8 | c42e 86a2 | 0100 008b | becc 0000 | 0083 c702 | 89be cc00 | 0000 81e7 | fe07 0000 
  0x000001a232bbaac8: 85ff 0f84 | 7409 0000 | 4489 4c24 | 6048 8bf2 

  0x000001a232bbaad8: ;   {metadata(method data for {method} {0x000001a244014090} 'loadClass' '(Ljava/lang/String;Z)Ljava/lang/Class;' in 'java/lang/ClassLoader')}
  0x000001a232bbaad8: 48bf e8c4 | 2e86 a201 | 0000 8b76 | 0849 ba00 | 0000 44a2 | 0100 0049 | 03f2 483b | b720 0100 
  0x000001a232bbaaf8: 0075 0d48 | 8387 2801 | 0000 01e9 | 6000 0000 | 483b b730 | 0100 0075 | 0d48 8387 | 3801 0000 
  0x000001a232bbab18: 01e9 4a00 | 0000 4883 | bf20 0100 | 0000 7517 | 4889 b720 | 0100 0048 | c787 2801 | 0000 0100 
  0x000001a232bbab38: 0000 e929 | 0000 0048 | 83bf 3001 | 0000 0075 | 1748 89b7 | 3001 0000 | 48c7 8738 | 0100 0001 
  0x000001a232bbab58: 0000 00e9 | 0800 0000 | 4883 8710 | 0100 0001 | 498b f04c | 8bc6 488b | fa48 8bd7 

  0x000001a232bbab74: ;   {optimized virtual_call}
  0x000001a232bbab74: 6666 90e8 

  0x000001a232bbab78: ; ImmutableOopMap {[80]=Oop [88]=Oop }
                      ;*invokevirtual getClassLoadingLock {reexecute=0 rethrow=0 return_oop=0}
                      ; - java.lang.ClassLoader::loadClass@2
  0x000001a232bbab78: 846a fbff 

  0x000001a232bbab7c: ;   {other}
  0x000001a232bbab7c: 0f1f 8400 | ec03 0000 | 4889 4424 | 6848 8d94 | 24a0 0000 | 0048 8bf0 | 4889 7208 

  0x000001a232bbab98: ; implicit exception: dispatches to 0x000001a232bbb465
  0x000001a232bbab98: 488b 0648 | 83c8 0148 | 8902 f048 | 0fb1 160f | 8412 0000 | 0048 2bc4 | 4825 07f0 | ffff 4889 
  0x000001a232bbabb8: 020f 85ab | 0800 0049 | ff87 4805 | 0000 488b 

  0x000001a232bbabc8: ;   {metadata(method data for {method} {0x000001a244014090} 'loadClass' '(Ljava/lang/String;Z)Ljava/lang/Class;' in 'java/lang/ClassLoader')}
  0x000001a232bbabc8: 5424 5048 | bee8 c42e | 86a2 0100 | 0048 8386 | 4801 0000 

  0x000001a232bbabdc: ;   {metadata(method data for {method} {0x000001a244431478} 'findLoadedClass' '(Ljava/lang/String;)Ljava/lang/Class;' in 'java/lang/ClassLoader')}
  0x000001a232bbabdc: 0148 ba78 | 0824 86a2 | 0100 008b | b2cc 0000 | 0083 c602 | 89b2 cc00 | 0000 81e6 | feff 1f00 
  0x000001a232bbabfc: 85f6 0f84 | 7908 0000 

  0x000001a232bbac04: ;   {metadata(method data for {method} {0x000001a244431478} 'findLoadedClass' '(Ljava/lang/String;)Ljava/lang/Class;' in 'java/lang/ClassLoader')}
  0x000001a232bbac04: 48ba 7808 | 2486 a201 | 0000 4883 | 8210 0100 | 0001 488b | 5424 580f 

  0x000001a232bbac1c: ;   {static_call}
  0x000001a232bbac1c: 1f40 00e8 

  0x000001a232bbac20: ; ImmutableOopMap {[80]=Oop [88]=Oop [104]=Oop [168]=Oop }
                      ;*invokestatic checkName {reexecute=0 rethrow=0 return_oop=0}
                      ; - java.lang.ClassLoader::findLoadedClass@1
                      ; - java.lang.ClassLoader::loadClass@10
  0x000001a232bbac20: 9c0d edff 

  0x000001a232bbac24: ;   {other}
  0x000001a232bbac24: 0f1f 8400 | 9404 0001 

  0x000001a232bbac2c: ;   {metadata(method data for {method} {0x000001a244431478} 'findLoadedClass' '(Ljava/lang/String;)Ljava/lang/Class;' in 'java/lang/ClassLoader')}
  0x000001a232bbac2c: 85c0 49b8 | 7808 2486 | a201 0000 | 48c7 c220 | 0100 0075 | 0748 c7c2 | 3001 0000 | 498b 3410 
  0x000001a232bbac4c: 488d 7601 | 4989 3410 | 0f85 0f00 

  0x000001a232bbac58: ;   {oop(nullptr)}
  0x000001a232bbac58: 0000 48be | 0000 0000 | 0000 0000 | e936 0000 | 0048 8b54 

  0x000001a232bbac6c: ;   {metadata(method data for {method} {0x000001a244431478} 'findLoadedClass' '(Ljava/lang/String;)Ljava/lang/Class;' in 'java/lang/ClassLoader')}
  0x000001a232bbac6c: 2450 49b8 | 7808 2486 | a201 0000 | 4983 8040 | 0100 0001 | 4c8b 4424 | 5848 8b54 | 2450 0f1f 
  0x000001a232bbac8c: ;   {optimized virtual_call}
  0x000001a232bbac8c: 4400 00e8 

  0x000001a232bbac90: ; ImmutableOopMap {[80]=Oop [88]=Oop [104]=Oop [168]=Oop }
                      ;*invokevirtual findLoadedClass0 {reexecute=0 rethrow=0 return_oop=0}
                      ; - java.lang.ClassLoader::findLoadedClass@11
                      ; - java.lang.ClassLoader::loadClass@10
  0x000001a232bbac90: acad 9207 

  0x000001a232bbac94: ;   {other}
  0x000001a232bbac94: 0f1f 8400 | 0405 0002 | 488b f048 

  0x000001a232bbaca0: ;   {metadata(method data for {method} {0x000001a244014090} 'loadClass' '(Ljava/lang/String;Z)Ljava/lang/Class;' in 'java/lang/ClassLoader')}
  0x000001a232bbaca0: 85f6 48bf | e8c4 2e86 | a201 0000 | 48c7 c380 | 0100 0075 | 0748 c7c3 | 9001 0000 | 488b 041f 
  0x000001a232bbacc0: 488d 4001 | 4889 041f | 0f85 9605 | 0000 4889 

  0x000001a232bbacd0: ;   {metadata(method data for {method} {0x000001a244014090} 'loadClass' '(Ljava/lang/String;Z)Ljava/lang/Class;' in 'java/lang/ClassLoader')}
  0x000001a232bbacd0: 7424 7048 | bfe8 c42e | 86a2 0100 | 0048 8387 | a001 0000 

  0x000001a232bbace4: ;   {runtime_call}
  0x000001a232bbace4: 0148 b8e0 | 8b3a edf8 | 7f00 00ff 

  0x000001a232bbacf0: ;   {other}
  0x000001a232bbacf0: d00f 1f84 | 0000 0000 | 0048 8944 | 2478 488b | 5424 508b | 7218 4885 

  0x000001a232bbad08: ;   {metadata(method data for {method} {0x000001a244014090} 'loadClass' '(Ljava/lang/String;Z)Ljava/lang/Class;' in 'java/lang/ClassLoader')}
  0x000001a232bbad08: f649 b8e8 | c42e 86a2 | 0100 0049 | c7c1 b001 | 0000 7407 | 49c7 c1c0 | 0100 004b | 8b3c 0848 
  0x000001a232bbad28: 8d7f 014b | 893c 080f | 84d4 0000 | 0048 3b06 

  0x000001a232bbad38: ;   {metadata(method data for {method} {0x000001a244014090} 'loadClass' '(Ljava/lang/String;Z)Ljava/lang/Class;' in 'java/lang/ClassLoader')}
  0x000001a232bbad38: 4c8b c649 | b9e8 c42e | 86a2 0100 | 0045 8b40 | 0849 ba00 | 0000 44a2 | 0100 004d | 03c2 4d3b 
  0x000001a232bbad58: 81e0 0100 | 0075 0d49 | 8381 e801 | 0000 01e9 | 6000 0000 | 4d3b 81f0 | 0100 0075 | 0d49 8381 
  0x000001a232bbad78: f801 0000 | 01e9 4a00 | 0000 4983 | b9e0 0100 | 0000 7517 | 4d89 81e0 | 0100 0049 | c781 e801 
  0x000001a232bbad98: 0000 0100 | 0000 e929 | 0000 0049 | 83b9 f001 | 0000 0075 | 174d 8981 | f001 0000 | 49c7 81f8 
  0x000001a232bbadb8: 0100 0001 | 0000 00e9 | 0800 0000 | 4983 81d0 | 0100 0001 | 4c8b 4424 | 5841 b900 | 0000 0048 
  0x000001a232bbadd8: 8bd6 6666 | 9048 b888 | a206 44a2 

  0x000001a232bbade4: ;   {virtual_call}
  0x000001a232bbade4: 0100 00e8 

  0x000001a232bbade8: ; ImmutableOopMap {[80]=Oop [88]=Oop [104]=Oop [112]=Oop [168]=Oop }
                      ;*invokevirtual loadClass {reexecute=0 rethrow=0 return_oop=0}
                      ; - java.lang.ClassLoader::loadClass@38
  0x000001a232bbade8: 7478 fdff 

  0x000001a232bbadec: ;   {other}
  0x000001a232bbadec: 0f1f 8400 | 5c06 0003 

  0x000001a232bbadf4: ;   {metadata(method data for {method} {0x000001a244014090} 'loadClass' '(Ljava/lang/String;Z)Ljava/lang/Class;' in 'java/lang/ClassLoader')}
  0x000001a232bbadf4: 48ba e8c4 | 2e86 a201 | 0000 ff82 | 0802 0000 | e9d1 0000 

  0x000001a232bbae08: ;   {metadata(method data for {method} {0x000001a244014090} 'loadClass' '(Ljava/lang/String;Z)Ljava/lang/Class;' in 'java/lang/ClassLoader')}
  0x000001a232bbae08: 0048 bae8 | c42e 86a2 | 0100 0048 | 8382 2002 

  0x000001a232bbae18: ;   {metadata(method data for {method} {0x000001a244431420} 'findBootstrapClassOrNull' '(Ljava/lang/String;)Ljava/lang/Class;' in 'java/lang/ClassLoader')}
  0x000001a232bbae18: 0000 0148 | ba40 ab2d | 86a2 0100 | 008b b2cc | 0000 0083 | c602 89b2 | cc00 0000 | 81e6 feff 
  0x000001a232bbae38: 1f00 85f6 | 0f84 6106 

  0x000001a232bbae40: ;   {metadata(method data for {method} {0x000001a244431420} 'findBootstrapClassOrNull' '(Ljava/lang/String;)Ljava/lang/Class;' in 'java/lang/ClassLoader')}
  0x000001a232bbae40: 0000 48ba | 40ab 2d86 | a201 0000 | 4883 8210 | 0100 0001 | 488b 5424 | 5866 0f1f 

  0x000001a232bbae5c: ;   {static_call}
  0x000001a232bbae5c: 4400 00e8 

  0x000001a232bbae60: ; ImmutableOopMap {[80]=Oop [88]=Oop [104]=Oop [112]=Oop [168]=Oop }
                      ;*invokestatic checkName {reexecute=0 rethrow=0 return_oop=0}
                      ; - java.lang.ClassLoader::findBootstrapClassOrNull@1
                      ; - java.lang.ClassLoader::loadClass@47
  0x000001a232bbae60: 1c47 3b07 

  0x000001a232bbae64: ;   {other}
  0x000001a232bbae64: 0f1f 8400 | d406 0004 

  0x000001a232bbae6c: ;   {metadata(method data for {method} {0x000001a244431420} 'findBootstrapClassOrNull' '(Ljava/lang/String;)Ljava/lang/Class;' in 'java/lang/ClassLoader')}
  0x000001a232bbae6c: 85c0 48ba | 40ab 2d86 | a201 0000 | 48c7 c620 | 0100 0075 | 0748 c7c6 | 3001 0000 | 488b 3c32 
  0x000001a232bbae8c: 488d 7f01 | 4889 3c32 | 0f85 0f00 

  0x000001a232bbae98: ;   {oop(nullptr)}
  0x000001a232bbae98: 0000 48be | 0000 0000 | 0000 0000 | e92e 0000 

  0x000001a232bbaea8: ;   {metadata(method data for {method} {0x000001a244431420} 'findBootstrapClassOrNull' '(Ljava/lang/String;)Ljava/lang/Class;' in 'java/lang/ClassLoader')}
  0x000001a232bbaea8: 0048 ba40 | ab2d 86a2 | 0100 0048 | 8382 4001 | 0000 0148 | 8b54 2458 | 0f1f 8000 

  0x000001a232bbaec4: ;   {static_call}
  0x000001a232bbaec4: 0000 00e8 

  0x000001a232bbaec8: ; ImmutableOopMap {[80]=Oop [88]=Oop [104]=Oop [112]=Oop [168]=Oop }
                      ;*invokestatic findBootstrapClass {reexecute=0 rethrow=0 return_oop=0}
                      ; - java.lang.ClassLoader::findBootstrapClassOrNull@10
                      ; - java.lang.ClassLoader::loadClass@47
  0x000001a232bbaec8: b446 3b07 

  0x000001a232bbaecc: ;   {other}
  0x000001a232bbaecc: 0f1f 8400 | 3c07 0005 | 488b f048 

  0x000001a232bbaed8: ;   {metadata(method data for {method} {0x000001a244014090} 'loadClass' '(Ljava/lang/String;Z)Ljava/lang/Class;' in 'java/lang/ClassLoader')}
  0x000001a232bbaed8: 8bc6 48be | e8c4 2e86 | a201 0000 | ff86 3002 | 0000 e91e | 0000 0049 | 8b87 f804 | 0000 4d33 
  0x000001a232bbaef8: d24d 8997 | f804 0000 | 4d33 d24d | 8997 0005 | 0000 488b | c648 85c0 

  0x000001a232bbaf10: ;   {metadata(method data for {method} {0x000001a244014090} 'loadClass' '(Ljava/lang/String;Z)Ljava/lang/Class;' in 'java/lang/ClassLoader')}
  0x000001a232bbaf10: 48be e8c4 | 2e86 a201 | 0000 48c7 | c758 0200 | 0074 0748 | c7c7 4802 | 0000 488b | 1c3e 488d 
  0x000001a232bbaf30: 5b01 4889 | 1c3e 0f84 | 0800 0000 | 488b f0e9 | 2003 0000 

  0x000001a232bbaf44: ;   {metadata(method data for {method} {0x000001a244014090} 'loadClass' '(Ljava/lang/String;Z)Ljava/lang/Class;' in 'java/lang/ClassLoader')}
  0x000001a232bbaf44: 48be e8c4 | 2e86 a201 | 0000 4883 | 8668 0200 

  0x000001a232bbaf54: ;   {runtime_call}
  0x000001a232bbaf54: 0001 48b8 | e08b 3aed | f87f 0000 

  0x000001a232bbaf60: ;   {other}
  0x000001a232bbaf60: ffd0 0f1f | 8400 0000 | 0000 488b 

  0x000001a232bbaf6c: ;   {metadata(method data for {method} {0x000001a244014090} 'loadClass' '(Ljava/lang/String;Z)Ljava/lang/Class;' in 'java/lang/ClassLoader')}
  0x000001a232bbaf6c: 5424 5049 | b8e8 c42e | 86a2 0100 | 008b 5208 | 49ba 0000 | 0044 a201 | 0000 4903 | d249 3b90 
  0x000001a232bbaf8c: 8802 0000 | 750d 4983 | 8090 0200 | 0001 e960 | 0000 0049 | 3b90 9802 | 0000 750d | 4983 80a0 
  0x000001a232bbafac: 0200 0001 | e94a 0000 | 0049 83b8 | 8802 0000 | 0075 1749 | 8990 8802 | 0000 49c7 | 8090 0200 
  0x000001a232bbafcc: 0001 0000 | 00e9 2900 | 0000 4983 | b898 0200 | 0000 7517 | 4989 9098 | 0200 0049 | c780 a002 
  0x000001a232bbafec: 0000 0100 | 0000 e908 | 0000 0049 | 8380 7802 | 0000 014c | 8b44 2458 | 488b 5424 | 5048 8984 
  0x000001a232bbb00c: 2480 0000 | 000f 1f40 | 0048 b8ff | ffff ffff 

  0x000001a232bbb01c: ;   {virtual_call}
  0x000001a232bbb01c: ffff ffe8 

  0x000001a232bbb020: ; ImmutableOopMap {[80]=Oop [104]=Oop [168]=Oop }
                      ;*invokevirtual findClass {reexecute=0 rethrow=0 return_oop=0}
                      ; - java.lang.ClassLoader::loadClass@69
  0x000001a232bbb020: 3c06 3b07 

  0x000001a232bbb024: ;   {other}
  0x000001a232bbb024: 0f1f 8400 | 9408 0006 

  0x000001a232bbb02c: ;   {metadata(method data for {method} {0x000001a244014090} 'loadClass' '(Ljava/lang/String;Z)Ljava/lang/Class;' in 'java/lang/ClassLoader')}
  0x000001a232bbb02c: 49b8 e8c4 | 2e86 a201 | 0000 4983 | 80b0 0200 

  0x000001a232bbb03c: ;   {metadata(method data for {method} {0x000001a2441068a0} 'getParentDelegationTime' '()Ljdk/internal/perf/PerfCounter;' in 'jdk/internal/perf/PerfCounter')}
  0x000001a232bbb03c: 0001 49b8 | 18c9 2e86 | a201 0000 | 418b 90cc | 0000 0083 | c202 4189 | 90cc 0000 | 0081 e2fe 
  0x000001a232bbb05c: ff1f 0085 | d20f 845d 

  0x000001a232bbb064: ;   {oop(a 'jdk/internal/perf/PerfCounter'{0x00000000ec52f9a8})}
  0x000001a232bbb064: 0400 0048 | baa8 f952 | ec00 0000 | 004c 8bc2 

  0x000001a232bbb074: ;   {metadata(method data for {method} {0x000001a244014090} 'loadClass' '(Ljava/lang/String;Z)Ljava/lang/Class;' in 'java/lang/ClassLoader')}
  0x000001a232bbb074: 48be e8c4 | 2e86 a201 

  0x000001a232bbb07c: ;   {metadata('jdk/internal/perf/PerfCounter')}
  0x000001a232bbb07c: 0000 49ba | d05e 1044 | a201 0000 | 4c89 96d0 | 0200 0048 | 8386 d802 | 0000 014c | 8b84 2480 
  0x000001a232bbb09c: 0000 0048 | 8b74 2478 

  0x000001a232bbb0a4: ;   {metadata(method data for {method} {0x000001a244106690} 'addTime' '(J)V' in 'jdk/internal/perf/PerfCounter')}
  0x000001a232bbb0a4: 4c2b c648 | be40 ca2e | 86a2 0100 | 008b becc | 0000 0083 | c702 89be | cc00 0000 | 81e7 feff 
  0x000001a232bbb0c4: 1f00 85ff | 0f84 1704 | 0000 488b 

  0x000001a232bbb0d0: ;   {metadata(method data for {method} {0x000001a244106690} 'addTime' '(J)V' in 'jdk/internal/perf/PerfCounter')}
  0x000001a232bbb0d0: f248 bf40 | ca2e 86a2 

  0x000001a232bbb0d8: ;   {metadata('jdk/internal/perf/PerfCounter')}
  0x000001a232bbb0d8: 0100 0049 | bad0 5e10 | 44a2 0100 | 004c 8997 | 2001 0000 | 4883 8728 | 0100 0001 | 4889 8424 
  0x000001a232bbb0f8: 8800 0000 

  0x000001a232bbb0fc: ;   {optimized virtual_call}
  0x000001a232bbb0fc: 6666 90e8 

  0x000001a232bbb100: ; ImmutableOopMap {[80]=Oop [104]=Oop [136]=Oop [168]=Oop }
                      ;*invokevirtual add {reexecute=0 rethrow=0 return_oop=0}
                      ; - jdk.internal.perf.PerfCounter::addTime@2
                      ; - java.lang.ClassLoader::loadClass@82
  0x000001a232bbb100: 7ca2 fdff 

  0x000001a232bbb104: ;   {other}
  0x000001a232bbb104: 0f1f 8400 | 7409 0007 

  0x000001a232bbb10c: ;   {metadata(method data for {method} {0x000001a244014090} 'loadClass' '(Ljava/lang/String;Z)Ljava/lang/Class;' in 'java/lang/ClassLoader')}
  0x000001a232bbb10c: 49b8 e8c4 | 2e86 a201 | 0000 4983 | 80f8 0200 

  0x000001a232bbb11c: ;   {metadata(method data for {method} {0x000001a2441068f8} 'getFindClassTime' '()Ljdk/internal/perf/PerfCounter;' in 'jdk/internal/perf/PerfCounter')}
  0x000001a232bbb11c: 0001 49b8 | d8cb 2e86 | a201 0000 | 418b 90cc | 0000 0083 | c202 4189 | 90cc 0000 | 0081 e2fe 
  0x000001a232bbb13c: ff1f 0085 | d20f 84bf 

  0x000001a232bbb144: ;   {oop(a 'jdk/internal/perf/PerfCounter'{0x00000000ec52f888})}
  0x000001a232bbb144: 0300 0048 | ba88 f852 | ec00 0000 | 004c 8bc2 

  0x000001a232bbb154: ;   {metadata(method data for {method} {0x000001a244014090} 'loadClass' '(Ljava/lang/String;Z)Ljava/lang/Class;' in 'java/lang/ClassLoader')}
  0x000001a232bbb154: 48be e8c4 | 2e86 a201 

  0x000001a232bbb15c: ;   {metadata('jdk/internal/perf/PerfCounter')}
  0x000001a232bbb15c: 0000 49ba | d05e 1044 | a201 0000 | 4c89 9618 | 0300 0048 | 8386 2003 | 0000 014c | 8b84 2480 
  0x000001a232bbb17c: ;   {optimized virtual_call}
  0x000001a232bbb17c: 0000 00e8 

  0x000001a232bbb180: ; ImmutableOopMap {[80]=Oop [104]=Oop [136]=Oop [168]=Oop }
                      ;*invokevirtual addElapsedTimeFrom {reexecute=0 rethrow=0 return_oop=0}
                      ; - java.lang.ClassLoader::loadClass@90
  0x000001a232bbb180: 0905 0000 

  0x000001a232bbb184: ;   {other}
  0x000001a232bbb184: 0f1f 8400 | f409 0008 

  0x000001a232bbb18c: ;   {metadata(method data for {method} {0x000001a244014090} 'loadClass' '(Ljava/lang/String;Z)Ljava/lang/Class;' in 'java/lang/ClassLoader')}
  0x000001a232bbb18c: 49b8 e8c4 | 2e86 a201 | 0000 4983 | 8040 0300 

  0x000001a232bbb19c: ;   {metadata(method data for {method} {0x000001a244106950} 'getFindClasses' '()Ljdk/internal/perf/PerfCounter;' in 'jdk/internal/perf/PerfCounter')}
  0x000001a232bbb19c: 0001 49b8 | a8ce 2e86 | a201 0000 | 418b 90cc | 0000 0083 | c202 4189 | 90cc 0000 | 0081 e2fe 
  0x000001a232bbb1bc: ff1f 0085 | d20f 8460 

  0x000001a232bbb1c4: ;   {oop(a 'jdk/internal/perf/PerfCounter'{0x00000000ec52f918})}
  0x000001a232bbb1c4: 0300 0048 | ba18 f952 | ec00 0000 | 004c 8bc2 

  0x000001a232bbb1d4: ;   {metadata(method data for {method} {0x000001a244014090} 'loadClass' '(Ljava/lang/String;Z)Ljava/lang/Class;' in 'java/lang/ClassLoader')}
  0x000001a232bbb1d4: 48be e8c4 | 2e86 a201 

  0x000001a232bbb1dc: ;   {metadata('jdk/internal/perf/PerfCounter')}
  0x000001a232bbb1dc: 0000 49ba | d05e 1044 | a201 0000 | 4c89 9660 | 0300 0048 | 8386 6803 

  0x000001a232bbb1f4: ;   {metadata(method data for {method} {0x000001a244106740} 'increment' '()V' in 'jdk/internal/perf/PerfCounter')}
  0x000001a232bbb1f4: 0000 0149 | b8d0 cf2e | 86a2 0100 | 0041 8bb0 | cc00 0000 | 83c6 0241 | 89b0 cc00 | 0000 81e6 
  0x000001a232bbb214: feff 1f00 | 85f6 0f84 | 2803 0000 

  0x000001a232bbb220: ;   {metadata(method data for {method} {0x000001a244106740} 'increment' '()V' in 'jdk/internal/perf/PerfCounter')}
  0x000001a232bbb220: 4c8b c248 | bed0 cf2e | 86a2 0100 

  0x000001a232bbb22c: ;   {metadata('jdk/internal/perf/PerfCounter')}
  0x000001a232bbb22c: 0049 bad0 | 5e10 44a2 | 0100 004c | 8996 2001 | 0000 4883 | 8628 0100 | 0001 49c7 | c001 0000 
  0x000001a232bbb24c: ;   {optimized virtual_call}
  0x000001a232bbb24c: 0066 90e8 

  0x000001a232bbb250: ; ImmutableOopMap {[80]=Oop [104]=Oop [136]=Oop [168]=Oop }
                      ;*invokevirtual add {reexecute=0 rethrow=0 return_oop=0}
                      ; - jdk.internal.perf.PerfCounter::increment@2
                      ; - java.lang.ClassLoader::loadClass@96
  0x000001a232bbb250: 2ca1 fdff 

  0x000001a232bbb254: ;   {other}
  0x000001a232bbb254: 0f1f 8400 | c40a 0009 | 488b b424 | 8800 0000 | 448b 4c24 | 6045 85c9 

  0x000001a232bbb26c: ;   {metadata(method data for {method} {0x000001a244014090} 'loadClass' '(Ljava/lang/String;Z)Ljava/lang/Class;' in 'java/lang/ClassLoader')}
  0x000001a232bbb26c: 48b8 e8c4 | 2e86 a201 | 0000 48c7 | c288 0300 | 0074 0748 | c7c2 9803 | 0000 488b | 3c10 488d 
  0x000001a232bbb28c: 7f01 4889 | 3c10 0f84 | 6d00 0000 | 488b 5424 

  0x000001a232bbb29c: ;   {metadata(method data for {method} {0x000001a244014090} 'loadClass' '(Ljava/lang/String;Z)Ljava/lang/Class;' in 'java/lang/ClassLoader')}
  0x000001a232bbb29c: 5048 b8e8 | c42e 86a2 | 0100 0048 | 8380 a803 

  0x000001a232bbb2ac: ;   {metadata(method data for {method} {0x000001a2444313c8} 'resolveClass' '(Ljava/lang/Class;)V' in 'java/lang/ClassLoader')}
  0x000001a232bbb2ac: 0000 0148 | b820 352d | 86a2 0100 | 008b 90cc | 0000 0083 | c202 8990 | cc00 0000 | 81e2 feff 
  0x000001a232bbb2cc: 1f00 85d2 | 0f84 9302 | 0000 4885 

  0x000001a232bbb2d8: ;   {metadata(method data for {method} {0x000001a2444313c8} 'resolveClass' '(Ljava/lang/Class;)V' in 'java/lang/ClassLoader')}
  0x000001a232bbb2d8: f648 b820 | 352d 86a2 | 0100 0048 | c7c2 2001 | 0000 7407 | 48c7 c210 | 0100 0048 | 8b3c 1048 
  0x000001a232bbb2f8: 8d7f 0148 | 893c 100f | 8443 0000 | 0048 8d84 | 24a0 0000 | 0048 8b10 | 4885 d20f | 840f 0000 
  0x000001a232bbb318: 0048 8b78 | 08f0 480f | b117 0f85 | 6202 0000 | 49ff 8f48 | 0500 0048 | 8bc6 4881 | c4c0 0000 
  0x000001a232bbb338: ;   {poll_return}
  0x000001a232bbb338: 005d 493b | a748 0400 | 000f 8759 | 0200 00c3 | 4889 b424 | 9800 0000 

  0x000001a232bbb350: ;   {no_reloc}
  0x000001a232bbb350: e970 0200 | 0000 0000 | 0000 498b | 87b8 0100 | 0048 8d78 | 3049 3bbf | c801 0000 | 0f87 5d02 
  0x000001a232bbb370: 0000 4989 | bfb8 0100 | 0048 c700 | 0100 0000 | 488b ca49 | ba00 0000 | 44a2 0100 | 0049 2bca 
  0x000001a232bbb390: 8948 0848 | 33c9 8948 | 0c48 33c9 | 4889 4810 | 4889 4818 | 4889 4820 | 4889 4828 

  0x000001a232bbb3ac: ;   {metadata(method data for {method} {0x000001a2444313c8} 'resolveClass' '(Ljava/lang/Class;)V' in 'java/lang/ClassLoader')}
  0x000001a232bbb3ac: 488b d048 | be20 352d | 86a2 0100 | 0048 8386 | 3001 0000 | 0148 8bd0 | 4889 8424 | 9000 0000 
  0x000001a232bbb3cc: ;   {optimized virtual_call}
  0x000001a232bbb3cc: 6666 90e8 

  0x000001a232bbb3d0: ; ImmutableOopMap {[104]=Oop [144]=Oop [152]=Oop [168]=Oop }
                      ;*invokespecial <init> {reexecute=0 rethrow=0 return_oop=0}
                      ; - java.lang.ClassLoader::resolveClass@8
                      ; - java.lang.ClassLoader::loadClass@106
  0x000001a232bbb3d0: ac37 3b07 

  0x000001a232bbb3d4: ;   {other}
  0x000001a232bbb3d4: 0f1f 8400 | 440c 000a | 488b 8424 

  0x000001a232bbb3e0: ; ImmutableOopMap {rax=Oop [104]=Oop [152]=Oop [168]=Oop }
                      ;*athrow {reexecute=1 rethrow=0 return_oop=0}
                      ; - (reexecute) java.lang.ClassLoader::resolveClass@11
                      ; - java.lang.ClassLoader::loadClass@106
  0x000001a232bbb3e0: 9000 0000 

  0x000001a232bbb3e4: ;   {section_word}
  0x000001a232bbb3e4: 48ba e4b3 | bb32 a201 

  0x000001a232bbb3ec: ;   {runtime_call handle_exception_nofpu Runtime1 stub}
  0x000001a232bbb3ec: 0000 e80d | 5846 0790 | 498b 87f8 | 0400 004d | 33d2 4d89 | 97f8 0400 | 004d 33d2 | 4d89 9700 
  0x000001a232bbb40c: 0500 0048 | 8bf0 488d | 8424 a000 | 0000 488b | 3848 85ff | 0f84 0f00 | 0000 488b | 5808 f048 
  0x000001a232bbb42c: 0fb1 3b0f | 85a7 0100 | 0049 ff8f | 4805 0000 | 488b c6e9 | f301 0000 

  0x000001a232bbb444: ;   {metadata({method} {0x000001a244014090} 'loadClass' '(Ljava/lang/String;Z)Ljava/lang/Class;' in 'java/lang/ClassLoader')}
  0x000001a232bbb444: 49ba 8840 | 0144 a201 | 0000 4c89 | 5424 0848 | c704 24ff 

  0x000001a232bbb458: ;   {runtime_call counter_overflow Runtime1 stub}
  0x000001a232bbb458: ffff ffe8 

  0x000001a232bbb45c: ; ImmutableOopMap {rdx=Oop r8=Oop [80]=Oop [88]=Oop }
                      ;*synchronization entry
                      ; - java.lang.ClassLoader::loadClass@-1
  0x000001a232bbb45c: 20a4 4607 | e96b f6ff 

  0x000001a232bbb464: ;   {runtime_call throw_null_pointer_exception Runtime1 stub}
  0x000001a232bbb464: ffe8 b638 

  0x000001a232bbb468: ; ImmutableOopMap {rsi=Oop [80]=Oop [88]=Oop [104]=Oop }
                      ;*monitorenter {reexecute=0 rethrow=0 return_oop=0}
                      ; - java.lang.ClassLoader::loadClass@7
  0x000001a232bbb468: 4607 4889 | 7424 0848 

  0x000001a232bbb470: ;   {runtime_call monitorenter_nofpu Runtime1 stub}
  0x000001a232bbb470: 8914 24e8 

  0x000001a232bbb474: ; ImmutableOopMap {rsi=Oop [80]=Oop [88]=Oop [104]=Oop [168]=Oop }
                      ;*monitorenter {reexecute=0 rethrow=0 return_oop=0}
                      ; - java.lang.ClassLoader::loadClass@7
  0x000001a232bbb474: 087a 4607 | e949 f7ff 

  0x000001a232bbb47c: ;   {metadata({method} {0x000001a244431478} 'findLoadedClass' '(Ljava/lang/String;)Ljava/lang/Class;' in 'java/lang/ClassLoader')}
  0x000001a232bbb47c: ff49 ba70 | 1443 44a2 | 0100 004c | 8954 2408 | 48c7 0424 | ffff ffff 

  0x000001a232bbb494: ;   {runtime_call counter_overflow Runtime1 stub}
  0x000001a232bbb494: e8e7 a346 

  0x000001a232bbb498: ; ImmutableOopMap {[80]=Oop [88]=Oop [104]=Oop [168]=Oop }
                      ;*synchronization entry
                      ; - java.lang.ClassLoader::findLoadedClass@-1
                      ; - java.lang.ClassLoader::loadClass@10
  0x000001a232bbb498: 07e9 66f7 

  0x000001a232bbb49c: ;   {runtime_call throw_null_pointer_exception Runtime1 stub}
  0x000001a232bbb49c: ffff e87d 

  0x000001a232bbb4a0: ; ImmutableOopMap {rsi=Oop [80]=Oop [88]=Oop [104]=Oop [112]=Oop [168]=Oop }
                      ;*invokevirtual loadClass {reexecute=0 rethrow=0 return_oop=0}
                      ; - java.lang.ClassLoader::loadClass@38
                      ;   {metadata({method} {0x000001a244431420} 'findBootstrapClassOrNull' '(Ljava/lang/String;)Ljava/lang/Class;' in 'java/lang/ClassLoader')}
  0x000001a232bbb4a0: 3846 0749 | ba18 1443 | 44a2 0100 | 004c 8954 | 2408 48c7 | 0424 ffff 

  0x000001a232bbb4b8: ;   {runtime_call counter_overflow Runtime1 stub}
  0x000001a232bbb4b8: ffff e8c1 

  0x000001a232bbb4bc: ; ImmutableOopMap {[80]=Oop [88]=Oop [104]=Oop [112]=Oop [168]=Oop }
                      ;*synchronization entry
                      ; - java.lang.ClassLoader::findBootstrapClassOrNull@-1
                      ; - java.lang.ClassLoader::loadClass@47
  0x000001a232bbb4bc: a346 07e9 | 7ef9 ffff 

  0x000001a232bbb4c4: ;   {metadata({method} {0x000001a2441068a0} 'getParentDelegationTime' '()Ljdk/internal/perf/PerfCounter;' in 'jdk/internal/perf/PerfCounter')}
  0x000001a232bbb4c4: 49ba 9868 | 1044 a201 | 0000 4c89 | 5424 0848 | c704 24ff 

  0x000001a232bbb4d8: ;   {runtime_call counter_overflow Runtime1 stub}
  0x000001a232bbb4d8: ffff ffe8 

  0x000001a232bbb4dc: ; ImmutableOopMap {rax=Oop [80]=Oop [104]=Oop [168]=Oop }
                      ;*synchronization entry
                      ; - jdk.internal.perf.PerfCounter::getParentDelegationTime@-1
                      ; - java.lang.ClassLoader::loadClass@74
  0x000001a232bbb4dc: a0a3 4607 | e982 fbff 

  0x000001a232bbb4e4: ;   {metadata({method} {0x000001a244106690} 'addTime' '(J)V' in 'jdk/internal/perf/PerfCounter')}
  0x000001a232bbb4e4: ff49 ba88 | 6610 44a2 | 0100 004c | 8954 2408 | 48c7 0424 | ffff ffff 

  0x000001a232bbb4fc: ;   {runtime_call counter_overflow Runtime1 stub}
  0x000001a232bbb4fc: e87f a346 

  0x000001a232bbb500: ; ImmutableOopMap {rax=Oop rdx=Oop [80]=Oop [104]=Oop [168]=Oop }
                      ;*synchronization entry
                      ; - jdk.internal.perf.PerfCounter::addTime@-1
                      ; - java.lang.ClassLoader::loadClass@82
  0x000001a232bbb500: 07e9 c8fb 

  0x000001a232bbb504: ;   {metadata({method} {0x000001a2441068f8} 'getFindClassTime' '()Ljdk/internal/perf/PerfCounter;' in 'jdk/internal/perf/PerfCounter')}
  0x000001a232bbb504: ffff 49ba | f068 1044 | a201 0000 | 4c89 5424 | 0848 c704 | 24ff ffff 

  0x000001a232bbb51c: ;   {runtime_call counter_overflow Runtime1 stub}
  0x000001a232bbb51c: ffe8 5ea3 

  0x000001a232bbb520: ; ImmutableOopMap {[80]=Oop [104]=Oop [136]=Oop [168]=Oop }
                      ;*synchronization entry
                      ; - jdk.internal.perf.PerfCounter::getFindClassTime@-1
                      ; - java.lang.ClassLoader::loadClass@85
  0x000001a232bbb520: 4607 e920 

  0x000001a232bbb524: ;   {metadata({method} {0x000001a244106950} 'getFindClasses' '()Ljdk/internal/perf/PerfCounter;' in 'jdk/internal/perf/PerfCounter')}
  0x000001a232bbb524: fcff ff49 | ba48 6910 | 44a2 0100 | 004c 8954 | 2408 48c7 | 0424 ffff 

  0x000001a232bbb53c: ;   {runtime_call counter_overflow Runtime1 stub}
  0x000001a232bbb53c: ffff e83d 

  0x000001a232bbb540: ; ImmutableOopMap {[80]=Oop [104]=Oop [136]=Oop [168]=Oop }
                      ;*synchronization entry
                      ; - jdk.internal.perf.PerfCounter::getFindClasses@-1
                      ; - java.lang.ClassLoader::loadClass@93
  0x000001a232bbb540: a346 07e9 | 7ffc ffff 

  0x000001a232bbb548: ;   {metadata({method} {0x000001a244106740} 'increment' '()V' in 'jdk/internal/perf/PerfCounter')}
  0x000001a232bbb548: 49ba 3867 | 1044 a201 | 0000 4c89 | 5424 0848 | c704 24ff 

  0x000001a232bbb55c: ;   {runtime_call counter_overflow Runtime1 stub}
  0x000001a232bbb55c: ffff ffe8 

  0x000001a232bbb560: ; ImmutableOopMap {rdx=Oop [80]=Oop [104]=Oop [136]=Oop [168]=Oop }
                      ;*synchronization entry
                      ; - jdk.internal.perf.PerfCounter::increment@-1
                      ; - java.lang.ClassLoader::loadClass@96
  0x000001a232bbb560: 1ca3 4607 | e9b7 fcff 

  0x000001a232bbb568: ;   {metadata({method} {0x000001a2444313c8} 'resolveClass' '(Ljava/lang/Class;)V' in 'java/lang/ClassLoader')}
  0x000001a232bbb568: ff49 bac0 | 1343 44a2 | 0100 004c | 8954 2408 | 48c7 0424 | ffff ffff 

  0x000001a232bbb580: ;   {runtime_call counter_overflow Runtime1 stub}
  0x000001a232bbb580: e8fb a246 

  0x000001a232bbb584: ; ImmutableOopMap {rsi=Oop [104]=Oop [168]=Oop }
                      ;*synchronization entry
                      ; - java.lang.ClassLoader::resolveClass@-1
                      ; - java.lang.ClassLoader::loadClass@106
  0x000001a232bbb584: 07e9 4cfd | ffff 488d | 8424 a000 | 0000 4889 

  0x000001a232bbb594: ;   {runtime_call monitorexit_nofpu Runtime1 stub}
  0x000001a232bbb594: 0424 e865 | 7f46 07e9 | 8ffd ffff 

  0x000001a232bbb5a0: ;   {internal_word}
  0x000001a232bbb5a0: 49ba 3ab3 | bb32 a201 | 0000 4d89 | 9760 0400 

  0x000001a232bbb5b0: ;   {runtime_call SafepointBlob}
  0x000001a232bbb5b0: 00e9 caa5 

  0x000001a232bbb5b4: ;   {metadata(nullptr)}
  0x000001a232bbb5b4: 3b07 48ba | 0000 0000 | 0000 0000 | b800 0f05 

  0x000001a232bbb5c4: ;   {runtime_call load_klass_patching Runtime1 stub}
  0x000001a232bbb5c4: 0ae8 368c 

  0x000001a232bbb5c8: ; ImmutableOopMap {[104]=Oop [152]=Oop [168]=Oop }
                      ;*new {reexecute=1 rethrow=0 return_oop=0}
                      ; - (reexecute) java.lang.ClassLoader::resolveClass@4
                      ; - java.lang.ClassLoader::loadClass@106
  0x000001a232bbb5c8: 4607 e981 | fdff ff48 

  0x000001a232bbb5d0: ;   {runtime_call fast_new_instance Runtime1 stub}
  0x000001a232bbb5d0: 8bd2 e829 

  0x000001a232bbb5d4: ; ImmutableOopMap {[104]=Oop [152]=Oop [168]=Oop }
                      ;*new {reexecute=0 rethrow=0 return_oop=0}
                      ; - java.lang.ClassLoader::resolveClass@4
                      ; - java.lang.ClassLoader::loadClass@106
  0x000001a232bbb5d4: 4246 07e9 | d0fd ffff | 488d 8424 | a000 0000 | 4889 0424 

  0x000001a232bbb5e8: ;   {runtime_call monitorexit_nofpu Runtime1 stub}
  0x000001a232bbb5e8: e813 7f46 | 07e9 4afe | ffff 488b | 7424 70e9 | f3f8 ffff | 488b 7424 | 70e9 e9f8 | ffff 488b 
  0x000001a232bbb608: 7424 70e9 | dff8 ffff | 488b 7424 | 70e9 d5f8 | ffff 498b | 87f8 0400 | 0049 c787 | f804 0000 
  0x000001a232bbb628: 0000 0000 | 49c7 8700 | 0500 0000 | 0000 0048 | 81c4 c000 

  0x000001a232bbb63c: ;   {runtime_call unwind_exception Runtime1 stub}
  0x000001a232bbb63c: 0000 5de9 | bc27 4607 | f4f4 f4f4 
[Stub Code]
  0x000001a232bbb648: ;   {no_reloc}
  0x000001a232bbb648: 0f1f 4400 

  0x000001a232bbb64c: ;   {static_stub}
  0x000001a232bbb64c: 0048 bb00 | 0000 0000 

  0x000001a232bbb654: ;   {runtime_call nmethod}
  0x000001a232bbb654: 0000 00e9 | fbff ffff 

  0x000001a232bbb65c: ;   {static_stub}
  0x000001a232bbb65c: 9048 bb00 | 0000 0000 

  0x000001a232bbb664: ;   {runtime_call nmethod}
  0x000001a232bbb664: 0000 00e9 | fbff ffff 

  0x000001a232bbb66c: ;   {static_stub}
  0x000001a232bbb66c: 9048 bb00 | 0000 0000 

  0x000001a232bbb674: ;   {runtime_call nmethod}
  0x000001a232bbb674: 0000 00e9 | fbff ffff 

  0x000001a232bbb67c: ;   {static_stub}
  0x000001a232bbb67c: 9048 bb00 | 0000 0000 

  0x000001a232bbb684: ;   {runtime_call nmethod}
  0x000001a232bbb684: 0000 00e9 | fbff ffff 

  0x000001a232bbb68c: ;   {static_stub}
  0x000001a232bbb68c: 9048 bbe0 | 6610 44a2 

  0x000001a232bbb694: ;   {runtime_call I2C/C2I adapters}
  0x000001a232bbb694: 0100 00e9 | 4b91 3b07 

  0x000001a232bbb69c: ;   {static_stub}
  0x000001a232bbb69c: 9048 bb00 | 0000 0000 

  0x000001a232bbb6a4: ;   {runtime_call nmethod}
  0x000001a232bbb6a4: 0000 00e9 | fbff ffff 

  0x000001a232bbb6ac: ;   {static_stub}
  0x000001a232bbb6ac: 48bb 0000 | 0000 0000 

  0x000001a232bbb6b4: ;   {runtime_call nmethod}
  0x000001a232bbb6b4: 0000 e9fb 

  0x000001a232bbb6b8: ;   {static_stub}
  0x000001a232bbb6b8: ffff ff48 | bb00 0000 | 0000 0000 

  0x000001a232bbb6c4: ;   {runtime_call nmethod}
  0x000001a232bbb6c4: 00e9 fbff 

  0x000001a232bbb6c8: ;   {static_stub}
  0x000001a232bbb6c8: ffff 48bb | 0000 0000 | 0000 0000 

  0x000001a232bbb6d4: ;   {runtime_call nmethod}
  0x000001a232bbb6d4: e9fb ffff 

  0x000001a232bbb6d8: ;   {static_stub}
  0x000001a232bbb6d8: ff48 bb00 | 0000 0000 

  0x000001a232bbb6e0: ;   {runtime_call nmethod}
  0x000001a232bbb6e0: 0000 00e9 | fbff ffff 
[Exception Handler]
  0x000001a232bbb6e8: ;   {runtime_call handle_exception_from_callee Runtime1 stub}
  0x000001a232bbb6e8: e813 5c46 

  0x000001a232bbb6ec: ;   {external_word}
  0x000001a232bbb6ec: 0748 b990 | 7f6d edf8 | 7f00 0048 

  0x000001a232bbb6f8: ;   {runtime_call}
  0x000001a232bbb6f8: 83e4 f048 | b8f0 4230 | edf8 7f00 | 00ff d0f4 
[Deopt Handler Code]
  0x000001a232bbb708: ;   {section_word}
  0x000001a232bbb708: 49ba 08b7 | bb32 a201 | 0000 4152 

  0x000001a232bbb714: ;   {runtime_call DeoptimizationBlob}
  0x000001a232bbb714: e907 b93b | 07f4 f4f4 | f4f4 f4f4 
[/MachCode]


---------------  P R O C E S S  ---------------

Threads class SMR info:
_java_thread_list=0x000001a285c3c4b0, length=11, elements={
0x000001a22f7fbf60, 0x000001a243b2a050, 0x000001a243b2dac0, 0x000001a243b2fbe0,
0x000001a243b33a10, 0x000001a243b39260, 0x000001a243b3acc0, 0x000001a243b3baf0,
0x000001a243b4fec0, 0x000001a2859cb1e0, 0x000001a285b52290
}

Java Threads: ( => current thread )
=>0x000001a22f7fbf60 JavaThread "main"                              [_thread_in_vm, id=9620, stack(0x0000007a72d00000,0x0000007a72e00000) (1024K)]
  0x000001a243b2a050 JavaThread "Reference Handler"          daemon [_thread_blocked, id=11488, stack(0x0000007a73100000,0x0000007a73200000) (1024K)]
  0x000001a243b2dac0 JavaThread "Finalizer"                  daemon [_thread_blocked, id=15636, stack(0x0000007a73200000,0x0000007a73300000) (1024K)]
  0x000001a243b2fbe0 JavaThread "Signal Dispatcher"          daemon [_thread_blocked, id=7432, stack(0x0000007a73300000,0x0000007a73400000) (1024K)]
  0x000001a243b33a10 JavaThread "Attach Listener"            daemon [_thread_blocked, id=11624, stack(0x0000007a73400000,0x0000007a73500000) (1024K)]
  0x000001a243b39260 JavaThread "Service Thread"             daemon [_thread_blocked, id=3380, stack(0x0000007a73500000,0x0000007a73600000) (1024K)]
  0x000001a243b3acc0 JavaThread "Monitor Deflation Thread"   daemon [_thread_blocked, id=5544, stack(0x0000007a73600000,0x0000007a73700000) (1024K)]
  0x000001a243b3baf0 JavaThread "C2 CompilerThread0"         daemon [_thread_blocked, id=272, stack(0x0000007a73700000,0x0000007a73800000) (1024K)]
  0x000001a243b4fec0 JavaThread "C1 CompilerThread0"         daemon [_thread_blocked, id=2388, stack(0x0000007a73800000,0x0000007a73900000) (1024K)]
  0x000001a2859cb1e0 JavaThread "Common-Cleaner"             daemon [_thread_blocked, id=3988, stack(0x0000007a73900000,0x0000007a73a00000) (1024K)]
  0x000001a285b52290 JavaThread "Notification Thread"        daemon [_thread_blocked, id=13552, stack(0x0000007a73a00000,0x0000007a73b00000) (1024K)]
Total: 11

Other Threads:
  0x000001a22f8bd800 VMThread "VM Thread"                           [id=1684, stack(0x0000007a73000000,0x0000007a73100000) (1024K)] _threads_hazard_ptr=0x000001a285c3c4b0
  0x000001a22f867230 WatcherThread "VM Periodic Task Thread"        [id=2568, stack(0x0000007a72f00000,0x0000007a73000000) (1024K)]
  0x000001a22f81b4e0 WorkerThread "GC Thread#0"                     [id=3268, stack(0x0000007a72e00000,0x0000007a72f00000) (1024K)]
  0x000001a28a4fb570 WorkerThread "GC Thread#1"                     [id=5624, stack(0x0000007a73b00000,0x0000007a73c00000) (1024K)]
  0x000001a28a050c50 WorkerThread "GC Thread#2"                     [id=13084, stack(0x0000007a73c00000,0x0000007a73d00000) (1024K)]
  0x000001a28a050ff0 WorkerThread "GC Thread#3"                     [id=10432, stack(0x0000007a73d00000,0x0000007a73e00000) (1024K)]
Total: 6

Threads with active compile tasks:
Total: 0

VM state: synchronizing (normal execution)

VM Mutex/Monitor currently owned by a thread:  ([mutex/lock_event])
[0x00007ff8ed98c300] Metaspace_lock - owner thread: 0x000001a22f7fbf60
[0x00007ff8ed98e380] Threads_lock - owner thread: 0x000001a22f8bd800

Heap address: 0x00000000c0000000, size: 1024 MB, Compressed Oops mode: 32-bit

CDS archive(s) mapped at: [0x000001a244000000-0x000001a244ba0000-0x000001a244ba0000), size 12189696, SharedBaseAddress: 0x000001a244000000, ArchiveRelocationMode: 1.
Compressed class space mapped at: 0x000001a245000000-0x000001a285000000, reserved size: 1073741824
Narrow klass base: 0x000001a244000000, Narrow klass shift: 0, Narrow klass range: 0x100000000

GC Precious Log:
 CardTable entry size: 512
 CPUs: 4 total, 4 available
 Memory: 3790M
 Large Page Support: Disabled
 NUMA Support: Disabled
 Compressed Oops: Enabled (32-bit)
 Alignments: Space 512K, Generation 512K, Heap 2M
 Heap Min Capacity: 100M
 Heap Initial Capacity: 100M
 Heap Max Capacity: 1G
 Pre-touch: Disabled
 Parallel Workers: 4

Heap:
 PSYoungGen      total 29696K, used 7715K [0x00000000eab00000, 0x00000000ecc00000, 0x0000000100000000)
  eden space 25600K, 17% used [0x00000000eab00000,0x00000000eaf675a0,0x00000000ec400000)
  from space 4096K, 78% used [0x00000000ec400000,0x00000000ec7217f0,0x00000000ec800000)
  to   space 4096K, 0% used [0x00000000ec800000,0x00000000ec800000,0x00000000ecc00000)
 ParOldGen       total 68608K, used 16K [0x00000000c0000000, 0x00000000c4300000, 0x00000000eab00000)
  object space 68608K, 0% used [0x00000000c0000000,0x00000000c0004000,0x00000000c4300000)
 Metaspace       used 5266K, committed 5504K, reserved 1114112K
  class space    used 524K, committed 640K, reserved 1048576K

Card table byte_map: [0x000001a22f1d0000,0x000001a22f3e0000] _byte_map_base: 0x000001a22ebd0000

Marking Bits: (ParMarkBitMap*) 0x00007ff8ed993260
 Begin Bits: [0x000001a2419f0000, 0x000001a2429f0000)
 End Bits:   [0x000001a2429f0000, 0x000001a2439f0000)

Polling page: 0x000001a22efc0000

Metaspace:

Usage:
  Non-class:      4.63 MB used.
      Class:    524.10 KB used.
       Both:      5.14 MB used.

Virtual space:
  Non-class space:       64.00 MB reserved,       4.75 MB (  7%) committed,  1 nodes.
      Class space:        1.00 GB reserved,     640.00 KB ( <1%) committed,  1 nodes.
             Both:        1.06 GB reserved,       5.38 MB ( <1%) committed. 

Chunk freelists:
   Non-Class:  10.55 MB
       Class:  15.38 MB
        Both:  25.94 MB

MaxMetaspaceSize: unlimited
CompressedClassSpaceSize: 1.00 GB
Initial GC threshold: 21.00 MB
Current GC threshold: 21.00 MB
CDS: on
 - commit_granule_bytes: 65536.
 - commit_granule_words: 8192.
 - virtual_space_node_default_size: 8388608.
 - enlarge_chunks_in_place: 1.
 - use_allocation_guard: 0.


Internal statistics:

num_allocs_failed_limit: 0.
num_arena_births: 198.
num_arena_deaths: 0.
num_vsnodes_births: 2.
num_vsnodes_deaths: 0.
num_space_committed: 86.
num_space_uncommitted: 0.
num_chunks_returned_to_freelist: 0.
num_chunks_taken_from_freelist: 293.
num_chunk_merges: 0.
num_chunk_splits: 193.
num_chunks_enlarged: 116.
num_inconsistent_stats: 0.

CodeHeap 'non-profiled nmethods': size=120000Kb used=471Kb max_used=471Kb free=119528Kb
 bounds [0x000001a23a4c0000, 0x000001a23a730000, 0x000001a2419f0000]
CodeHeap 'profiled nmethods': size=120000Kb used=2139Kb max_used=2139Kb free=117860Kb
 bounds [0x000001a2329f0000, 0x000001a232c60000, 0x000001a239f20000]
CodeHeap 'non-nmethods': size=5760Kb used=1212Kb max_used=1227Kb free=4547Kb
 bounds [0x000001a239f20000, 0x000001a23a190000, 0x000001a23a4c0000]
 total_blobs=1733 nmethods=1266 adapters=374
 compilation: enabled
              stopped_count=0, restarted_count=0
 full_count=0

Compilation events (20 events):
Event: 5.782 Thread 0x000001a243b4fec0 nmethod 1257 0x000001a232bfe490 code [0x000001a232bfe6a0, 0x000001a232bfed68]
Event: 5.783 Thread 0x000001a243b4fec0 1259       3       jdk.internal.misc.Unsafe::getLongUnaligned (12 bytes)
Event: 5.783 Thread 0x000001a243b4fec0 nmethod 1259 0x000001a232bff010 code [0x000001a232bff1c0, 0x000001a232bff3a0]
Event: 5.783 Thread 0x000001a243b3baf0 nmethod 1255 0x000001a23a534e90 code [0x000001a23a535020, 0x000001a23a535230]
Event: 5.783 Thread 0x000001a243b3baf0 1258       4       java.util.concurrent.locks.AbstractQueuedSynchronizer::compareAndSetState (13 bytes)
Event: 5.784 Thread 0x000001a243b3baf0 nmethod 1258 0x000001a23a535310 code [0x000001a23a5354a0, 0x000001a23a535540]
Event: 5.784 Thread 0x000001a243b4fec0 1260       3       java.lang.invoke.MemberName::isCallerSensitive (8 bytes)
Event: 5.784 Thread 0x000001a243b4fec0 nmethod 1260 0x000001a232bff490 code [0x000001a232bff640, 0x000001a232bff808]
Event: 5.784 Thread 0x000001a243b3baf0 1261       4       java.lang.String::<init> (99 bytes)
Event: 5.784 Thread 0x000001a243b4fec0 1262       3       java.lang.invoke.MethodHandle::isBuiltinLoader (24 bytes)
Event: 5.784 Thread 0x000001a243b4fec0 nmethod 1262 0x000001a232bff910 code [0x000001a232bffac0, 0x000001a232bffd28]
Event: 5.785 Thread 0x000001a243b4fec0 1263       3       java.lang.reflect.Constructor::newInstanceWithCaller (51 bytes)
Event: 5.785 Thread 0x000001a243b4fec0 nmethod 1263 0x000001a232bffe10 code [0x000001a232bfffe0, 0x000001a232c002b8]
Event: 5.786 Thread 0x000001a243b4fec0 1264       3       java.lang.reflect.Constructor::newInstance (34 bytes)
Event: 5.786 Thread 0x000001a243b4fec0 nmethod 1264 0x000001a232c00410 code [0x000001a232c005e0, 0x000001a232c00810]
Event: 5.786 Thread 0x000001a243b4fec0 1265   !   3       jdk.internal.reflect.DirectConstructorHandleAccessor::newInstance (130 bytes)
Event: 5.787 Thread 0x000001a243b4fec0 nmethod 1265 0x000001a232c00910 code [0x000001a232c00e00, 0x000001a232c03618]
Event: 5.787 Thread 0x000001a243b4fec0 1266       3       jdk.internal.reflect.DirectConstructorHandleAccessor::invokeImpl (103 bytes)
Event: 5.788 Thread 0x000001a243b3baf0 nmethod 1261 0x000001a23a535610 code [0x000001a23a5357c0, 0x000001a23a535d08]
Event: 5.789 Thread 0x000001a243b4fec0 nmethod 1266 0x000001a232c04990 code [0x000001a232c04ce0, 0x000001a232c067a8]

GC Heap History (2 events):
Event: 4.994 GC heap before
{Heap before GC invocations=1 (full 0):
 PSYoungGen      total 29696K, used 25600K [0x00000000eab00000, 0x00000000ecc00000, 0x0000000100000000)
  eden space 25600K, 100% used [0x00000000eab00000,0x00000000ec400000,0x00000000ec400000)
  from space 4096K, 0% used [0x00000000ec800000,0x00000000ec800000,0x00000000ecc00000)
  to   space 4096K, 0% used [0x00000000ec400000,0x00000000ec400000,0x00000000ec800000)
 ParOldGen       total 68608K, used 0K [0x00000000c0000000, 0x00000000c4300000, 0x00000000eab00000)
  object space 68608K, 0% used [0x00000000c0000000,0x00000000c0000000,0x00000000c4300000)
 Metaspace       used 4345K, committed 4544K, reserved 1114112K
  class space    used 437K, committed 512K, reserved 1048576K
}
Event: 5.019 GC heap after
{Heap after GC invocations=1 (full 0):
 PSYoungGen      total 29696K, used 3205K [0x00000000eab00000, 0x00000000ecc00000, 0x0000000100000000)
  eden space 25600K, 0% used [0x00000000eab00000,0x00000000eab00000,0x00000000ec400000)
  from space 4096K, 78% used [0x00000000ec400000,0x00000000ec7217f0,0x00000000ec800000)
  to   space 4096K, 0% used [0x00000000ec800000,0x00000000ec800000,0x00000000ecc00000)
 ParOldGen       total 68608K, used 16K [0x00000000c0000000, 0x00000000c4300000, 0x00000000eab00000)
  object space 68608K, 0% used [0x00000000c0000000,0x00000000c0004000,0x00000000c4300000)
 Metaspace       used 4345K, committed 4544K, reserved 1114112K
  class space    used 437K, committed 512K, reserved 1048576K
}

Dll operation events (8 events):
Event: 0.209 Loaded shared library c:\Users\Hansana Mihiran\.vscode\extensions\redhat.java-1.41.1-win32-x64\jre\21.0.6-win32-x86_64\bin\java.dll
Event: 1.309 Loaded shared library c:\Users\Hansana Mihiran\.vscode\extensions\redhat.java-1.41.1-win32-x64\jre\21.0.6-win32-x86_64\bin\zip.dll
Event: 1.390 Loaded shared library C:\Users\Hansana Mihiran\.vscode\extensions\redhat.java-1.41.1-win32-x64\jre\21.0.6-win32-x86_64\bin\instrument.dll
Event: 1.425 Loaded shared library C:\Users\Hansana Mihiran\.vscode\extensions\redhat.java-1.41.1-win32-x64\jre\21.0.6-win32-x86_64\bin\net.dll
Event: 1.441 Loaded shared library C:\Users\Hansana Mihiran\.vscode\extensions\redhat.java-1.41.1-win32-x64\jre\21.0.6-win32-x86_64\bin\nio.dll
Event: 1.462 Loaded shared library C:\Users\Hansana Mihiran\.vscode\extensions\redhat.java-1.41.1-win32-x64\jre\21.0.6-win32-x86_64\bin\zip.dll
Event: 1.587 Loaded shared library C:\Users\Hansana Mihiran\.vscode\extensions\redhat.java-1.41.1-win32-x64\jre\21.0.6-win32-x86_64\bin\jimage.dll
Event: 1.807 Loaded shared library c:\Users\Hansana Mihiran\.vscode\extensions\redhat.java-1.41.1-win32-x64\jre\21.0.6-win32-x86_64\bin\verify.dll

Deoptimization events (20 events):
Event: 5.027 Thread 0x000001a22f7fbf60 Uncommon trap: trap_request=0xffffff45 fr.pc=0x000001a23a5184bc relative=0x000000000000027c
Event: 5.027 Thread 0x000001a22f7fbf60 Uncommon trap: reason=unstable_if action=reinterpret pc=0x000001a23a5184bc method=java.util.HashMap.hash(Ljava/lang/Object;)I @ 1 c2
Event: 5.027 Thread 0x000001a22f7fbf60 DEOPT PACKING pc=0x000001a23a5184bc sp=0x0000007a72dfe930
Event: 5.027 Thread 0x000001a22f7fbf60 DEOPT UNPACKING pc=0x000001a239f76da2 sp=0x0000007a72dfe7c8 mode 2
Event: 5.029 Thread 0x000001a22f7fbf60 Uncommon trap: trap_request=0xffffff45 fr.pc=0x000001a23a51d53c relative=0x000000000000027c
Event: 5.029 Thread 0x000001a22f7fbf60 Uncommon trap: reason=unstable_if action=reinterpret pc=0x000001a23a51d53c method=java.util.HashMap.hash(Ljava/lang/Object;)I @ 1 c2
Event: 5.029 Thread 0x000001a22f7fbf60 DEOPT PACKING pc=0x000001a23a51d53c sp=0x0000007a72dfe8d0
Event: 5.029 Thread 0x000001a22f7fbf60 DEOPT UNPACKING pc=0x000001a239f76da2 sp=0x0000007a72dfe7d8 mode 2
Event: 5.029 Thread 0x000001a22f7fbf60 Uncommon trap: trap_request=0xffffff45 fr.pc=0x000001a23a5173d0 relative=0x00000000000000b0
Event: 5.029 Thread 0x000001a22f7fbf60 Uncommon trap: reason=unstable_if action=reinterpret pc=0x000001a23a5173d0 method=java.util.HashMap.hash(Ljava/lang/Object;)I @ 1 c2
Event: 5.029 Thread 0x000001a22f7fbf60 DEOPT PACKING pc=0x000001a23a5173d0 sp=0x0000007a72dfe950
Event: 5.029 Thread 0x000001a22f7fbf60 DEOPT UNPACKING pc=0x000001a239f76da2 sp=0x0000007a72dfe8e8 mode 2
Event: 5.144 Thread 0x000001a22f7fbf60 Uncommon trap: trap_request=0xffffffde fr.pc=0x000001a23a4cd630 relative=0x00000000000004f0
Event: 5.144 Thread 0x000001a22f7fbf60 Uncommon trap: reason=class_check action=maybe_recompile pc=0x000001a23a4cd630 method=java.util.HashMap.putVal(ILjava/lang/Object;Ljava/lang/Object;ZZ)Ljava/lang/Object; @ 253 c2
Event: 5.145 Thread 0x000001a22f7fbf60 DEOPT PACKING pc=0x000001a23a4cd630 sp=0x0000007a72dfcfd0
Event: 5.145 Thread 0x000001a22f7fbf60 DEOPT UNPACKING pc=0x000001a239f76da2 sp=0x0000007a72dfcf60 mode 2
Event: 5.612 Thread 0x000001a22f7fbf60 Uncommon trap: trap_request=0xffffff45 fr.pc=0x000001a23a50b2f8 relative=0x0000000000000198
Event: 5.612 Thread 0x000001a22f7fbf60 Uncommon trap: reason=unstable_if action=reinterpret pc=0x000001a23a50b2f8 method=java.lang.invoke.VarHandle.checkAccessModeThenIsDirect(Ljava/lang/invoke/VarHandle$AccessDescriptor;)Z @ 4 c2
Event: 5.612 Thread 0x000001a22f7fbf60 DEOPT PACKING pc=0x000001a23a50b2f8 sp=0x0000007a72dfe930
Event: 5.612 Thread 0x000001a22f7fbf60 DEOPT UNPACKING pc=0x000001a239f76da2 sp=0x0000007a72dfe868 mode 2

Classes loaded (20 events):
Event: 5.297 Loading class java/nio/channels/FileLock done
Event: 5.297 Loading class sun/nio/ch/FileLockImpl done
Event: 5.297 Loading class sun/nio/ch/NativeThread
Event: 5.297 Loading class sun/nio/ch/NativeThread done
Event: 5.297 Loading class sun/nio/ch/FileLockTable
Event: 5.297 Loading class sun/nio/ch/FileLockTable done
Event: 5.297 Loading class sun/nio/ch/FileKey
Event: 5.297 Loading class sun/nio/ch/FileKey done
Event: 5.297 Loading class sun/nio/ch/FileLockTable$FileLockReference
Event: 5.297 Loading class sun/nio/ch/FileLockTable$FileLockReference done
Event: 5.300 Loading class java/util/function/IntUnaryOperator
Event: 5.301 Loading class java/util/function/IntUnaryOperator done
Event: 5.303 Loading class java/io/DeleteOnExitHook
Event: 5.304 Loading class java/io/DeleteOnExitHook done
Event: 5.304 Loading class java/io/DeleteOnExitHook$1
Event: 5.304 Loading class java/io/DeleteOnExitHook$1 done
Event: 5.312 Loading class java/util/ComparableTimSort
Event: 5.314 Loading class java/util/ComparableTimSort done
Event: 5.784 Loading class java/lang/invoke/DirectMethodHandle$Special
Event: 5.784 Loading class java/lang/invoke/DirectMethodHandle$Special done

Classes unloaded (0 events):
No events

Classes redefined (0 events):
No events

Internal exceptions (20 events):
Event: 4.869 Thread 0x000001a22f7fbf60 Exception <a 'java/lang/ClassNotFoundException'{0x00000000ec2c0c10}: sun/net/www/protocol/c/Handler> (0x00000000ec2c0c10) 
thrown [s\src\hotspot\share\classfile\systemDictionary.cpp, line 312]
Event: 4.876 Thread 0x000001a22f7fbf60 Exception <a 'java/lang/ClassNotFoundException'{0x00000000ec2c1fc0}: sun/net/www/protocol/d/Handler> (0x00000000ec2c1fc0) 
thrown [s\src\hotspot\share\classfile\systemDictionary.cpp, line 312]
Event: 4.877 Thread 0x000001a22f7fbf60 Exception <a 'java/lang/ClassNotFoundException'{0x00000000ec2c31a0}: sun/net/www/protocol/c/Handler> (0x00000000ec2c31a0) 
thrown [s\src\hotspot\share\classfile\systemDictionary.cpp, line 312]
Event: 4.888 Thread 0x000001a22f7fbf60 Exception <a 'java/io/FileNotFoundException'{0x00000000ec2e8c30}> (0x00000000ec2e8c30) 
thrown [s\src\hotspot\share\prims\jni.cpp, line 520]
Event: 5.027 Thread 0x000001a22f7fbf60 Implicit null exception at 0x000001a23a5140a9 to 0x000001a23a514948
Event: 5.027 Thread 0x000001a22f7fbf60 Implicit null exception at 0x000001a23a51829a to 0x000001a23a5184a4
Event: 5.028 Thread 0x000001a22f7fbf60 Exception <a 'java/lang/NoSuchMethodError'{0x00000000eab141d8}: 'void java.lang.invoke.DirectMethodHandle$Holder.invokeStatic(java.lang.Object, java.lang.Object, java.lang.Object, java.lang.Object)'> (0x00000000eab141d8) 
thrown [s\src\hotspot\share\interpreter\linkResolver.cpp, line 773]
Event: 5.029 Thread 0x000001a22f7fbf60 Implicit null exception at 0x000001a23a51d31a to 0x000001a23a51d524
Event: 5.029 Thread 0x000001a22f7fbf60 Implicit null exception at 0x000001a23a51733d to 0x000001a23a5173c1
Event: 5.166 Thread 0x000001a22f7fbf60 Exception <a 'java/lang/NoSuchMethodError'{0x00000000ead51b58}: 'long java.lang.invoke.DirectMethodHandle$Holder.invokeStatic(java.lang.Object, java.lang.Object, int)'> (0x00000000ead51b58) 
thrown [s\src\hotspot\share\interpreter\linkResolver.cpp, line 773]
Event: 5.168 Thread 0x000001a22f7fbf60 Exception <a 'java/lang/NoSuchMethodError'{0x00000000ead59660}: 'java.lang.Object java.lang.invoke.DirectMethodHandle$Holder.invokeSpecial(java.lang.Object, java.lang.Object, java.lang.Object, java.lang.Object, long)'> (0x00000000ead59660) 
thrown [s\src\hotspot\share\interpreter\linkResolver.cpp, line 773]
Event: 5.203 Thread 0x000001a22f7fbf60 Exception <a 'java/lang/NoSuchMethodError'{0x00000000ead672e0}: 'java.lang.Object java.lang.invoke.DirectMethodHandle$Holder.invokeSpecial(java.lang.Object, java.lang.Object, java.lang.Object, int, java.lang.Object)'> (0x00000000ead672e0) 
thrown [s\src\hotspot\share\interpreter\linkResolver.cpp, line 773]
Event: 5.230 Thread 0x000001a22f7fbf60 Exception <a 'java/lang/NoSuchMethodError'{0x00000000ead7ebb0}: 'java.lang.Object java.lang.invoke.Invokers$Holder.invokeExact_MT(java.lang.Object, java.lang.Object, java.lang.Object, java.lang.Object, java.lang.Object, java.lang.Object)'> (0x00000000ead7ebb0) 
thrown [s\src\hotspot\share\interpreter\linkResolver.cpp, line 773]
Event: 5.245 Thread 0x000001a22f7fbf60 Exception <a 'java/lang/NoSuchMethodError'{0x00000000ead984c8}: 'int java.lang.invoke.DirectMethodHandle$Holder.invokeStaticInit(java.lang.Object, java.lang.Object, java.lang.Object, java.lang.Object)'> (0x00000000ead984c8) 
thrown [s\src\hotspot\share\interpreter\linkResolver.cpp, line 773]
Event: 5.246 Thread 0x000001a22f7fbf60 Exception <a 'java/lang/NoSuchMethodError'{0x00000000eada0c80}: 'java.lang.Object java.lang.invoke.DirectMethodHandle$Holder.invokeInterface(java.lang.Object, java.lang.Object)'> (0x00000000eada0c80) 
thrown [s\src\hotspot\share\interpreter\linkResolver.cpp, line 773]
Event: 5.247 Thread 0x000001a22f7fbf60 Exception <a 'java/lang/IncompatibleClassChangeError'{0x00000000eada41b8}: Found class java.lang.Object, but interface was expected> (0x00000000eada41b8) 
thrown [s\src\hotspot\share\interpreter\linkResolver.cpp, line 840]
Event: 5.248 Thread 0x000001a22f7fbf60 Exception <a 'java/lang/NoSuchMethodError'{0x00000000eada8370}: 'void java.lang.invoke.DirectMethodHandle$Holder.invokeStatic(java.lang.Object, java.lang.Object)'> (0x00000000eada8370) 
thrown [s\src\hotspot\share\interpreter\linkResolver.cpp, line 773]
Event: 5.248 Thread 0x000001a22f7fbf60 Exception <a 'java/lang/NoSuchMethodError'{0x00000000eadab718}: 'void java.lang.invoke.DirectMethodHandle$Holder.invokeStaticInit(java.lang.Object, java.lang.Object)'> (0x00000000eadab718) 
thrown [s\src\hotspot\share\interpreter\linkResolver.cpp, line 773]
Event: 5.250 Thread 0x000001a22f7fbf60 Exception <a 'java/lang/NoSuchMethodError'{0x00000000eadb2738}: 'int java.lang.invoke.DirectMethodHandle$Holder.invokeStaticInit(java.lang.Object, java.lang.Object)'> (0x00000000eadb2738) 
thrown [s\src\hotspot\share\interpreter\linkResolver.cpp, line 773]
Event: 5.783 Thread 0x000001a22f7fbf60 Exception <a 'java/lang/NoSuchMethodError'{0x00000000eaef30b0}: 'void java.lang.invoke.DirectMethodHandle$Holder.invokeSpecial(java.lang.Object, java.lang.Object, java.lang.Object)'> (0x00000000eaef30b0) 
thrown [s\src\hotspot\share\interpreter\linkResolver.cpp, line 773]

ZGC Phase Switch (0 events):
No events

VM Operations (18 events):
Event: 1.298 Executing VM operation: HandshakeAllThreads (Deoptimize)
Event: 1.298 Executing VM operation: HandshakeAllThreads (Deoptimize) done
Event: 1.623 Executing VM operation: HandshakeAllThreads (Deoptimize)
Event: 1.623 Executing VM operation: HandshakeAllThreads (Deoptimize) done
Event: 1.623 Executing VM operation: Cleanup
Event: 1.623 Executing VM operation: Cleanup done
Event: 2.637 Executing VM operation: Cleanup
Event: 2.638 Executing VM operation: Cleanup done
Event: 3.642 Executing VM operation: Cleanup
Event: 3.642 Executing VM operation: Cleanup done
Event: 3.805 Executing VM operation: HandshakeAllThreads (Deoptimize)
Event: 3.805 Executing VM operation: HandshakeAllThreads (Deoptimize) done
Event: 3.852 Executing VM operation: HandshakeAllThreads (Deoptimize)
Event: 3.852 Executing VM operation: HandshakeAllThreads (Deoptimize) done
Event: 4.863 Executing VM operation: Cleanup
Event: 4.863 Executing VM operation: Cleanup done
Event: 4.994 Executing VM operation: ParallelGCFailedAllocation (Allocation Failure)
Event: 5.019 Executing VM operation: ParallelGCFailedAllocation (Allocation Failure) done

Memory protections (0 events):
No events

Nmethod flushes (0 events):
No events

Events (11 events):
Event: 0.432 Thread 0x000001a22f7fbf60 Thread added: 0x000001a22f7fbf60
Event: 1.203 Thread 0x000001a22f7fbf60 Thread added: 0x000001a243b2a050
Event: 1.203 Thread 0x000001a22f7fbf60 Thread added: 0x000001a243b2dac0
Event: 1.205 Thread 0x000001a22f7fbf60 Thread added: 0x000001a243b2fbe0
Event: 1.205 Thread 0x000001a22f7fbf60 Thread added: 0x000001a243b33a10
Event: 1.206 Thread 0x000001a22f7fbf60 Thread added: 0x000001a243b39260
Event: 1.206 Thread 0x000001a22f7fbf60 Thread added: 0x000001a243b3acc0
Event: 1.207 Thread 0x000001a22f7fbf60 Thread added: 0x000001a243b3baf0
Event: 1.208 Thread 0x000001a22f7fbf60 Thread added: 0x000001a243b4fec0
Event: 1.271 Thread 0x000001a22f7fbf60 Thread added: 0x000001a2859cb1e0
Event: 2.458 Thread 0x000001a22f7fbf60 Thread added: 0x000001a285b52290


Dynamic libraries:
0x00007ff71b400000 - 0x00007ff71b40e000 	c:\Users\Hansana Mihiran\.vscode\extensions\redhat.java-1.41.1-win32-x64\jre\21.0.6-win32-x86_64\bin\java.exe
0x00007ff97c610000 - 0x00007ff97c827000 	C:\WINDOWS\SYSTEM32\ntdll.dll
0x00007ff97bd20000 - 0x00007ff97bde4000 	C:\WINDOWS\System32\KERNEL32.DLL
0x00007ff979a30000 - 0x00007ff979e01000 	C:\WINDOWS\System32\KERNELBASE.dll
0x00007ff979fd0000 - 0x00007ff97a0e1000 	C:\WINDOWS\System32\ucrtbase.dll
0x00007ff9634d0000 - 0x00007ff9634e8000 	c:\Users\Hansana Mihiran\.vscode\extensions\redhat.java-1.41.1-win32-x64\jre\21.0.6-win32-x86_64\bin\jli.dll
0x00007ff955d00000 - 0x00007ff955d1e000 	c:\Users\Hansana Mihiran\.vscode\extensions\redhat.java-1.41.1-win32-x64\jre\21.0.6-win32-x86_64\bin\VCRUNTIME140.dll
0x00007ff97b940000 - 0x00007ff97baf1000 	C:\WINDOWS\System32\USER32.dll
0x00007ff97a2b0000 - 0x00007ff97a2d6000 	C:\WINDOWS\System32\win32u.dll
0x00007ff97bdf0000 - 0x00007ff97be19000 	C:\WINDOWS\System32\GDI32.dll
0x00007ff97a190000 - 0x00007ff97a2ab000 	C:\WINDOWS\System32\gdi32full.dll
0x00007ff97a0f0000 - 0x00007ff97a18a000 	C:\WINDOWS\System32\msvcp_win.dll
0x00007ff961ec0000 - 0x00007ff962152000 	C:\WINDOWS\WinSxS\amd64_microsoft.windows.common-controls_6595b64144ccf1df_6.0.22621.4830_none_270fe7d773858e80\COMCTL32.dll
0x00007ff97b230000 - 0x00007ff97b2d7000 	C:\WINDOWS\System32\msvcrt.dll
0x00007ff97c180000 - 0x00007ff97c1b1000 	C:\WINDOWS\System32\IMM32.DLL
0x00007ff969e20000 - 0x00007ff969e2c000 	c:\Users\Hansana Mihiran\.vscode\extensions\redhat.java-1.41.1-win32-x64\jre\21.0.6-win32-x86_64\bin\vcruntime140_1.dll
0x00007ff9637a0000 - 0x00007ff96382d000 	c:\Users\Hansana Mihiran\.vscode\extensions\redhat.java-1.41.1-win32-x64\jre\21.0.6-win32-x86_64\bin\msvcp140.dll
0x00007ff8ecce0000 - 0x00007ff8eda70000 	c:\Users\Hansana Mihiran\.vscode\extensions\redhat.java-1.41.1-win32-x64\jre\21.0.6-win32-x86_64\bin\server\jvm.dll
0x00007ff97b880000 - 0x00007ff97b931000 	C:\WINDOWS\System32\ADVAPI32.dll
0x00007ff97b7d0000 - 0x00007ff97b877000 	C:\WINDOWS\System32\sechost.dll
0x00007ff979a00000 - 0x00007ff979a28000 	C:\WINDOWS\System32\bcrypt.dll
0x00007ff97a2f0000 - 0x00007ff97a404000 	C:\WINDOWS\System32\RPCRT4.dll
0x00007ff97c1c0000 - 0x00007ff97c231000 	C:\WINDOWS\System32\WS2_32.dll
0x00007ff978fd0000 - 0x00007ff97901d000 	C:\WINDOWS\SYSTEM32\POWRPROF.dll
0x00007ff9705d0000 - 0x00007ff970604000 	C:\WINDOWS\SYSTEM32\WINMM.dll
0x00007ff96f320000 - 0x00007ff96f32a000 	C:\WINDOWS\SYSTEM32\VERSION.dll
0x00007ff978fb0000 - 0x00007ff978fc3000 	C:\WINDOWS\SYSTEM32\UMPDC.dll
0x00007ff978760000 - 0x00007ff978778000 	C:\WINDOWS\SYSTEM32\kernel.appcore.dll
0x00007ff969390000 - 0x00007ff96939a000 	c:\Users\Hansana Mihiran\.vscode\extensions\redhat.java-1.41.1-win32-x64\jre\21.0.6-win32-x86_64\bin\jimage.dll
0x00007ff976a30000 - 0x00007ff976c62000 	C:\WINDOWS\SYSTEM32\DBGHELP.DLL
0x00007ff97c240000 - 0x00007ff97c5d0000 	C:\WINDOWS\System32\combase.dll
0x00007ff97c010000 - 0x00007ff97c0e7000 	C:\WINDOWS\System32\OLEAUT32.dll
0x00007ff95b3a0000 - 0x00007ff95b3d2000 	C:\WINDOWS\SYSTEM32\dbgcore.DLL
0x00007ff979f50000 - 0x00007ff979fcb000 	C:\WINDOWS\System32\bcryptPrimitives.dll
0x00007ff969000000 - 0x00007ff96900f000 	c:\Users\Hansana Mihiran\.vscode\extensions\redhat.java-1.41.1-win32-x64\jre\21.0.6-win32-x86_64\bin\instrument.dll
0x00007ff963780000 - 0x00007ff96379f000 	c:\Users\Hansana Mihiran\.vscode\extensions\redhat.java-1.41.1-win32-x64\jre\21.0.6-win32-x86_64\bin\java.dll
0x00007ff97a670000 - 0x00007ff97aef8000 	C:\WINDOWS\System32\SHELL32.dll
0x00007ff979e10000 - 0x00007ff979f4f000 	C:\WINDOWS\System32\wintypes.dll
0x00007ff977660000 - 0x00007ff977f6d000 	C:\WINDOWS\SYSTEM32\windows.storage.dll
0x00007ff97bb00000 - 0x00007ff97bc0a000 	C:\WINDOWS\System32\SHCORE.dll
0x00007ff97b2e0000 - 0x00007ff97b33e000 	C:\WINDOWS\System32\shlwapi.dll
0x00007ff979680000 - 0x00007ff9796ab000 	C:\WINDOWS\SYSTEM32\profapi.dll
0x00007ff963760000 - 0x00007ff963778000 	c:\Users\Hansana Mihiran\.vscode\extensions\redhat.java-1.41.1-win32-x64\jre\21.0.6-win32-x86_64\bin\zip.dll
0x00007ff968ff0000 - 0x00007ff969000000 	C:\Users\Hansana Mihiran\.vscode\extensions\redhat.java-1.41.1-win32-x64\jre\21.0.6-win32-x86_64\bin\net.dll
0x00007ff973920000 - 0x00007ff973a4c000 	C:\WINDOWS\SYSTEM32\WINHTTP.dll
0x00007ff978bc0000 - 0x00007ff978c2a000 	C:\WINDOWS\system32\mswsock.dll
0x00007ff963740000 - 0x00007ff963756000 	C:\Users\Hansana Mihiran\.vscode\extensions\redhat.java-1.41.1-win32-x64\jre\21.0.6-win32-x86_64\bin\nio.dll
0x00007ff968cc0000 - 0x00007ff968cd0000 	c:\Users\Hansana Mihiran\.vscode\extensions\redhat.java-1.41.1-win32-x64\jre\21.0.6-win32-x86_64\bin\verify.dll

dbghelp: loaded successfully - version: 4.0.5 - missing functions: none
symbol engine: initialized successfully - sym options: 0x614 - pdb path: .;c:\Users\Hansana Mihiran\.vscode\extensions\redhat.java-1.41.1-win32-x64\jre\21.0.6-win32-x86_64\bin;C:\WINDOWS\SYSTEM32;C:\WINDOWS\WinSxS\amd64_microsoft.windows.common-controls_6595b64144ccf1df_6.0.22621.4830_none_270fe7d773858e80;c:\Users\Hansana Mihiran\.vscode\extensions\redhat.java-1.41.1-win32-x64\jre\21.0.6-win32-x86_64\bin\server

VM Arguments:
jvm_args: --add-modules=ALL-SYSTEM --add-opens=java.base/java.util=ALL-UNNAMED --add-opens=java.base/java.lang=ALL-UNNAMED --add-opens=java.base/sun.nio.fs=ALL-UNNAMED -Declipse.application=org.eclipse.jdt.ls.core.id1 -Dosgi.bundles.defaultStartLevel=4 -Declipse.product=org.eclipse.jdt.ls.core.product -Djava.import.generatesMetadataFilesAtProjectRoot=false -DDetectVMInstallationsJob.disabled=true -Dfile.encoding=utf8 -XX:+UseParallelGC -XX:GCTimeRatio=4 -XX:AdaptiveSizePolicyWeight=90 -Dsun.zip.disableMemoryMapping=true -Xmx1G -Xms100m -Xlog:disable -javaagent:c:\Users\Hansana Mihiran\.vscode\extensions\redhat.java-1.41.1-win32-x64\lombok\lombok-1.18.36.jar 
java_command: c:\Users\Hansana Mihiran\.vscode\extensions\redhat.java-1.41.1-win32-x64\server\plugins\org.eclipse.equinox.launcher_1.7.0.v20250331-1702.jar -configuration c:\Users\Hansana Mihiran\AppData\Roaming\Code\User\globalStorage\redhat.java\1.41.1\config_ss_win -data c:\Users\Hansana Mihiran\AppData\Roaming\Code\User\workspaceStorage\903c224f59da275f132b5a150b1eac4c\redhat.java\ss_ws --pipe=\\.\pipe\lsp-141a6fa87bf86d75d950f2a7bffd216e-sock
java_class_path (initial): c:\Users\Hansana Mihiran\.vscode\extensions\redhat.java-1.41.1-win32-x64\server\plugins\org.eclipse.equinox.launcher_1.7.0.v20250331-1702.jar
Launcher Type: SUN_STANDARD

[Global flags]
    uintx AdaptiveSizePolicyWeight                 = 90                                        {product} {command line}
     intx CICompilerCount                          = 3                                         {product} {ergonomic}
    uintx GCTimeRatio                              = 4                                         {product} {command line}
   size_t InitialHeapSize                          = 104857600                                 {product} {command line}
   size_t MaxHeapSize                              = 1073741824                                {product} {command line}
   size_t MaxNewSize                               = 357564416                                 {product} {ergonomic}
   size_t MinHeapDeltaBytes                        = 524288                                    {product} {ergonomic}
   size_t MinHeapSize                              = 104857600                                 {product} {command line}
   size_t NewSize                                  = 34603008                                  {product} {ergonomic}
    uintx NonNMethodCodeHeapSize                   = 5832780                                {pd product} {ergonomic}
    uintx NonProfiledCodeHeapSize                  = 122912730                              {pd product} {ergonomic}
   size_t OldSize                                  = 70254592                                  {product} {ergonomic}
    uintx ProfiledCodeHeapSize                     = 122912730                              {pd product} {ergonomic}
    uintx ReservedCodeCacheSize                    = 251658240                              {pd product} {ergonomic}
     bool SegmentedCodeCache                       = true                                      {product} {ergonomic}
   size_t SoftMaxHeapSize                          = 1073741824                             {manageable} {ergonomic}
     bool UseCompressedOops                        = true                           {product lp64_product} {ergonomic}
     bool UseLargePagesIndividualAllocation        = false                                  {pd product} {ergonomic}
     bool UseParallelGC                            = true                                      {product} {command line}

Logging:
Log output configuration:
 #0: stdout all=off uptime,level,tags foldmultilines=false
 #1: stderr all=off uptime,level,tags foldmultilines=false

Environment Variables:
PATH=C:\Program Files\Common Files\Oracle\Java\javapath;C:\Program Files\nodejs;C:\Program Files\nodejs\;C:\WINDOWS\system32;C:\WINDOWS;C:\WINDOWS\System32\Wbem;C:\WINDOWS\System32\WindowsPowerShell\v1.0\;C:\WINDOWS\System32\OpenSSH\;C:\Program Files (x86)\Microsoft SQL Server\160\Tools\Binn\;C:\Program Files\Microsoft SQL Server\160\Tools\Binn\;C:\Program Files\Microsoft SQL Server\Client SDK\ODBC\170\Tools\Binn\;C:\Program Files\Microsoft SQL Server\160\DTS\Binn\;C:\Program Files (x86)\Microsoft SQL Server\160\DTS\Binn\;C:\Program Files\Microsoft SQL Server\150\Tools\Binn\;C:\Program Files\Microsoft SQL Server\130\DTS\Binn\;C:\Program Files\Microsoft SQL Server\140\DTS\Binn\;C:\Program Files\Microsoft SQL Server\150\DTS\Binn\;C:\Program Files\Git\cmd;C:\Users\Hansana Mihiran\AppData\Local\Programs\Eclipse Adoptium\jdk-21.0.7.6-hotspot\bin;C:\Program Files\MySQL\MySQL Shell 8.0\bin\;C:\Users\Hansana Mihiran\AppData\Local\Microsoft\WindowsApps;C:\Users\Hansana Mihiran\AppData\Local\Programs\Microsoft VS Code\bin;C:\Program Files\JetBrains\IntelliJ IDEA 2025.1\bin;;C:\Users\Hansana Mihiran\AppData\Roaming\npm
USERNAME=Hansana Mihiran
OS=Windows_NT
PROCESSOR_IDENTIFIER=Intel64 Family 6 Model 140 Stepping 1, GenuineIntel
TMP=C:\Users\HANSAN~1\AppData\Local\Temp
TEMP=C:\Users\HANSAN~1\AppData\Local\Temp




Periodic native trim disabled

---------------  S Y S T E M  ---------------

OS:
 Windows 11 , 64 bit Build 22621 (10.0.22621.4974)
OS uptime: 1 days 0:45 hours
Hyper-V role detected

CPU: total 4 (initial active 4) (2 cores per cpu, 2 threads per core) family 6 model 140 stepping 1 microcode 0xa6, cx8, cmov, fxsr, ht, mmx, 3dnowpref, sse, sse2, sse3, ssse3, sse4.1, sse4.2, popcnt, lzcnt, tsc, tscinvbit, avx, avx2, aes, erms, clmul, bmi1, bmi2, adx, avx512f, avx512dq, avx512cd, avx512bw, avx512vl, sha, fma, vzeroupper, avx512_vpopcntdq, avx512_vpclmulqdq, avx512_vaes, avx512_vnni, clflush, clflushopt, clwb, avx512_vbmi2, avx512_vbmi, hv, rdtscp, rdpid, fsrm, gfni, avx512_bitalg, f16c, cet_ibt, cet_ss, avx512_ifma
Processor Information for the first 4 processors :
  Max Mhz: 2995, Current Mhz: 2995, Mhz Limit: 2995

Memory: 4k page, system-wide physical 3790M (66M free)
TotalPageFile size 15566M (AvailPageFile size 46M)
current process WorkingSet (physical memory assigned to process): 73M, peak: 78M
current process commit charge ("private bytes"): 186M, peak: 186M

vm_info: OpenJDK 64-Bit Server VM (21.0.6+7-LTS) for windows-amd64 JRE (21.0.6+7-LTS), built on 2025-01-21T00:00:00Z by "admin" with MS VC++ 17.7 (VS2022)

END.
